logFC logCPM PValue FDR
VIT_14s0108g00810 14.39122296806 8.58734052231734 2.53784312430459e-72 6.03702122409575e-68
VIT_19s0014g01350 6.80708394365268 7.58801927230502 2.01440648210028e-44 2.39593506981007e-40
VIT_04s0044g01740 5.54947887421411 4.66797294056493 1.76127491107711e-23 5.98531536924318e-20
VIT_18s0164g00100 6.32660720065824 5.6539385679855 2.25902247180924e-18 4.13366358149216e-15
VIT_04s0008g01220 4.46967542440265 4.38275267631687 3.51803478252376e-17 4.92276537686325e-14
VIT_14s0128g00020 1.6623951132345 5.63570281516586 8.91823219979745e-17 1.17859393093768e-13
VIT_13s0067g03200 4.19761371980858 5.37365302194502 1.16792082720071e-16 1.38912503187253e-13
VIT_00s0480g00060 6.1923600036499 3.6222371025301 1.39722909646355e-15 1.5827278926988e-12
VIT_07s0031g02140 2.18597631683065 5.54792853811683 1.78744474673606e-15 1.84868415805902e-12
VIT_08s0105g00400 3.25987370164586 3.82143323874018 7.18195189446675e-15 6.69208427671701e-12
VIT_13s0158g00380 1.98090744260273 3.9411450008812 7.47989843472681e-15 6.69208427671701e-12
VIT_06s0004g02580 2.26999296476098 5.03484098457171 7.59569007362365e-15 6.69208427671701e-12
VIT_11s0052g01120 4.65685625266618 3.64373488337023 8.24048341592611e-15 7.00087926778751e-12
VIT_14s0066g01950 13.8836584270152 2.50027569583076 2.27570762761261e-14 1.86670803605685e-11
VIT_03s0038g00450 1.83335842474501 7.534688096394 2.80642869548614e-14 2.15352663897498e-11
VIT_06s0004g02680 3.64229530688637 5.52728449024576 7.50932949095112e-14 5.35724973394192e-11
VIT_10s0116g00560 5.69634601187931 6.93294314772864 7.6570746155215e-14 5.35724973394192e-11
VIT_13s0074g00690 3.43310458318564 4.83728587188783 8.72657106086869e-14 5.76632423322068e-11
VIT_14s0108g00760 4.24900810751198 3.47191764162774 1.79243504813772e-13 1.09329345961795e-10
VIT_08s0040g01510 4.84138325650364 1.0088599357881 4.809250590546e-13 2.54227673439796e-10
VIT_03s0038g03180 3.67003905219841 2.29830377108964 9.03535907345315e-13 4.57304514126178e-10
VIT_11s0065g00130 4.39094328670181 5.73199023771798 9.81610152308012e-13 4.86469631314646e-10
VIT_19s0014g01940 2.61465183413824 5.85396211414426 2.14990711424061e-12 9.64943215727466e-10
VIT_11s0016g03500 4.77548815074391 2.73033784418156 2.49383810355093e-12 1.09858186680129e-09
VIT_07s0005g01130 8.63788584025642 1.20666642957303 2.69927845232804e-12 1.1674624695269e-09
VIT_08s0007g05550 2.34763477232478 6.11211811893443 6.64395673796271e-12 2.72493867039064e-09
VIT_09s0002g05180 2.67294898777957 6.87589720092709 6.87787074761568e-12 2.77306422617427e-09
VIT_01s0011g00560 3.86058165173217 8.14223148125952 1.16981161474215e-11 4.63791311524769e-09
VIT_01s0011g01740 4.27024309668132 3.06898456917335 1.45913261026805e-11 5.59836234404137e-09
VIT_13s0158g00080 5.92289053064077 3.54584842931244 1.52414310292437e-11 5.7549708146611e-09
VIT_06s0004g00890 1.6465579262857 5.3019922286404 2.74352043088197e-11 1.00404406168954e-08
VIT_10s0003g04540 3.28984628512701 5.7821522820191 3.68078985011929e-11 1.32664589325209e-08
VIT_10s0003g01280 3.05215037065363 3.62825514372304 4.07467305779692e-11 1.44669138356527e-08
VIT_10s0116g00430 2.10446208856422 2.90546381301043 4.53683277503147e-11 1.56408953699201e-08
VIT_12s0028g00270 3.70964783974473 2.58374495984987 6.11020128600079e-11 2.04717560832939e-08
VIT_18s0001g08060 6.96421840735838 6.64980698552828 7.0170123510637e-11 2.31834291398755e-08
VIT_18s0076g00360 2.34975883078263 7.09144836437194 7.12998473542508e-11 2.32339831351085e-08
VIT_17s0000g07790 1.93106207934997 5.03251512423752 7.24457021247229e-11 2.32883562451744e-08
VIT_17s0000g10110 3.67340030984188 0.733195259350639 4.7434007568592e-10 1.44257359342668e-07
VIT_01s0011g04190 4.76726749533453 0.713270946904655 4.79079005720144e-10 1.44257359342668e-07
VIT_03s0017g01690 2.03940556057348 8.6895244309635 5.58726886014532e-10 1.65602125654719e-07
VIT_08s0007g07880 2.16548739548098 4.83156143418292 5.63888186397859e-10 1.65602125654719e-07
VIT_18s0041g00430 1.77692064417014 9.14526504932985 7.62200146431092e-10 2.1844839859401e-07
VIT_14s0006g03260 2.60976595056831 2.78063341432926 8.01322646516706e-10 2.2425721312164e-07
VIT_08s0058g00450 5.45558754337953 5.8532084228276 1.0024765497718e-09 2.77289676348508e-07
VIT_03s0017g01290 3.96471398098288 3.00720403651716 1.08294367805849e-09 2.89450159703993e-07
VIT_11s0149g00050 2.02443635959379 6.04153002211408 1.51261511893421e-09 3.86904176873193e-07
VIT_06s0004g02830 2.97005112516828 4.98978356928329 1.5325642019504e-09 3.87836566340383e-07
VIT_07s0005g03610 7.29236256798556 -1.0338197464805 1.55601323998645e-09 3.89625715292607e-07
VIT_02s0012g00360 2.45948265437425 3.60815161174478 1.66424581359242e-09 4.12386243893088e-07
VIT_05s0049g01120 4.02261713490297 3.19026829215335 1.72808472699333e-09 4.23790510162033e-07
VIT_04s0008g06330 2.16086637213877 5.81555886706885 1.93352186533643e-09 4.66695427161679e-07
VIT_08s0007g08230 1.96964317378364 3.69586014757713 1.94227540310266e-09 4.66695427161679e-07
VIT_13s0067g02050 6.15561766442634 3.27360506247878 2.14011722713905e-09 5.04050580189937e-07
VIT_01s0010g00060 2.22518107646251 6.70418990838628 2.50027576532533e-09 5.77442329180184e-07
VIT_18s0001g02300 2.26404937439289 5.87757972746772 2.52721696970453e-09 5.7805228149357e-07
VIT_12s0134g00240 3.74609833550489 4.97115461775863 2.62034998296638e-09 5.93646527569565e-07
VIT_14s0171g00040 4.51011910060804 0.525819886508131 3.01895302001997e-09 6.77498626794669e-07
VIT_05s0049g00310 2.99388514927286 2.46270152246294 3.09065833212252e-09 6.87108228079725e-07
VIT_09s0002g04300 1.95981095804359 8.15523119156929 3.27662447043129e-09 7.21706878727958e-07
VIT_15s0046g00240 6.17576772785291 4.3004903279027 3.45392993447479e-09 7.46928048011693e-07
VIT_09s0018g01340 8.19243809552069 1.34934634973826 5.5090870109199e-09 1.13956662448489e-06
VIT_13s0019g03810 7.36813031901315 -1.43325467483662 5.70114154581638e-09 1.16912719906793e-06
VIT_11s0016g04960 2.9304857345527 3.53645723005733 6.03832760698378e-09 1.22769006081137e-06
VIT_13s0084g00880 2.15840071868929 1.46018347650387 7.99793888115552e-09 1.58545808420773e-06
VIT_07s0130g00400 1.91232256799827 6.26573877085098 8.17250504249858e-09 1.60667396653683e-06
VIT_00s0480g00070 4.0844821868522 5.91282320088472 1.00940633296463e-08 1.95217543484249e-06
VIT_19s0014g02390 2.21962232644589 5.46412992626469 1.07499399423727e-08 2.06225460765454e-06
VIT_01s0011g00530 1.94538837410105 4.02200845084692 1.11281889080268e-08 2.11773886195314e-06
VIT_01s0011g03680 1.8151058089725 6.35700172377143 1.17610762122852e-08 2.20293292077039e-06
VIT_17s0000g09190 3.90244544024073 6.31977615469014 1.25799376484794e-08 2.3379027873596e-06
VIT_18s0122g00420 9.91219851322482 2.0241639116751 1.32373762052061e-08 2.44101321836777e-06
VIT_07s0104g01720 6.64083380953663 0.269747455984724 1.49752563196858e-08 2.6987227070658e-06
VIT_15s0045g00440 3.32000113092558 0.590507895081401 1.56322890187462e-08 2.77508127744728e-06
VIT_16s0013g01120 2.57134512183985 5.48482009845496 1.79355099686097e-08 3.11423292798021e-06
VIT_09s0018g01360 8.51606675056526 0.173824061808465 1.85236107831116e-08 3.19304096600478e-06
VIT_06s0004g07090 1.98648640086257 4.13756128461949 2.54352584639864e-08 4.26094315733316e-06
VIT_06s0004g00740 2.12684354517052 3.6631489414491 2.68943063685088e-08 4.44278999926449e-06
VIT_02s0025g01170 1.95543122860718 5.69162372514819 3.12161128599285e-08 5.01735738318905e-06
VIT_19s0090g01350 7.91709591989677 12.2439852908627 3.37526769642469e-08 5.38864885654702e-06
VIT_06s0080g00150 5.09628623870457 4.32438029227177 3.78520616530849e-08 6.00283228402388e-06
VIT_00s0264g00050 2.18876588248245 5.72277245843371 3.93632094640895e-08 6.20084114259509e-06
VIT_09s0002g04940 6.35728223315201 1.56360123187772 4.21618493306517e-08 6.55520308416694e-06
VIT_04s0023g03470 3.0497107366677 5.30779426749738 4.50807648071515e-08 6.96351450150987e-06
VIT_00s0662g00040 2.2962428495184 6.40083210138422 4.59994182398226e-08 7.05957523283162e-06
VIT_04s0008g01580 7.80112376516386 4.80265127779937 5.04609961124024e-08 7.64564443007534e-06
VIT_10s0003g04180 1.68099317503005 8.74868597657549 5.13649831791104e-08 7.6888885328874e-06
VIT_06s0004g06850 3.53642698086299 4.27985648660962 5.13928567651377e-08 7.6888885328874e-06
VIT_17s0000g09770 6.81865765371526 5.65690872136684 5.69640791954447e-08 8.37496868383486e-06
VIT_15s0024g00050 1.67915859667051 4.98542245243529 5.70348464259815e-08 8.37496868383486e-06
VIT_03s0088g00150 9.82030627252167 -1.3659620501255 6.35797301918706e-08 9.11105193857962e-06
VIT_08s0007g00250 2.13662308037585 2.35331594880695 6.83168726037522e-08 9.67334384225034e-06
VIT_13s0067g00260 3.49971980784521 7.22074185167246 6.93838557305165e-08 9.76629088826939e-06
VIT_08s0058g01100 2.64952454936699 4.28800321331094 7.4922138683052e-08 1.04225019590201e-05
VIT_00s0415g00070 1.84875552305837 5.87886374351777 8.0359904046892e-08 1.09998093244492e-05
VIT_06s0004g04180 4.76334874204477 5.78820211858213 8.04593417880511e-08 1.09998093244492e-05
VIT_15s0048g00950 2.22079042886622 2.1266918930702 8.22918411121681e-08 1.1122490433956e-05
VIT_09s0002g00570 4.12400416257239 4.77418315152939 8.79250311049766e-08 1.16846963124312e-05
VIT_05s0020g04510 1.50089493309201 8.98695826175289 9.43275914499238e-08 1.23289271725867e-05
VIT_04s0023g02840 2.88663658109158 3.29296593593272 1.06922000817899e-07 1.38231551926967e-05
VIT_08s0007g08520 3.06438335057756 3.80791687356124 1.09827583919906e-07 1.40970355525294e-05
VIT_11s0016g01810 5.43263357511334 6.26621681687508 1.1297151647716e-07 1.43523425421445e-05
VIT_16s0098g01000 4.18138919536075 4.07077460733423 1.2949888437473e-07 1.61019472121938e-05
VIT_02s0033g00520 1.82119388821649 4.90738314629069 1.30640483098764e-07 1.61019472121938e-05
VIT_00s1306g00020 1.73742453952354 4.28219783057854 1.3276996925012e-07 1.6265737505906e-05
VIT_02s0025g04460 8.94740814821802 3.74334630040268 1.34048892459953e-07 1.6265737505906e-05
VIT_00s0304g00070 2.45177662004953 5.15911763464403 1.34498879843542e-07 1.6265737505906e-05
VIT_02s0154g00410 1.93159142507586 3.65015652468509 1.36629272079644e-07 1.64148339607605e-05
VIT_00s0353g00020 2.60340026893467 0.156597685544772 1.39346207068851e-07 1.66571234862001e-05
VIT_00s0203g00140 2.43937676626382 5.31157303560349 1.40231204225997e-07 1.66790994306401e-05
VIT_13s0019g01980 1.67625199761942 6.95284633716418 1.41506542688974e-07 1.67470529228125e-05
VIT_11s0016g03590 2.79004459474913 3.36434866532906 1.46250587374449e-07 1.70215278734917e-05
VIT_18s0117g00360 3.73253178788704 4.07604264232403 1.46687960907424e-07 1.70215278734917e-05
VIT_07s0031g02250 1.85895722254879 4.69001281853543 1.51103525960322e-07 1.73745363898758e-05
VIT_09s0002g03610 2.42325125263912 5.88023406652008 1.67195729842552e-07 1.8849535646894e-05
VIT_17s0000g03270 1.54539976353542 4.2543036849372 1.72126999250347e-07 1.92232725735551e-05
VIT_11s0052g00120 4.0070251121941 0.301078014915721 1.84762618605064e-07 2.03478387563763e-05
VIT_18s0001g01130 3.23990367134607 10.2328929967311 1.88981929173915e-07 2.06607773840939e-05
VIT_09s0002g00810 1.51810605129447 5.74610103296972 1.89341242211723e-07 2.06607773840939e-05
VIT_07s0005g05980 4.98767629919679 1.64630757355456 1.91224696061795e-07 2.07564782848793e-05
VIT_06s0009g00880 1.57885621106536 5.9917555326254 1.97170063475344e-07 2.11273940087904e-05
VIT_15s0048g01470 5.10648010419789 -2.40193332907102 2.65209557339727e-07 2.73108439393828e-05
VIT_15s0046g02050 1.87380780864865 3.38632961232807 2.67413418381912e-07 2.7419096536504e-05
VIT_04s0008g02090 2.12723358422043 5.0901284285905 2.87240412272466e-07 2.90760635197337e-05
VIT_05s0020g01830 3.528079677985 6.37182601327821 2.92914946989553e-07 2.93862418447715e-05
VIT_18s0001g15390 6.36734751733063 2.67118763240462 2.94831888554128e-07 2.93862418447715e-05
VIT_07s0005g02110 2.24273963346178 6.57012226709401 3.05841696031572e-07 3.01882251668009e-05
VIT_07s0191g00080 2.15354263213041 6.93348200194141 3.09912145975074e-07 3.04635955721284e-05
VIT_07s0031g01250 1.68748217810007 3.43531683940368 3.25086709079374e-07 3.16932894900826e-05
VIT_16s0013g00950 3.90462873495529 3.28017244628423 3.37460239623512e-07 3.26657756812262e-05
VIT_05s0049g00370 9.66919846773883 -1.1982252131338 3.4316397588936e-07 3.30493306010368e-05
VIT_03s0063g00460 8.79506062739725 3.38987460686344 3.71452400082069e-07 3.5203624275507e-05
VIT_14s0108g00030 4.24765685358035 -0.598047922706924 3.99545472650941e-07 3.75667498158916e-05
VIT_11s0037g00650 7.0042644342009 0.391729555151244 4.47821722127316e-07 4.14505179998622e-05
VIT_15s0046g00100 1.97124143213634 3.2306903128318 4.50286907955973e-07 4.15171510327778e-05
VIT_05s0077g01650 9.90382858728744 2.12751084778422 4.58953269083301e-07 4.21528199419056e-05
VIT_06s0080g01090 3.23272954296612 5.58856354799862 5.1457584906741e-07 4.61914350853417e-05
VIT_13s0067g02190 1.79820591978724 6.80693576352917 5.2133745251323e-07 4.6338790862148e-05
VIT_13s0067g00860 2.29889794787014 4.39431908800475 5.48979723505929e-07 4.83671468991076e-05
VIT_04s0023g03530 7.46201461643303 -0.82415072966444 6.00169778427818e-07 5.2488377533974e-05
VIT_13s0084g00810 1.77083124020094 3.47916789773123 6.24744805978018e-07 5.42387935934493e-05
VIT_13s0074g00730 3.52028526191337 3.99996829607695 6.28708932162846e-07 5.43844657392355e-05
VIT_07s0005g02750 9.64609329087601 -0.535915323461823 6.38318193411459e-07 5.50156274814195e-05
VIT_15s0024g00740 4.00347461180282 0.939725558532867 6.5076386103672e-07 5.57181993547275e-05
VIT_14s0083g01070 3.09764201925435 -0.022336970450746 6.51154339188425e-07 5.57181993547275e-05
VIT_05s0077g01970 2.86134241271309 6.7265091648171 6.60624824486216e-07 5.63259617379144e-05
VIT_04s0008g01380 2.87003928037012 7.38040613846915 6.91310773153922e-07 5.83152506091685e-05
VIT_19s0014g03240 3.2960806985977 4.99191966704722 6.97451688078866e-07 5.8625373696184e-05
VIT_12s0134g00030 7.52966247318635 1.36069587808723 7.29187563534483e-07 6.06500481166374e-05
VIT_05s0029g01580 4.49358611587494 -1.11326423348272 7.45260078557311e-07 6.11318853404183e-05
VIT_17s0000g02050 4.32941005217247 3.42189743863773 8.18123259541214e-07 6.68780621923244e-05
VIT_12s0035g00470 2.03566306344607 2.87344062125692 8.95747268181727e-07 7.22306305610404e-05
VIT_07s0031g00680 1.56103775356807 3.9580878565016 9.10249144530168e-07 7.29057462965779e-05
VIT_18s0001g12680 2.67175437226329 8.04567362529368 9.14146067918947e-07 7.29721700122681e-05
VIT_07s0104g01730 4.64393595227708 6.77451631599825 9.6601797627837e-07 7.63443043844182e-05
VIT_19s0027g00320 2.64714802213708 0.234861483227341 9.9931554331552e-07 7.81964412644395e-05
VIT_14s0066g01090 9.74214762520946 1.6784139920258 1.09401456657758e-06 8.47700928656267e-05
VIT_14s0066g00610 2.65862325814329 8.66817014848634 1.17912444024423e-06 8.98704243707892e-05
VIT_04s0008g02230 8.88879618555225 -0.0232027971036227 1.19368910950948e-06 9.0180037700997e-05
VIT_08s0040g01860 2.6233291975841 5.15245069266462 1.19416142070851e-06 9.0180037700997e-05
VIT_13s0067g01840 1.65979896351351 7.92429852020289 1.21978890827452e-06 9.15353687573459e-05
VIT_08s0007g07980 3.68624058152926 -0.716891921235589 1.21980460299641e-06 9.15353687573459e-05
VIT_05s0102g01090 2.61935930775143 0.876740516574576 1.23862934871259e-06 9.26557073810536e-05
VIT_08s0058g01090 2.0924419103423 5.00098957450064 1.40984653583657e-06 0.000103831050756905
VIT_13s0019g02040 1.90616219846749 5.04595393608675 1.42012481393042e-06 0.00010426521319067
VIT_01s0011g05670 3.7365570226662 5.57919826187885 1.43320636499677e-06 0.000104695278824891
VIT_16s0022g02070 2.32665517909962 4.7318857411198 1.49007273395647e-06 0.000108397095398644
VIT_10s0003g00090 2.04675798209253 8.5685428528263 1.50951992471968e-06 0.000109477012101316
VIT_06s0004g06560 5.10838638054459 1.62220043183227 1.54596012265912e-06 0.000111440301205501
VIT_05s0020g04810 4.82613596072437 0.110597677344068 1.55380582888604e-06 0.000111667471472934
VIT_19s0093g00400 2.07682565465116 2.96904420924568 1.62544964296402e-06 0.000115421480915905
VIT_05s0102g01080 2.23357465255832 1.71851148711213 1.67219545996634e-06 0.000118036159055428
VIT_11s0016g05370 2.39069690725335 -1.45650417216321 1.79860332405009e-06 0.000125838752566187
VIT_13s0019g01130 4.70638906153082 5.24423287244901 1.86371021940596e-06 0.000129631399705348
VIT_14s0108g00800 7.60372233979784 1.20434284875298 1.87856586523214e-06 0.00013028374577884
VIT_19s0015g00020 2.30229057708064 6.15233483516523 1.8924157322889e-06 0.000130862748371187
VIT_03s0063g00450 7.38783346303851 1.03555308399963 2.16108700349898e-06 0.00014772395873343
VIT_08s0007g01360 3.60217335616356 5.04249209198642 2.22034992330012e-06 0.000150907668501323
VIT_14s0006g00180 3.18331530876782 6.19830161465058 2.23174052884555e-06 0.000151219865179889
VIT_08s0007g02760 2.2354412768271 5.33427707966914 2.25604966602627e-06 0.000152030904972898
VIT_09s0002g08090 1.72209047078585 4.84126782985057 2.37181409019392e-06 0.000158931587542346
VIT_03s0180g00290 7.69114425812743 -1.30974101781722 2.4249800199444e-06 0.000161583822729516
VIT_00s0225g00010 1.6244318882231 6.73085130818582 2.55445251039493e-06 0.000169099961740084
VIT_08s0007g02100 4.28238739143726 2.36290370545428 2.62077770432081e-06 0.000172218397873988
VIT_10s0116g00250 2.95621635250832 2.13207697042161 2.67857445987271e-06 0.00017553148554119
VIT_01s0127g00590 3.55532215889981 6.99857990517676 2.7407905863236e-06 0.000178549422199287
VIT_17s0000g04540 1.78646652106503 5.38680026422599 2.88696506038693e-06 0.000184610550689474
VIT_00s0353g00060 2.1285584837281 3.8323640707149 2.89802038889691e-06 0.000184820667590026
VIT_09s0002g07840 2.87811727801521 1.66856379472471 3.01774451868333e-06 0.000190414075889759
VIT_00s0317g00110 3.32917579355827 5.38356319138119 3.23884882917898e-06 0.000202219779392414
VIT_10s0116g00810 2.74234212188396 1.03189824251015 3.30938280844226e-06 0.000205256118271509
VIT_05s0029g00390 1.74647541332862 5.05895938212501 3.41635966925343e-06 0.000208916102344989
VIT_13s0019g00770 10.5757460456535 -1.14624732133935 3.42780909928981e-06 0.000209078776548477
VIT_01s0011g01140 1.54096845216531 6.13651568534475 3.62682817597226e-06 0.000218972052411239
VIT_11s0149g00210 4.18296030215378 -0.557384751660164 3.76351203680579e-06 0.000226076829120041
VIT_04s0044g00360 5.37713660951239 1.05868653491742 3.91180147665829e-06 0.000233320877742644
VIT_11s0016g00670 8.44675565913527 0.714657166632247 4.03953519131087e-06 0.000239632077633175
VIT_13s0156g00420 1.70665772973155 1.43720118461012 4.12194344914032e-06 0.000243912414846144
VIT_10s0116g00020 1.56364367332519 3.46837908167057 4.18002075604978e-06 0.000246735319466283
VIT_08s0032g01150 2.38483437873194 6.42353496414073 4.37842197192436e-06 0.000257806687792417
VIT_07s0141g00030 8.38343939776707 -0.967573876462989 4.412548432296e-06 0.000259174573104833
VIT_03s0088g00160 8.03299169654583 -1.01229940641434 4.44281102979885e-06 0.000260309331962697
VIT_05s0020g02710 1.68679462484195 2.84622682592044 4.55725956208575e-06 0.000263982499455083
VIT_04s0023g01330 3.73581416160637 2.1576695382909 4.89721511111807e-06 0.000281388775515161
VIT_05s0077g00840 3.94094553404713 -1.01072344801492 5.242071279288e-06 0.000297609526471845
VIT_01s0127g00540 2.83439215737246 7.99920581457482 5.30174446979229e-06 0.000299567452369166
VIT_05s0020g02310 3.6807334970271 5.85598266824455 5.97792928009011e-06 0.00033138768037142
VIT_18s0001g11620 3.04131844385928 2.52704318809507 5.9902767176606e-06 0.00033138768037142
VIT_16s0100g00400 4.3029494664295 5.50491437599856 6.27657758557065e-06 0.000344820387079803
VIT_11s0118g00250 1.95128767195016 5.78318562417754 6.78670053198902e-06 0.000370279890493016
VIT_18s0001g05710 1.90179330502016 4.00335407130848 6.81619247717683e-06 0.000371037955714147
VIT_10s0003g02440 7.52085944662771 1.96434404023654 7.11175144801022e-06 0.000384487144193789
VIT_11s0016g04160 4.65402380781572 7.67305316374647 7.2400876673424e-06 0.000388774730091966
VIT_12s0057g00220 1.5220418169829 5.69742166118091 7.34946085731777e-06 0.000393758952418638
VIT_19s0014g04980 2.39599238019885 4.79618146669564 7.4422383454574e-06 0.00039667780222486
VIT_14s0006g02910 1.53570538409388 6.45572564644828 7.50422988739867e-06 0.000398461206610356
VIT_05s0077g02350 2.61296942533158 5.19508814430715 7.55780386489897e-06 0.000400412112111841
VIT_00s0975g00010 3.07914170817347 0.749556104642603 7.69117930730667e-06 0.000404250592881457
VIT_17s0000g02500 2.47882595910088 1.59976986642018 7.69315675720567e-06 0.000404250592881457
VIT_04s0079g00810 3.35081540581147 6.31688125071014 7.69823098096939e-06 0.000404250592881457
VIT_16s0050g01700 1.86601290771533 3.94846018228324 7.9127543413832e-06 0.000411878775214056
VIT_02s0025g02490 3.60747888321225 5.06292364826565 8.08918352883119e-06 0.000419227664017072
VIT_06s0004g06840 2.37809390346196 5.6511215123364 8.15678146803679e-06 0.000420897001218349
VIT_07s0141g00600 1.72691822303476 5.44417124158995 8.29529696533625e-06 0.000426195516655332
VIT_09s0002g08300 3.05425267131273 1.63108581450534 8.38660121683428e-06 0.000428571335334816
VIT_06s0004g08070 1.55603539955953 3.02406474600724 8.39558778653205e-06 0.000428571335334816
VIT_03s0038g01510 2.54299508450261 7.30602484840816 8.45923757402372e-06 0.000430895810301662
VIT_18s0041g00230 2.69455018899285 0.358323641427234 8.52500213194491e-06 0.00043331784340749
VIT_18s0001g09230 3.28135457219785 6.45619143488636 8.83164441079006e-06 0.000447947030370734
VIT_12s0034g01870 4.17070597805172 6.07301149884528 9.25207294825538e-06 0.00046334381324863
VIT_18s0001g11110 7.50304075541547 -1.57603613046671 9.75214360422467e-06 0.000481330529901108
VIT_05s0062g00720 2.07056006899188 3.55059782907491 9.88179355285356e-06 0.000485677902965455
VIT_01s0011g04550 2.67095517355267 5.15336099953808 1.02867690384117e-05 0.000503214438638487
VIT_12s0028g01030 4.12131133849129 1.86663096512465 1.03020611912285e-05 0.000503214438638487
VIT_15s0048g02480 4.56654620056984 1.74094564128227 1.03625131495173e-05 0.000503978496506107
VIT_11s0052g01060 2.5979451297378 -1.68256627609106 1.04051873501531e-05 0.000504111194878701
VIT_07s0095g00080 3.00613437742288 -1.59952717257279 1.12103137685859e-05 0.00053441070927279
VIT_08s0032g00470 1.87339859097159 5.70968802313478 1.15247579457314e-05 0.00054395028177194
VIT_14s0030g00260 5.85071957164732 1.02129035501518 1.1767455283067e-05 0.000551031941483458
VIT_17s0000g06710 1.74352309137818 5.0342285472271 1.21783233185646e-05 0.000566923591197682
VIT_19s0093g00350 2.92343979203339 3.27358370762968 1.24671985222387e-05 0.00057891896194995
VIT_11s0016g05000 4.77328724446479 3.80738692031482 1.24846740995596e-05 0.00057891896194995
VIT_14s0083g00320 2.1586268453086 6.70229989136397 1.25725364957202e-05 0.000581858945836951
VIT_09s0002g03690 2.26934674543357 6.7122326289512 1.27662823680422e-05 0.000587254679697745
VIT_19s0090g01370 7.04402454712167 12.8429893093163 1.27953048082124e-05 0.000587254679697745
VIT_06s0004g01870 1.66179807849385 3.7880065669363 1.28125600623478e-05 0.000587254679697745
VIT_04s0008g00960 2.42776342221313 3.39622620825713 1.28659481420769e-05 0.000588127394730956
VIT_13s0019g00410 4.20221685938866 -0.949381227275735 1.28810481190024e-05 0.000588127394730956
VIT_15s0046g00230 5.2922561135646 1.56219463923599 1.29696148010086e-05 0.00059103677564443
VIT_06s0080g00780 4.68927132631582 1.82126473215634 1.31358634489842e-05 0.000594386316299448
VIT_19s0093g00550 2.69050361279896 4.99428880022523 1.31430638293892e-05 0.000594386316299448
VIT_14s0066g02350 4.40728361485079 4.30745018776497 1.34015455392593e-05 0.000604116997480534
VIT_17s0000g08230 1.61813623711316 5.45968398690352 1.36166024703477e-05 0.000608856653316974
VIT_00s2349g00010 1.66103032384615 6.68780786658252 1.38034156432937e-05 0.000613748880976954
VIT_03s0063g00860 1.67187908277839 7.3777556849169 1.43932690089597e-05 0.000634104841729552
VIT_16s0022g00940 5.7784725909471 -0.916702763429741 1.47015842578384e-05 0.000641690433624698
VIT_11s0016g04040 1.69220865667304 4.86169185160537 1.48228017451913e-05 0.00064461573658978
VIT_03s0038g01390 3.09324916871585 -1.64074002692602 1.54261495352123e-05 0.000665814367205833
VIT_13s0158g00090 3.99662636902599 4.96749527955251 1.54502072766781e-05 0.000665814367205833
VIT_02s0025g03640 3.27630792042935 -0.639069287440544 1.56136569624051e-05 0.000671641359532897
VIT_05s0020g04400 4.92880231244115 0.288392467981724 1.56824578996925e-05 0.000673383228371633
VIT_18s0001g09240 5.5370821463392 -0.529529795530023 1.57191027229805e-05 0.000673740568602273
VIT_01s0011g01560 6.14330743961843 0.621398315644999 1.58967714053255e-05 0.000675272139624793
VIT_09s0018g00540 2.3615129352258 0.422670855919257 1.59793095110821e-05 0.000676362659518898
VIT_00s2527g00010 2.53917923144407 3.91775309817647 1.6376772897113e-05 0.00068815426003243
VIT_04s0023g03460 4.20598934892645 -0.270920312078938 1.64120967774563e-05 0.00068815426003243
VIT_11s0037g01080 3.43916821644788 0.685528008352164 1.67204413933842e-05 0.000694146352296378
VIT_06s0004g06110 1.55750231835871 5.47613094207402 1.68163271638111e-05 0.000695698766213459
VIT_03s0038g02090 1.97652520745277 5.90859051674926 1.74135853735835e-05 0.000714188860417807
VIT_06s0061g01430 1.88594919517447 2.97640804329325 1.74691675492624e-05 0.000714188860417807
VIT_08s0040g02600 2.9788356031251 2.78205485286823 1.77121506524389e-05 0.00072023357217131
VIT_17s0000g04570 4.16457701009369 -1.25329307853482 1.8278146253088e-05 0.000736322895048808
VIT_02s0154g00090 2.19878368308331 6.09943961938228 1.85839531879822e-05 0.000745489171055178
VIT_13s0064g00760 10.4456857272809 -1.34714837329246 1.87735558369265e-05 0.000749188704123975
VIT_14s0006g01610 2.76226664049477 1.3798467508424 1.88272702883102e-05 0.000749188704123975
VIT_12s0034g01520 3.37808875160735 -0.782923406182368 1.88336491115746e-05 0.000749188704123975
VIT_08s0040g01820 4.37560538215074 6.75707258408305 1.92142479569257e-05 0.000760513361729365
VIT_16s0013g00970 2.92736613328564 2.71399428471991 1.93744876924797e-05 0.000763921666563445
VIT_03s0180g00070 1.60886015536651 10.5152259769394 1.93966994536876e-05 0.000763921666563445
VIT_05s0020g00310 3.47472425243657 2.7513609045616 1.9435526378767e-05 0.000764185622310926
VIT_07s0141g00360 2.85366901938993 5.92012054605644 2.00162696052577e-05 0.000783136548305706
VIT_15s0046g02010 1.54408467727739 6.13111219504391 2.00505499091592e-05 0.000783189624366304
VIT_14s0066g02510 2.16299567348988 0.379608543853359 2.03388739051679e-05 0.00079314939746907
VIT_03s0063g01560 2.83006767699346 2.78443203610425 2.05782260327228e-05 0.000797366688697327
VIT_18s0001g14980 3.06460831114382 3.24568744063531 2.08006234842223e-05 0.000803255245848506
VIT_00s0194g00180 4.11006645113656 -0.544750100324468 2.0921332089149e-05 0.000806607208649396
VIT_08s0040g02190 3.77137933270849 3.17168394133881 2.12151441585139e-05 0.000813977176197948
VIT_12s0035g00110 7.92795232137566 -2.21021171022544 2.17397924474027e-05 0.000830090180961181
VIT_12s0028g01390 1.82280516007725 5.86078607483034 2.20289231838263e-05 0.000837099080985399
VIT_18s0122g00320 2.37655021288771 5.02713274617821 2.22680507471119e-05 0.000844836349557093
VIT_01s0011g02790 2.25824818541283 2.56968452760982 2.24522403645735e-05 0.000849115888382312
VIT_17s0000g07950 2.20526154485873 4.42680796908743 2.38550852174327e-05 0.000899310249052756
VIT_13s0064g00080 2.2231272529767 0.709346103521077 2.42381895780873e-05 0.000910166150862854
VIT_07s0104g01710 5.70468051166196 -0.935987744252917 2.42578333465213e-05 0.000910166150862854
VIT_02s0012g01410 1.69375088618801 3.94466752001932 2.45449683817944e-05 0.000919489303726181
VIT_09s0002g04580 2.35972907449751 4.93374683447381 2.49167146849629e-05 0.000929026346278834
VIT_04s0023g03810 4.5137944684221 2.55392855550344 2.57588519914798e-05 0.000955819154981337
VIT_13s0074g00110 2.87366773312761 4.57961867957569 2.59221301190168e-05 0.000958653554083225
VIT_04s0044g00020 3.41284435582923 8.87089721608169 2.63867640356513e-05 0.000971653781548101
VIT_00s0463g00020 2.35909985398177 6.0009395766315 2.74514398202775e-05 0.000999497516137556
VIT_07s0095g00660 3.37729658677328 1.16762669405062 2.75097618385822e-05 0.000999497516137556
VIT_09s0054g00690 9.4259104616034 0.708457455175877 2.75210557032999e-05 0.000999497516137556
VIT_00s0370g00070 2.11041353164664 3.26793773106005 2.77189793023779e-05 0.00100362112579142
VIT_10s0003g00470 6.22683431699611 2.14493667270619 2.80308261340154e-05 0.00101336974479629
VIT_11s0016g01370 1.54497862632298 2.37232340850682 2.95562598507208e-05 0.00106045898842978
VIT_16s0039g02550 1.78618806346805 5.4225677935392 3.26389412550334e-05 0.00114684657987405
VIT_16s0013g01000 2.85890018793109 2.15379996696569 3.28268112210433e-05 0.00115005034657758
VIT_12s0035g00460 1.72793378505178 0.235780656196797 3.29700199614263e-05 0.00115336887476825
VIT_14s0030g02210 1.70532473407672 0.266969509944839 3.36767579128489e-05 0.00116511176750958
VIT_14s0066g02410 1.54175590577286 5.39810784560881 3.40903586059954e-05 0.00117698323732862
VIT_05s0094g00990 2.92290905002753 1.66006717433721 3.41971434788378e-05 0.00117895891170231
VIT_17s0000g00940 3.31710396454536 0.355248050712032 3.4447385832317e-05 0.0011858674590147
VIT_04s0023g02350 9.0475837280276 1.18793893385319 3.52041818006549e-05 0.00120842291006346
VIT_04s0044g01430 1.86960003495154 4.93985206625913 3.57528102954277e-05 0.00122021212526203
VIT_06s0004g02560 10.0888902272254 12.8307831313379 3.60273594693555e-05 0.00122750944486248
VIT_01s0011g02880 1.73576861141599 3.15008790538041 3.67740111635789e-05 0.00124790324901457
VIT_13s0158g00250 1.88097562389885 0.346481378602661 3.71269996191372e-05 0.00125273342828374
VIT_02s0012g01400 1.68670598745757 7.51205866844376 3.74030219001666e-05 0.00125756092428352
VIT_03s0038g01350 2.65211088779605 4.2221476992255 3.7428667159607e-05 0.00125756092428352
VIT_12s0028g03270 2.5065021918869 6.37808077923655 3.87548624126991e-05 0.00129621005133938
VIT_03s0063g00180 2.54720600767065 4.50317357142424 3.92705488692733e-05 0.00131019329102703
VIT_04s0043g01040 2.12621382176203 1.3955084199015 3.9468565554421e-05 0.00131495551457782
VIT_19s0135g00230 1.85170831934845 4.44480518457124 4.00395206080745e-05 0.00132747384390327
VIT_18s0001g03400 3.40239215897758 0.0998503478647407 4.00675222768853e-05 0.00132747384390327
VIT_11s0037g01170 3.63675084911893 2.11628860200158 4.03258129878833e-05 0.00133232005466079
VIT_16s0013g01070 2.98239610588993 1.40945970551946 4.21182312733395e-05 0.00138960954997254
VIT_03s0038g04410 5.03006955354775 -1.01525309005588 4.23264962303846e-05 0.00139454666527478
VIT_18s0001g14270 3.90385680576238 7.87428585472293 4.40150980497239e-05 0.00144617562487132
VIT_06s0061g00590 1.83618057516271 3.77489165519934 4.42239068454783e-05 0.00145103213246929
VIT_16s0013g01500 3.7307234251172 0.204781764562161 4.45853080208039e-05 0.00146087507878634
VIT_03s0038g00340 4.68322579304366 0.0958351929575614 4.59204118061439e-05 0.00149432935163413
VIT_13s0067g00790 2.24817314528718 3.18965540414631 4.628346563727e-05 0.00150273548607466
VIT_16s0013g02160 2.61009219645352 4.83618234318699 4.63050744616079e-05 0.00150273548607466
VIT_02s0012g01380 2.63551104780428 5.23597236748241 4.6877977425564e-05 0.00151718819999907
VIT_11s0149g00060 1.77956619148386 6.85138012913834 4.79719816367721e-05 0.00154419147385052
VIT_01s0127g00300 3.74432396698609 2.30626704352248 4.80585461167207e-05 0.00154488742570885
VIT_11s0016g03760 1.85938621377462 5.52920608631242 4.9739602841126e-05 0.00158457924380435
VIT_15s0045g00370 3.47399662777604 2.12627684074896 4.97596579231799e-05 0.00158457924380435
VIT_15s0024g00060 7.91151079634341 -1.68395726051589 5.15066636619718e-05 0.00162930919573269
VIT_00s0288g00070 3.45248536559581 -0.320107774368596 5.17089201323201e-05 0.00163136842454593
VIT_19s0090g01410 2.08194681076962 -0.1459676805347 5.26586200678931e-05 0.00165038636913708
VIT_07s0031g02770 1.62483559038681 0.707239119357544 5.32988079436267e-05 0.00166387407265484
VIT_13s0156g00460 3.05026438470263 3.46121236397066 5.66013149161817e-05 0.00174861308990406
VIT_02s0025g03170 3.70665733347268 -0.552366561721925 5.72195635670039e-05 0.00176313339136255
VIT_04s0008g05120 1.90218271733353 5.30859203419735 5.82954268101582e-05 0.00178933111349683
VIT_14s0006g02720 1.74141205683634 6.36970444435893 5.90847263447274e-05 0.00180888992315106
VIT_09s0002g03980 1.7284814182365 3.44559043841504 5.9194461726328e-05 0.00180992012280963
VIT_02s0241g00120 1.79426650918181 3.44328007978106 5.98550111363513e-05 0.00182308707415048
VIT_02s0154g00260 2.5265594166085 4.47832708263154 5.99850396026982e-05 0.00182410956756048
VIT_03s0063g01370 3.58910499414713 -0.546071179424294 6.29337168591931e-05 0.0018902364351597
VIT_18s0001g11090 1.58552075461778 4.23559196095074 6.30557919763419e-05 0.00189151472828906
VIT_07s0129g00210 1.67281427700293 4.63123664217285 6.53474447693646e-05 0.00195042034651649
VIT_13s0064g00680 2.17484597360464 3.72286595280795 6.69469701665891e-05 0.00198570389815813
VIT_00s0265g00090 3.51349064788528 4.55218752163714 6.82301437689144e-05 0.00201372042180513
VIT_13s0019g00450 2.87796279330226 1.28075987011397 6.95429539463656e-05 0.00203859778001869
VIT_08s0056g01050 2.42430581125634 3.06085073136492 7.03430184358043e-05 0.00205063691489082
VIT_03s0038g00270 1.52866358969247 4.67629699448494 7.09508735324914e-05 0.00206078068326118
VIT_16s0039g00970 1.90223172407278 4.2845373256853 7.12035405183522e-05 0.00206182881813105
VIT_11s0016g03630 1.68903284395323 8.8180360963272 7.12469853919508e-05 0.00206182881813105
VIT_05s0077g01990 1.90720498957516 5.64708456111979 7.1869227343672e-05 0.00207227294551669
VIT_04s0008g05510 5.05779834762341 4.6383891025758 7.24618289226715e-05 0.00208430711779022
VIT_13s0067g02880 2.10953883676226 -0.0518108738639629 7.28131468056374e-05 0.00208742102185278
VIT_17s0000g03960 5.33306883585908 -0.016385742006546 7.28333381594841e-05 0.00208742102185278
VIT_08s0007g08000 3.01668409176653 4.77162869259306 7.37440505678493e-05 0.00210591053410324
VIT_01s0011g05110 8.69330038329117 12.9316585502373 7.66126725737868e-05 0.00217218385600148
VIT_11s0016g00660 5.99314467263673 3.16563068283336 7.69475801153017e-05 0.00217908218545571
VIT_08s0040g00130 6.83518098006714 0.863541011972733 7.7506433792038e-05 0.00219229851016052
VIT_05s0051g00190 2.08143533352006 0.382585154119514 8.19246898918613e-05 0.00230515564680437
VIT_15s0046g00480 2.56204942301348 5.85678444355947 8.20778053154237e-05 0.00230515564680437
VIT_14s0066g00770 4.60439904883541 -1.05834062650966 8.41433459341899e-05 0.00235205865227087
VIT_18s0001g14260 3.48734539421483 6.42786041605437 8.64544724925146e-05 0.00239974211394625
VIT_05s0020g02200 2.02292891901392 4.37171957919153 8.95585415060529e-05 0.00247723091319301
VIT_04s0023g02290 3.44224181221554 2.73467884653942 9.06273378094807e-05 0.00249652499690699
VIT_00s0203g00220 2.42509457699681 0.917300574892991 9.15346626797449e-05 0.00251434937162329
VIT_18s0122g01430 2.17190639241323 0.176466032434215 9.18505652753729e-05 0.00252011677828209
VIT_08s0007g06080 2.77326164856733 1.43425761518309 9.23068321001404e-05 0.00252971765207159
VIT_10s0116g00930 2.05617359525729 2.23303376808687 9.30829625031663e-05 0.00254287430446556
VIT_10s0003g03030 5.0466692369108 -1.19685316034513 9.3091557347682e-05 0.00254287430446556
VIT_01s0011g02620 4.9135776535515 -0.664442630879369 9.32790164625736e-05 0.00254463445368314
VIT_05s0094g01250 4.41943679374792 2.53842980675839 9.7133067436776e-05 0.00261972948773926
VIT_18s0001g08410 2.25983047212009 1.28459539474767 9.9033254153751e-05 0.0026649355767075
VIT_17s0000g01460 1.74846950005543 5.90512482449886 9.91829606900547e-05 0.00266594832643505
VIT_03s0097g00510 1.69117751514161 5.66911443157644 9.99776975663907e-05 0.00268158261552114
VIT_02s0025g04350 1.61623725604908 6.43237053543059 0.000100991480911028 0.00270538890530577
VIT_17s0000g03720 2.2878907949575 6.53777880901104 0.000101989304932891 0.00272476242259201
VIT_15s0021g02700 6.05883348078661 10.4051932163674 0.000102058320099608 0.00272476242259201
VIT_14s0066g01710 4.28056679535921 4.3061553057402 0.000102529475153544 0.00273121069983483
VIT_11s0016g03170 1.50565996888581 3.84042657844164 0.000102829236015773 0.0027361318415472
VIT_18s0001g11100 3.29814424105579 -0.831854372794559 0.000103275809549378 0.00274494408665989
VIT_00s0372g00010 2.01126190938511 2.69184896583963 0.000104146831865175 0.00275884725657995
VIT_05s0020g04820 2.55408459067569 3.10341466637178 0.000106517531480919 0.0027998221423957
VIT_02s0012g02810 4.7587090597175 4.22497093926207 0.000110006492061146 0.00287564223423137
VIT_13s0067g01370 1.87854713814 2.28917839304719 0.000111135202708838 0.00290195850937195
VIT_13s0067g01070 1.88410263912872 8.10231182017489 0.000111717099309177 0.0029107627145309
VIT_07s0129g00960 1.70577044479687 4.40828329058276 0.000112841623863307 0.00293043291316631
VIT_01s0011g05380 6.74663872293576 -1.65651806651619 0.000115720825050648 0.00299284177100541
VIT_16s0022g01510 2.41814710287371 2.10456941643209 0.000116892794558572 0.0030171880952602
VIT_11s0065g00590 4.98943734967673 -1.00898427195554 0.0001181735323546 0.00303903998664997
VIT_09s0002g05080 3.07428097422087 6.50764063757984 0.000120853308405045 0.00310124973067876
VIT_00s0992g00020 6.77497532332205 0.0895594190555165 0.000121133222548294 0.00310174068673715
VIT_08s0007g01310 2.97554862205826 0.194359220743285 0.000121378292890695 0.00310467401213317
VIT_00s1216g00020 2.71440338389229 -1.60717318693981 0.000123270682008876 0.00313957492893698
VIT_03s0063g01790 3.41317641790709 2.9918585912839 0.000123943321534469 0.00314996125284397
VIT_00s0662g00030 1.91605691124786 6.26127150854512 0.000126469413566299 0.00320389181034623
VIT_10s0092g00590 2.59248748578643 3.76151137087753 0.00012669897482283 0.00320629277987816
VIT_15s0048g01610 5.42200394190467 -0.505145786556956 0.000126963594736597 0.0032095749113647
VIT_12s0035g00730 2.86021691781858 3.82054273559865 0.000128649031555646 0.00324528437184063
VIT_16s0013g01050 2.83945004206744 3.4860401996925 0.000130695214959565 0.00327605666328571
VIT_02s0025g04470 2.06731416533635 1.03525563561051 0.000132628845677144 0.00330615845875776
VIT_17s0000g04480 3.60679005039601 -1.13782096699866 0.000132730003704122 0.00330615845875776
VIT_11s0016g03580 3.32537799090356 2.52145599077775 0.000134991488623252 0.0033389942496146
VIT_12s0059g01500 2.76224978811435 -0.200309001680125 0.000135402029925329 0.00334469728750127
VIT_02s0012g00500 6.03354875240087 7.665645392317 0.00013945835306923 0.0034193588320784
VIT_18s0001g00600 1.68337243226292 1.67776206728644 0.000139651898497223 0.0034193588320784
VIT_10s0003g03490 6.24356817315558 2.25264152395076 0.000139861953237443 0.0034193588320784
VIT_01s0011g04650 3.14758966734092 4.20252122629344 0.000140455019291649 0.00343033264775129
VIT_02s0012g02190 3.04102182398167 6.08454063465636 0.000141315474094273 0.00344627141420046
VIT_08s0105g00180 4.48107762469684 2.12580343185522 0.000143832236070881 0.00348774845224682
VIT_06s0004g05400 3.66312031717968 4.42718735745114 0.000145234651035126 0.00351816891937229
VIT_12s0059g02260 1.81568678199366 5.39360215683169 0.000145745100784023 0.0035243612116604
VIT_02s0087g00750 3.90874509383118 2.65856647282696 0.000148134498348775 0.00355711820850648
VIT_04s0008g04170 3.82116089884997 0.843923219723034 0.000148337870474123 0.00355711820850648
VIT_14s0068g01380 3.03683780448257 3.37255184808013 0.000152823554600819 0.00364630563374552
VIT_12s0035g00740 2.22374785936664 3.48705398317474 0.000155799736918507 0.0037024616801373
VIT_07s0191g00110 2.38135661999584 1.64603155500154 0.000159684101336547 0.00377216028062938
VIT_04s0008g06210 3.04728088097262 0.731927540056086 0.000163102186616962 0.00383766054920305
VIT_13s0019g00540 3.82603890310615 1.45091574959435 0.000169593500342263 0.00396295696084652
VIT_17s0000g08110 11.1567444884769 -0.83985328495712 0.000171578197901947 0.00398943735629713
VIT_07s0031g02610 2.67306348914813 5.28086220961374 0.000173026475037481 0.0040066659946292
VIT_02s0154g00320 4.84389893654931 8.09723785958242 0.000174601074555633 0.0040324372442033
VIT_05s0049g00400 1.75343488722652 4.23386404078367 0.000175691398359182 0.004053682816846
VIT_19s0015g00050 1.52692939819342 6.42926491342016 0.000176608231372995 0.00406694734549933
VIT_19s0014g03290 2.84178403321664 7.44289151447922 0.000178557809976695 0.00410389679587016
VIT_16s0100g00380 5.57864545509865 3.7247794400273 0.000180347870179211 0.00413885069533386
VIT_15s0045g00330 3.61333579897017 1.14884977790635 0.000180684561186002 0.00414077489546494
VIT_00s0866g00010 4.20176230045841 0.891509490815179 0.000181704495254813 0.00415614089723221
VIT_03s0038g02850 2.71925630268731 1.73725540391079 0.00018326167565909 0.00418773173926844
VIT_16s0039g01550 1.69173156067822 2.13578073768535 0.000184809700068655 0.00421500780942778
VIT_19s0090g01070 2.04981383438248 5.55537418898278 0.000185316125381131 0.0042184688904941
VIT_13s0067g00050 7.8993441600696 -1.81203433511082 0.000185495179962773 0.00421850797414384
VIT_00s0347g00080 1.73015889772798 2.11463608061679 0.000185789669038487 0.00422116967248092
VIT_00s0270g00040 2.72246522062191 1.01816464008111 0.000186514005605811 0.00423358317304489
VIT_13s0067g01150 1.62113066567068 5.10370084456084 0.000188926035621018 0.00426905834696175
VIT_05s0029g01440 3.93202521467033 -0.644554431483551 0.000193543793077927 0.00435162547234189
VIT_06s0004g01220 1.55876469399935 3.02228064092146 0.00019470053940004 0.00436175148055161
VIT_09s0002g07770 4.50865515225997 0.0491473508733041 0.000195696747332918 0.00437111194887837
VIT_14s0171g00300 2.81488248964074 1.85292304160583 0.000198082474715971 0.00440493733740564
VIT_17s0000g07640 1.65605231040767 6.50495260797906 0.000200025824922409 0.00444277714589567
VIT_02s0012g01310 5.00644512299357 -1.8780788727519 0.000206258045683056 0.00456415478205444
VIT_14s0030g01230 1.7677755324059 9.29099854442889 0.000207599374552769 0.00458188839967739
VIT_18s0041g02470 2.97472775607122 0.831273832578487 0.000207637283287886 0.00458188839967739
VIT_13s0101g00460 1.94994774164655 4.99976038047855 0.000210738018346086 0.0046288420871807
VIT_01s0011g02250 7.86668608903197 0.7862061754501 0.000211075390423236 0.00462904584015141
VIT_13s0156g00610 2.70172746043909 3.4423830343638 0.000213020121679733 0.004657465675108
VIT_19s0014g02720 1.61141509961653 4.30376911355314 0.000214800237149462 0.00467231553771887
VIT_17s0000g08830 1.62227021973629 5.48322765121249 0.000215992530297071 0.00468371040173813
VIT_04s0023g01090 2.50422527115505 -0.926606580434329 0.000216399598983318 0.00468826380748194
VIT_13s0084g00430 1.95055202141725 0.852280518554519 0.00021740215070171 0.00470142032808388
VIT_19s0015g00860 4.36017298897316 2.41844449450771 0.000218257224004345 0.00471562474533639
VIT_01s0026g01680 8.76477666287994 -0.758303221516189 0.000221909783686547 0.00475995485512677
VIT_00s0612g00010 3.73646019683451 -0.967618617148777 0.000223202064626704 0.00478336100300904
VIT_19s0014g00940 2.05543285042621 0.743750787601189 0.000226935097953991 0.00484903703956176
VIT_06s0004g05170 2.83741366371544 1.66257387517998 0.000233153395140849 0.00494759407993801
VIT_02s0025g04560 1.63354937168924 7.81936374779104 0.000234549054222896 0.00496834630619256
VIT_08s0105g00190 4.171665706523 2.79052970903349 0.000235600260835336 0.0049773170557291
VIT_01s0011g03330 2.94713834194903 4.74193811919183 0.000237574895905139 0.00501013441825483
VIT_06s0009g02280 3.69310801801683 -0.5620261329116 0.000244324988102278 0.00512522294266049
VIT_19s0014g05090 3.95008790141319 3.26986168291074 0.000245709559204723 0.00514972598622199
VIT_02s0087g00930 3.95589093340539 6.25979199631125 0.000249004064049776 0.005195884803172
VIT_18s0001g14790 3.38589380623343 5.68816671103258 0.000251583062758724 0.00524509894557804
VIT_10s0003g02960 7.53876824344252 -0.259884340627086 0.000251960224929979 0.00524836237358524
VIT_14s0060g00790 3.13010007571138 2.93899239234058 0.000252820581872944 0.00525707692446992
VIT_18s0089g01030 2.95272329247424 3.31796517487577 0.000253609798665481 0.00526888200057159
VIT_06s0004g06950 5.79827326553891 1.3100086946711 0.000254373868510942 0.00527554104981542
VIT_00s0201g00080 1.69073089633456 2.88514321567803 0.000256392238795259 0.00530897254874726
VIT_06s0009g01320 1.614515714017 6.52637003935785 0.000257101747778579 0.00530897254874726
VIT_18s0041g01880 3.11375771724644 4.95695990732759 0.000257573523491465 0.00531410145430614
VIT_01s0010g01840 2.64927602624773 5.15436561325713 0.0002593001565291 0.00534046071299933
VIT_01s0011g00430 3.03411166121303 -0.705891017397293 0.000260606943833502 0.0053627318165323
VIT_08s0007g02470 2.14438973329524 5.94063824848049 0.000261606807696749 0.00537477623376705
VIT_06s0004g07680 4.30744345009633 6.94635968215765 0.000264882458376883 0.00543660389980095
VIT_10s0003g04310 3.01180458990377 1.25614554899043 0.000268046030896114 0.00547320084373971
VIT_18s0122g00180 4.06761024647826 4.60721943317292 0.000271217772065838 0.00552374003587513
VIT_10s0003g00980 2.17211772099968 3.87831517784531 0.00027241317617455 0.00552915071232098
VIT_01s0011g01120 3.39784312400332 2.38271853707059 0.000273277217017411 0.0055419594530351
VIT_02s0154g00280 6.23823763924956 0.121659102704223 0.000275408766942169 0.00556281549175639
VIT_05s0049g00760 5.52036072327999 13.8282714546471 0.000276730066520627 0.00558342224121517
VIT_07s0005g01950 3.59609161946371 2.02784854930905 0.000278158165908286 0.00560670764039687
VIT_08s0040g00510 1.84319964093844 5.27273500322016 0.000278840435947103 0.00560697911268782
VIT_11s0118g00360 1.55668355033404 4.88117473838143 0.000282018413655445 0.00564701517174724
VIT_18s0001g08470 4.69932653428303 -1.24490201467586 0.000285625800775883 0.00570963575534176
VIT_03s0088g01250 1.67577521413364 5.84093329435723 0.000287466570835368 0.00573198221880279
VIT_18s0001g08810 2.43782843551953 3.32253846554515 0.000289468905431887 0.00576224796854705
VIT_09s0002g06360 1.85772747354227 3.13303345452112 0.000289713083292694 0.00576228664328311
VIT_07s0005g02730 1.81925173904609 5.3894999516317 0.000290413364481663 0.0057688264185532
VIT_02s0025g02840 2.89414949079575 3.26075885544184 0.000291428876120808 0.00577974844114769
VIT_04s0008g02600 4.11520528643445 -0.34333398199839 0.000291562894290282 0.00577974844114769
VIT_06s0004g05360 4.05235438847486 -0.174492933332506 0.00029271654843491 0.00579296277385162
VIT_06s0009g03670 2.49898484565643 2.34746387036009 0.000294949029114482 0.00582261203699195
VIT_01s0127g00560 1.93175238625937 8.9451951603836 0.000299406498226423 0.00590081340497941
VIT_03s0038g03430 2.39941241336514 7.45530883787216 0.000301381446321129 0.00592500978932812
VIT_10s0003g03810 3.45544599535524 4.79750190662416 0.000302424170741653 0.00593368579787663
VIT_18s0041g00220 2.68483973544939 -0.341991173908465 0.000302762224351958 0.00593368579787663
VIT_16s0022g00890 3.56024326251722 2.87854254063983 0.000306155694806035 0.00598226362260714
VIT_12s0034g02580 3.2904944836983 -1.36291694348093 0.000309612447383917 0.0060221266544306
VIT_08s0007g00890 2.84919810254841 -0.243001864073277 0.000315197098937701 0.00610082065869001
VIT_17s0000g08010 2.10368223890982 4.39792516071893 0.000320380325431386 0.00617686603388641
VIT_16s0022g00160 3.42155692120297 3.26214047750607 0.000322962829248986 0.00621572797910589
VIT_08s0105g00380 2.80233641181212 6.67324732226083 0.000324931206364923 0.00623343833629741
VIT_08s0007g06220 2.80958548424854 2.37917662181505 0.000329209516704119 0.00628510111023883
VIT_12s0121g00310 2.04568474457329 0.0406427868551149 0.000336998885219909 0.00640809710760287
VIT_01s0011g03660 2.2029495476066 4.69288582814543 0.000337993136646879 0.00642186959629071
VIT_08s0217g00100 1.68146110318324 8.28588508260096 0.00034045675424678 0.00645321535459952
VIT_12s0121g00290 3.0665883145178 0.881757061460992 0.000344214748420273 0.00650371758174857
VIT_08s0007g04800 3.79222439126923 5.51535359547272 0.00035892368850345 0.00672819283066987
VIT_02s0087g00370 6.00889697658155 -0.0435491867142584 0.00036195102780801 0.00677639963046166
VIT_16s0050g00160 1.70919306164094 4.25828933365851 0.0003620650718983 0.00677639963046166
VIT_07s0005g00830 7.27470013936173 1.43096838809367 0.000362444474771847 0.00677816758323325
VIT_11s0052g01190 3.33652567679385 3.55762015423401 0.000364323645271393 0.00680261450056193
VIT_06s0080g00810 2.78697091503672 3.59476653794546 0.000371242005490174 0.00688853730624046
VIT_00s0480g00100 5.41862913405496 0.092373093922121 0.000376246250145584 0.0069596779148236
VIT_03s0017g01490 1.96926576931993 4.92546355197275 0.000377993962165309 0.00697672371529261
VIT_10s0042g00820 6.09110658655308 0.262261512673921 0.000382958284441486 0.00704559702363334
VIT_00s0361g00050 2.20740885795284 0.793481522567683 0.000382964391775597 0.00704559702363334
VIT_04s0008g03920 2.96967876251639 0.548267458103003 0.00038936965283269 0.00710301020060125
VIT_12s0035g00070 5.19899662700798 -1.15527953722428 0.000390330567167273 0.00710996212721049
VIT_15s0045g00380 1.9628561608391 4.09161904951497 0.000390348517661716 0.00710996212721049
VIT_09s0002g02060 2.57775504099771 1.14368306282909 0.000391615630381669 0.0071261311496441
VIT_08s0007g06650 9.56860840936966 -1.56003412079002 0.0003929464995822 0.0071261311496441
VIT_11s0052g01200 3.18650435667334 3.79437725059783 0.000397980239167296 0.00718296959735328
VIT_05s0051g00160 1.71992509163599 1.29941961097439 0.000400525382640692 0.00720703313332586
VIT_09s0002g07580 4.69313320892689 -0.0624102380390813 0.000404772574024721 0.00727795161821622
VIT_17s0000g03520 1.50458125377368 2.98023787882844 0.000409253985980763 0.00734188070777557
VIT_18s0001g06020 3.99226392438277 4.57339816714475 0.000416137328157379 0.00743732138407793
VIT_04s0044g00380 6.10311581536817 -0.61051152870754 0.000422086721335038 0.00751541835862116
VIT_00s0229g00010 1.54534179459945 -0.0737943917607003 0.00042348473770305 0.00753467086049375
VIT_16s0050g01690 1.94987187223415 3.93662631892162 0.000425242060340435 0.0075546363938598
VIT_17s0000g00830 3.30943686721237 7.12357331250622 0.000427378413361902 0.00758692365451711
VIT_05s0020g00890 2.89046599172066 0.994218109829106 0.000431248902481484 0.00763853230992519
VIT_07s0005g01580 4.51006682171972 -1.73803647438294 0.000431867067181832 0.00764379002538797
VIT_05s0062g00740 1.63741415802941 3.84019186206128 0.000434873451452497 0.00767985869573274
VIT_00s0203g00150 1.63181904020039 4.8936133435665 0.000438431738442163 0.00772050505897829
VIT_04s0008g05200 3.4050177495688 -1.03341094813258 0.000439642482942793 0.00773536640846387
VIT_16s0098g01170 3.25713946765993 3.63202499958515 0.000441965916168733 0.00776476012837653
VIT_18s0001g04530 7.01325828277304 -0.376139274467293 0.000444937430907048 0.00779464602786133
VIT_14s0108g01070 2.76178955190174 4.74516008969277 0.000446034247024619 0.00779593142411583
VIT_00s0316g00010 2.34909849916964 3.7090046592147 0.000447378099190602 0.00780794587200737
VIT_13s0067g03260 2.04599160213032 3.63541886876481 0.000449712925908622 0.00783734730045529
VIT_04s0023g02200 6.4311693250899 5.23172602838194 0.00045277489029537 0.00787901177055323
VIT_15s0046g01560 2.90948939091834 9.21338847932632 0.000458935076480014 0.00796290853341107
VIT_18s0001g15240 5.27051326977427 -0.993162313578751 0.000467519381102835 0.00805520756584464
VIT_07s0005g03420 11.8030408167667 7.43009659460923 0.000474239341310757 0.00815164877988144
VIT_05s0020g03170 1.51025014522302 5.165290267935 0.000474387851454857 0.00815164877988144
VIT_18s0117g00570 3.99973403694049 -1.14057910753661 0.000479088493314234 0.00821182876803602
VIT_03s0132g00070 3.0078439473757 6.39970099057198 0.000480712752002763 0.00822675895297966
VIT_15s0046g02030 1.67362910033485 4.43787915559294 0.000487622414735687 0.00831509820912725
VIT_08s0040g01740 2.0999537144351 0.459450911855871 0.000498855194551321 0.00848838867524093
VIT_16s0013g00890 2.77640599116417 1.81839713697082 0.0005008249032856 0.0085036565305909
VIT_03s0097g00710 1.98812394926427 4.40839990830777 0.000517393911711439 0.00872144531833789
VIT_17s0053g00440 2.63003109250284 0.333015006042442 0.000517869803759637 0.00872144531833789
VIT_07s0031g00710 7.72872459706687 -1.22555335256849 0.000527701395330202 0.00883707794092798
VIT_12s0034g01630 1.91474936184182 1.17712087634215 0.000532790296708907 0.00888445606307386
VIT_12s0055g00340 3.39524703486539 0.923390454683266 0.000534923272119877 0.00889617447558076
VIT_05s0020g02720 2.90223929691519 2.68086699361577 0.000535954297410113 0.00890312906898867
VIT_04s0008g05770 2.11926260743722 7.22560476847634 0.000538567659776896 0.00894029831875283
VIT_19s0014g04900 3.19035422050483 3.25286547919923 0.00054234030052361 0.00899037705146733
VIT_05s0029g01480 4.02290524735016 -0.375650158364161 0.000544848178543282 0.00902190197155749
VIT_13s0106g00080 4.10842386786104 2.24637764117935 0.000547214398517555 0.00904595977201918
VIT_01s0010g03290 1.83335091636505 1.47677097394005 0.000550155067869677 0.00908194917035661
VIT_07s0005g01360 2.18360356424946 1.35780269559011 0.000553110423704438 0.00912440413251121
VIT_15s0048g00070 3.33558842037281 -1.16273793192691 0.000563631937831322 0.00923393700904372
VIT_12s0055g00080 2.92481583736187 2.4823909375134 0.000566285925093199 0.00925121103529333
VIT_05s0020g04840 2.88801545841153 1.56371133955846 0.000566630842375248 0.00925121103529333
VIT_02s0025g02020 1.97673223673953 5.46166203197986 0.000574705356108858 0.00933180273796418
VIT_06s0080g00660 2.65379643779447 -0.297551120857691 0.00057666694800297 0.00935726695709048
VIT_19s0014g03370 1.79192944336832 3.41700572663724 0.000578458220887313 0.0093799346683486
VIT_06s0061g00600 4.83810569796551 -1.23926695847716 0.00057940731795874 0.0093889245773859
VIT_09s0002g05280 3.97227930522474 1.10113579125898 0.000580759829505577 0.00940443487016928
VIT_04s0008g06150 4.60657219346386 4.38594803583417 0.000584659501374604 0.00945074823805177
VIT_16s0100g00240 4.5787297065748 2.53848345808458 0.000585953786838331 0.00945635595746961
VIT_17s0000g06620 5.80249581517987 -1.12392149801387 0.000591274165318232 0.00953574904717973
VIT_09s0002g04160 1.91412013133045 1.35442983368239 0.000592233539462465 0.00953828804111924
VIT_19s0027g00540 2.80655790391699 1.7367258178355 0.000600090103933495 0.00962572345204682
VIT_19s0015g01560 3.66055722861795 -0.0575491867948933 0.000605471456554833 0.00969378030211616
VIT_13s0101g00180 3.38359186572726 -1.15116158812434 0.000608246116530505 0.00971938394534478
VIT_00s0975g00020 2.27768511232193 2.37374111459096 0.000610547593053398 0.00974745378762029
VIT_18s0041g00200 2.29286240902017 1.23690933729207 0.000616187758918994 0.00981116091644245
VIT_00s2608g00020 3.02870356738769 -0.0366704304994568 0.000624295336132761 0.00990240868526282
VIT_16s0013g01080 2.3463459290707 4.31801652631723 0.000625758587023374 0.00991048286825035
VIT_09s0018g00300 3.40872611258966 -1.31846260403094 0.000632407603921163 0.00998918464945328
VIT_08s0007g07640 1.78297118096531 4.91424288290047 0.000632885915421476 0.00999010627474856
VIT_09s0054g01220 3.41790661719706 4.39224848790417 0.000634390592954932 0.00999396253325293
VIT_17s0000g04930 2.85926752191803 -0.527510325952883 0.000639237364355415 0.0100437109797137
VIT_05s0020g05040 4.60040020935379 4.62228852962983 0.000643227170528589 0.0100864126120858
VIT_08s0058g00850 3.10058362596505 1.9165315028413 0.000646855191147613 0.0101170595942152
VIT_18s0001g05850 3.96597065792493 0.949604149027855 0.000647390533038027 0.0101183482259583
VIT_02s0025g00500 4.38763094459866 2.97783515236186 0.000656493884804676 0.0102103103138587
VIT_04s0008g05160 2.98622661178572 0.846409264037205 0.000657066807182331 0.0102103103138587
VIT_18s0001g06170 2.97950615250581 6.19174606493572 0.000657137426034877 0.0102103103138587
VIT_04s0008g06140 5.39246093431204 2.63540951773288 0.000665942104540154 0.0103229573243143
VIT_01s0011g06140 3.11602953925167 2.99642096899982 0.000679342289297099 0.0104664471358804
VIT_13s0019g05190 1.75422889804619 3.86373392511083 0.000680240058690333 0.010473495479693
VIT_18s0001g00680 5.48907471386833 0.399706162034961 0.000682112289883569 0.0104955285587001
VIT_10s0092g00130 2.47078247344197 -0.533087204580413 0.000683884474616446 0.0105043116769283
VIT_06s0004g06480 2.94429384020829 2.88873659619792 0.000691860050306548 0.010618043146253
VIT_00s0246g00230 2.65651861598605 2.66066475786318 0.000694355177459183 0.0106494654812373
VIT_16s0100g00230 4.56762621557705 3.47518179033315 0.000695146857604017 0.0106547380468327
VIT_01s0011g05180 7.53270438203129 3.24336402055616 0.000695642782109186 0.0106554736000086
VIT_18s0001g10620 4.56086811131336 1.25248866515952 0.000697543679906017 0.0106777149662834
VIT_03s0038g04330 3.10133501897819 1.58680434689222 0.000707134182391999 0.0107763940503631
VIT_06s0004g08190 2.03238582375868 4.83327655202644 0.000707161220473214 0.0107763940503631
VIT_07s0005g03190 2.64457606414774 0.376670059658811 0.000713531869313725 0.0108595624486468
VIT_07s0031g01320 1.67375687226689 3.08749345525921 0.000715749339718543 0.0108863460954122
VIT_16s0039g01180 2.3671064466162 0.422634520912598 0.000718371010311776 0.010898139768355
VIT_08s0058g00930 2.400852267627 3.72320824659121 0.000728546198514414 0.011038635012905
VIT_17s0000g09760 2.79223411999955 -0.0680815887180536 0.000733280467181911 0.0110962313952438
VIT_16s0098g00700 5.56001827079038 -0.262603227120248 0.000737379077322936 0.0111440746450813
VIT_06s0004g08080 1.76697799100891 3.91355840889531 0.000755902395898363 0.0113776487435202
VIT_05s0049g00420 1.9026911274826 2.70642232545205 0.000783863456882969 0.0116906231425279
VIT_15s0045g01490 6.47242634519163 3.23274947259588 0.000794000339812836 0.0118269756314764
VIT_07s0005g01640 1.58220781275785 -0.470918996216049 0.000803948885258237 0.0119452442739056
VIT_14s0006g01600 2.04347116211164 3.322016476454 0.000807405187349549 0.0119667006832842
VIT_11s0016g04590 3.59205673762457 2.58815443403673 0.000814978341620668 0.0120564084517864
VIT_05s0020g03860 2.66189025150798 7.68014928145832 0.000821120294968515 0.0121209579873366
VIT_05s0029g01470 5.6067266023524 -1.61454077393641 0.000821379866974381 0.0121209579873366
VIT_13s0019g00400 1.82459868801457 -0.00862679423095034 0.000823465860604711 0.0121366827088382
VIT_03s0091g00810 2.73239425426327 2.43125708195009 0.000830140478610847 0.0121897417933301
VIT_18s0041g02410 1.8851137771926 1.87907955379261 0.000832079383357601 0.0122106751211046
VIT_07s0005g04220 1.60361496579614 0.926826704150916 0.000838230856431954 0.0122821526756374
VIT_19s0015g00100 3.07600969117659 0.58072161204468 0.000843468674516658 0.0123262375870148
VIT_11s0016g05320 3.38989073582134 2.4740980033513 0.000849371549093342 0.0124017275352013
VIT_16s0013g00500 1.91280279502899 -1.24111443042211 0.000854402731290733 0.0124461311524458
VIT_05s0020g03740 5.01622834867252 -1.87358965981362 0.000855027112107297 0.0124476040041667
VIT_00s2776g00010 3.19908783341427 1.47323352745204 0.000860110737324121 0.0124910343220184
VIT_00s0615g00020 2.44809758342622 1.88438501885741 0.000873628665289762 0.0126135198178072
VIT_18s0122g00210 2.2329246153747 1.01432050297207 0.000874200506727874 0.0126135198178072
VIT_01s0150g00320 1.67467075388734 5.25246056425621 0.000880802394659371 0.0126985014328225
VIT_00s0214g00130 2.6937002852223 3.75983057510643 0.000890522624457473 0.0127921208880401
VIT_11s0016g05010 3.67085876439083 3.41856789528372 0.00089975214254694 0.0128655917348859
VIT_15s0046g03310 4.93309530140926 -0.449332951661368 0.000900622263013284 0.0128655917348859
VIT_09s0002g07690 2.33026146603764 -0.0031933548635919 0.000923065268269216 0.0131248515251573
VIT_18s0117g00400 4.58318653880252 -0.597957344409515 0.000928269116218647 0.0131752182199339
VIT_09s0018g00240 2.94307812706685 5.52886515087103 0.000933388404739421 0.0132163353404413
VIT_09s0002g04570 1.70922602962501 1.97093366647975 0.000940976786781251 0.0132578857813405
VIT_14s0128g00070 2.14098363029674 -0.482135574370059 0.000941836982881526 0.0132578857813405
VIT_05s0020g00290 2.17896117637876 3.53836460310265 0.000943013786390319 0.0132657669725919
VIT_09s0002g03540 1.50952999526049 5.05897777822693 0.000945168663330295 0.0132803733588062
VIT_19s0027g00460 1.52826888902683 4.46503510656878 0.000945609904380933 0.0132803733588062
VIT_11s0016g03190 2.67556650793008 1.14288107920291 0.000967012567695227 0.0135154494479049
VIT_05s0049g01960 2.40131991927402 0.851705236156727 0.000972097898110802 0.0135705779344247
VIT_17s0000g05580 3.10774395205841 7.2197588654416 0.000976504138827063 0.0136240941081632
VIT_00s2608g00010 1.68539755258847 3.38363456327501 0.000983026770367613 0.013691007502052
VIT_03s0038g00500 3.45964340084543 -0.036413909220753 0.000995796130978529 0.0138041948506511
VIT_00s0246g00020 3.30369882550268 -0.891227116596704 0.000997628362952175 0.0138205107872913
VIT_07s0005g02570 1.64091410938896 6.6191743922509 0.000999450524132977 0.0138226331791135
VIT_14s0036g01290 3.15344410455088 -1.49838815623641 0.00102009069267285 0.0140370930331797
VIT_08s0007g06310 1.78452538247448 3.06782917354572 0.00102828505521327 0.0141103503439667
VIT_00s0194g00250 2.37496395488252 1.32311553816712 0.00103278332638095 0.0141601439584726
VIT_13s0019g03020 2.57722443191253 3.85799360550538 0.00103390368128058 0.0141673391534
VIT_01s0137g00200 2.8329397951761 -0.25656675683799 0.00105002481374395 0.0143058363512835
VIT_18s0072g00550 1.95419033561195 6.88948343080275 0.00105675130350057 0.0143810068693773
VIT_08s0007g02360 2.26943124552355 6.37717689259513 0.00106991576589375 0.0145103513335693
VIT_09s0096g00660 5.56887971112987 0.632092618223318 0.00107209561903436 0.0145316299632988
VIT_10s0003g01030 5.77480234485554 -0.837731258290555 0.00108569744221925 0.0146590491486579
VIT_09s0002g03340 3.58432430575246 4.01495799261918 0.0011061408411441 0.0148464175968739
VIT_00s0487g00010 2.41620602812547 4.87080720406033 0.00110670707578672 0.0148464175968739
VIT_13s0064g00290 2.56680487270316 0.916723257276072 0.00110780188475077 0.0148464175968739
VIT_00s0370g00060 1.71584732297627 3.73696475942128 0.00111999725819708 0.0149591823857453
VIT_14s0068g01040 2.29114943144491 0.5844398947206 0.00112061808522777 0.0149591823857453
VIT_06s0061g00170 2.04798473676912 0.909896146181857 0.00112699486065284 0.01502744044014
VIT_11s0016g00890 1.76584552317913 0.503514267606265 0.001129010183282 0.0150374547815858
VIT_13s0074g00170 5.00139732409812 0.302482204267439 0.00113527414090023 0.0151124237625823
VIT_05s0049g00540 2.35775129815813 -1.15978957341166 0.00113686675527386 0.0151167056313329
VIT_00s0941g00020 1.85139602675899 2.10046987512099 0.00115085362258407 0.0152438778617133
VIT_14s0036g00310 2.39971888729386 1.21908706977536 0.00117736739881082 0.0155164629822226
VIT_00s0286g00010 2.57143022634119 -0.228991276545004 0.00117840019946677 0.0155214750525556
VIT_16s0013g01060 4.34145187861258 2.14169019056539 0.00118055784891358 0.0155412894908446
VIT_18s0001g08300 2.37472082726426 3.17852201124309 0.0011821506246277 0.015545051994828
VIT_18s0001g14310 1.53295763719326 8.02143296972022 0.00120172159334935 0.0157675417885241
VIT_18s0001g09390 1.69132345298498 4.20761235582301 0.00120685401302149 0.015808724263081
VIT_16s0022g00870 2.42243663800604 4.05704372922807 0.00120829735738115 0.0158142834217544
VIT_15s0046g01140 2.39908306751179 4.67445249683044 0.00120962363118574 0.0158142834217544
VIT_01s0011g06250 1.53043203660593 7.6485644222626 0.0012109163831731 0.0158158550008596
VIT_07s0141g00020 1.61955226383747 4.76299409126491 0.00121138758246032 0.0158158550008596
VIT_12s0035g00540 3.80450675220338 -1.63704795596918 0.00121286350262211 0.0158256279329258
VIT_18s0001g10150 2.08976391018982 5.74216387081206 0.00121935712860159 0.0158850314212348
VIT_14s0006g01930 3.24208700317388 2.87075194705503 0.00123305892567988 0.015998705236758
VIT_04s0008g01550 4.91149512348998 3.06363767567337 0.00124658990881538 0.01613377625185
VIT_08s0007g08470 1.82691977749937 3.17737096493183 0.00125640456053788 0.0162166856679734
VIT_03s0180g00210 1.71851317063423 4.40916664419618 0.00127657767863501 0.0163982916885967
VIT_18s0001g05020 2.23043730906864 4.40943565227987 0.00128865146040402 0.0165253050889978
VIT_19s0090g01650 2.19178226970146 2.33884452616254 0.00129130636118629 0.0165415162735053
VIT_01s0011g06460 2.96024795625504 4.7616419410613 0.0012944093020003 0.0165478450602178
VIT_10s0042g00080 6.48291014754991 -0.289935208764165 0.00129545495935932 0.0165500980522231
VIT_17s0000g06200 3.08960184801418 4.71785223188625 0.00129884431202892 0.0165844919455415
VIT_06s0009g02590 6.08112824341287 1.37978967207956 0.0013084835955379 0.0166807115598368
VIT_10s0003g02480 5.22143711729781 0.390336677882707 0.00131854912136354 0.0167820473509877
VIT_16s0050g01370 2.86483071120362 -0.932776675797225 0.00132141219378896 0.0168094937250545
VIT_01s0026g01380 3.70226773837574 0.744510670451946 0.00132363534981572 0.0168180400785931
VIT_05s0077g00770 7.46106350723549 -2.14328469321089 0.00132899613416698 0.0168518976756738
VIT_17s0000g09400 1.80280189630888 2.41820799839193 0.00134013909035497 0.0169480216275195
VIT_00s0214g00150 2.13839182158711 2.54063914030132 0.00136449895287849 0.0171678026769582
VIT_18s0001g03880 2.87913468702736 0.53028932299942 0.00137822812808214 0.0173085518007197
VIT_06s0004g07550 6.87418883971636 5.88956080071831 0.00139175704122693 0.0174211900664497
VIT_05s0049g00520 3.89207420688221 14.6248068915804 0.00139220120717676 0.0174211900664497
VIT_02s0012g00830 6.37880401869105 -1.46158980777886 0.00141286069964363 0.0175964033105354
VIT_03s0063g01230 5.73694869522395 -0.546784053648491 0.00141594489055424 0.0176163687534018
VIT_19s0015g01000 1.60321999126956 4.05910389250161 0.00142243285961716 0.0176601424136602
VIT_18s0041g02130 2.94084511892163 -0.798863963315789 0.00143004193929954 0.0177453508878756
VIT_12s0034g01710 1.99906728747839 0.710669840286876 0.00145860985840677 0.0179965826305914
VIT_06s0061g01500 1.68205339098981 4.8940110805294 0.00146644691838936 0.0180651679412978
VIT_08s0007g07140 2.35658170100989 2.49764926474067 0.00148251479610377 0.0182235436970104
VIT_18s0001g12590 4.54153143623502 -1.13076809520802 0.00150345422315359 0.0184161529662088
VIT_03s0063g00800 3.11814296889625 2.35746099015065 0.00154593150256955 0.0188025721300062
VIT_17s0000g03280 1.56167334272118 9.20880049549115 0.00156017700864666 0.0189023078987694
VIT_03s0063g02090 1.64297931825858 2.59588245996711 0.00156256475642098 0.0189065566763694
VIT_18s0001g04780 7.71131197847406 -0.642867234270773 0.00156396224629006 0.0189138454065826
VIT_14s0066g01150 1.97873727353274 4.28382982324791 0.00156815571912545 0.0189452962146045
VIT_07s0005g02370 3.40332712184118 -1.64357808012899 0.00158402425344229 0.0191078950004489
VIT_19s0090g01470 1.59727625791576 6.61318194597719 0.00159405167349907 0.0191899297617388
VIT_01s0011g03020 4.27700165132417 -1.37175084179687 0.00159934901305967 0.0192051056651507
VIT_12s0178g00150 3.83111178372966 -0.544449744882599 0.00160809602656371 0.0192615248136442
VIT_05s0077g01330 3.65833352058881 -0.146996753009717 0.00161210703014952 0.0192901418678053
VIT_04s0008g06400 3.86151493308468 3.31040276928252 0.0016159099016751 0.0193162134377122
VIT_01s0137g00730 1.75167133865399 1.77164656523029 0.00162112266799943 0.0193493557583394
VIT_01s0026g02270 3.58537163895838 1.25462357788964 0.00162501405320872 0.0193763580439744
VIT_08s0007g08330 6.57123366545064 7.03156668234345 0.00163263667575243 0.0194574956126246
VIT_19s0140g00140 1.90342344336052 3.18792025734576 0.00163771227400781 0.0194984482352842
VIT_10s0116g00590 1.75463898145531 3.79355193775435 0.00164533674261636 0.0195754990052457
VIT_04s0008g05410 1.62491646505948 3.09192320558152 0.00167052593041424 0.0197819038139616
VIT_03s0038g01650 2.44433505979211 5.07523520267956 0.00168815238024405 0.019949214516267
VIT_17s0000g07020 2.40993130077662 3.28477352931184 0.00170425187099844 0.0200895656626913
VIT_09s0054g00340 3.2592357936545 0.485390531256389 0.00173065035371738 0.0202991270501434
VIT_07s0005g06590 4.34937145378684 -1.53864934474756 0.0017364239179466 0.0203177826660667
VIT_14s0083g00850 4.42706842580915 0.285471396614646 0.0017382914385978 0.0203286643917124
VIT_05s0049g01410 3.47250100680503 6.03103358628209 0.0017390630585646 0.0203286643917124
VIT_02s0025g00700 2.66633546526272 1.98942383556431 0.00174448907428436 0.0203734162536379
VIT_08s0007g05360 2.51237615708268 1.07583583721804 0.00175300798088519 0.0204414479653416
VIT_03s0063g01690 1.77727452682664 4.72907789692563 0.00176201665026513 0.0205163250496852
VIT_00s0396g00010 1.87477467689882 3.87565718891845 0.00181546246371771 0.0209033015909568
VIT_09s0002g00700 2.62089651045819 3.77144713728606 0.00182132943805933 0.0209607085982367
VIT_13s0067g02270 1.71956858176413 4.80136815760784 0.00182896095681666 0.0209977428768121
VIT_12s0057g01110 3.15580139689679 3.14622252494401 0.00183551210582638 0.021052633545515
VIT_18s0001g05330 3.21889117051161 -1.2209042082804 0.00184551864296578 0.0211164971038335
VIT_09s0018g00620 2.24573552131495 6.66868141256885 0.00185050884526928 0.0211512391369858
VIT_08s0007g08310 2.07967378908118 10.4205778307987 0.00185532709960558 0.0211777932079739
VIT_07s0005g02720 3.42220582216376 0.212755401673836 0.00186403314361549 0.0212669642303718
VIT_08s0007g08570 2.61638678808792 -0.607126281339898 0.00186640108153193 0.02127357399496
VIT_18s0072g00920 3.63397091020072 2.71984570048705 0.00187053132683876 0.0212896989699542
VIT_07s0289g00080 6.86031227869294 -1.80574180461726 0.00187857786907278 0.0213611904156326
VIT_07s0031g03000 2.4815670384022 4.42382275962353 0.00189119097240069 0.0214558789260233
VIT_13s0047g00730 2.67501240244858 2.52398772814854 0.00189141491961791 0.0214558789260233
VIT_09s0054g00110 3.54890978262873 -0.675912573271454 0.00191097837556262 0.0216056813678154
VIT_11s0016g04720 1.97912859801387 4.43389395394054 0.00191781778764182 0.0216624166820625
VIT_00s0347g00050 2.88952669957674 0.712280306948065 0.00192483719000198 0.02172228455692
VIT_00s0379g00040 1.62630075337257 0.874723933210815 0.00196111249732588 0.0219696238214411
VIT_03s0091g00010 2.38909626708113 -1.12407957279229 0.00197469566968286 0.0220780046682664
VIT_10s0003g01650 2.07079081773675 2.88631486493304 0.00197515942317808 0.0220780046682664
VIT_01s0127g00260 1.61545188484984 6.90109358025875 0.00200140740786848 0.0222578211399605
VIT_04s0044g01380 7.76598068766185 -1.41382815241807 0.00200518079733353 0.0222835488573182
VIT_14s0068g02220 4.27384217219712 -1.82262642092031 0.00202616019687322 0.0224533202128005
VIT_14s0006g00340 3.85843542437148 -1.77223653549108 0.00203557745245493 0.0225220076460456
VIT_01s0011g05950 1.63153898080534 3.50555821328419 0.00209537152052157 0.0230017063821722
VIT_04s0044g01230 4.11415355157928 5.1292945409389 0.0021031004333968 0.0230652619223804
VIT_05s0077g01310 3.14267618351315 -0.719319122150332 0.00212592640920494 0.0232192550147692
VIT_18s0001g10640 4.37060271817486 -0.825042334638893 0.00215694190387542 0.0234717904891987
VIT_16s0115g00220 5.66624472630333 0.880134381888372 0.00217443749147273 0.0236405480105819
VIT_04s0008g05170 1.95565914360472 -1.04155711711099 0.00219838116110959 0.0237862446482465
VIT_13s0064g01370 3.83652054352807 0.978083583861759 0.00222308891350678 0.0239722751924294
VIT_00s0332g00050 2.67989037998444 2.20987462095784 0.00224068102869117 0.0241073361874742
VIT_11s0052g00540 1.89079361368987 4.78102009647537 0.00225037562228178 0.0241352278191339
VIT_18s0001g03180 3.75024178809186 0.129913945204781 0.00227129251555573 0.0243047711921007
VIT_19s0085g00110 2.4973726586865 1.89566772335234 0.00227464467607632 0.0243187629458443
VIT_11s0065g00070 9.63607371900001 -0.854697647483717 0.00230684261167336 0.0245605509255334
VIT_17s0000g09650 1.98955155617326 2.39434915998839 0.00233007470253503 0.0247335194216436
VIT_09s0018g00930 3.66489797319529 -0.641580959842582 0.00234807630812477 0.0248691180844488
VIT_08s0007g05530 1.78215502765284 4.6353234260323 0.00236410477694202 0.0249694372621344
VIT_17s0000g09470 1.99155333238054 2.90622667688566 0.00236689150163449 0.0249728966609332
VIT_02s0025g01820 2.65435612473305 -1.32753869897926 0.00236868623947124 0.0249758367411489
VIT_16s0039g01710 2.95681290589407 -1.27839460874362 0.00238657381133653 0.0251091631243138
VIT_06s0004g06830 2.45659830644934 5.89518715443876 0.00238815400958488 0.0251146806277653
VIT_09s0096g00010 2.04815943163233 1.84934232718815 0.00240861682559635 0.0252433815420415
VIT_12s0035g00750 1.91686914312317 4.40135497118331 0.00241600459027834 0.0252734904105282
VIT_03s0063g02680 1.60880023581354 -0.065980762792449 0.00243996282581403 0.02544578505062
VIT_07s0104g01180 1.93483435926763 2.04367026437779 0.0024617858745054 0.0256172188900851
VIT_06s0004g07310 1.82905114979722 3.08961324406309 0.00247102080093109 0.0256948053499465
VIT_01s0011g04010 4.38903356210747 -1.3779468842503 0.002482037091359 0.0257394039863467
VIT_02s0025g05110 1.78348586608107 2.59151051940431 0.00248287240193057 0.0257394039863467
VIT_12s0028g01640 1.9087144250897 3.48092650023565 0.00248759415522999 0.0257394039863467
VIT_03s0180g00280 1.91778381042938 3.38517914410165 0.00250133065901733 0.0257917874801493
VIT_14s0171g00080 1.59558683307038 3.70528466348651 0.00251375085386314 0.0258874153653657
VIT_02s0025g01060 4.0706010004164 -1.70787610682871 0.00251386957684525 0.0258874153653657
VIT_02s0012g02820 3.65891966163544 1.54827563224883 0.00255983869221901 0.0262132771461497
VIT_02s0234g00130 2.37567861683501 5.77329316540197 0.00256261438710247 0.0262304092256427
VIT_13s0064g00710 2.64113828981442 -0.674369083907118 0.00256861328331197 0.0262805044229786
VIT_13s0019g00420 3.10414509776662 4.15464840953731 0.0025863592254599 0.0264279696113574
VIT_04s0008g06380 3.3672596534842 1.54797573861611 0.00259898297617884 0.0265227829418027
VIT_14s0128g00570 7.39502629469458 5.07702685273188 0.00260830778774693 0.0265630839644525
VIT_12s0178g00090 2.98863058011357 -0.276376473307385 0.00261961740656184 0.0266533185916566
VIT_09s0002g00420 2.00824482274391 1.49064581247024 0.00265929823906727 0.0269859488753639
VIT_13s0047g01000 6.27007055997572 -2.19916442240466 0.00266251984237763 0.0269859488753639
VIT_03s0038g04120 5.71093662183206 -0.384957631408571 0.00266437867913893 0.0269896374314504
VIT_16s0098g00560 1.62868507453984 5.02223081036194 0.00269056462140928 0.0271773357846347
VIT_13s0019g02580 4.67827305126823 -1.9018752397969 0.00269857842895334 0.0271809842930788
VIT_12s0028g01690 2.1259174566732 -1.06560549747439 0.00271690883956414 0.027304532097825
VIT_16s0022g01650 2.72243578885969 5.82014116477541 0.00276270521972777 0.0276131225911279
VIT_03s0038g03130 4.07832438660555 7.26468335420795 0.00277083232264251 0.0276812266398247
VIT_02s0025g00420 1.99416653236954 2.00217892490444 0.0028013736617175 0.0279175017448411
VIT_08s0007g01320 2.53132776979731 0.507078750472976 0.00284526108150401 0.0282365751384302
VIT_07s0005g01240 2.12637726817122 5.154748205927 0.00285766014569959 0.0283123779866313
VIT_06s0009g01110 1.76200790787532 6.23830814363498 0.00287379101229144 0.0284130260184492
VIT_11s0052g01360 5.84502800142996 -0.555522440933326 0.00288106051905902 0.0284612407090432
VIT_13s0106g00550 3.70972375885356 2.83876262548507 0.00289286295359685 0.0285422745500464
VIT_17s0000g02410 1.66986544452536 1.94906223243058 0.00290475294982475 0.028623969830336
VIT_16s0013g00990 2.17971742585423 2.83010224330415 0.0029361400451978 0.0288257942200435
VIT_04s0023g01640 1.65150766389965 2.13170486734131 0.00295632121296258 0.0289500869464201
VIT_14s0171g00140 1.59251805211306 2.61691307584762 0.00295731929039015 0.0289500869464201
VIT_04s0210g00110 1.56998996051727 2.09359894071952 0.00296407062584965 0.0289803995263919
VIT_18s0072g00160 1.74699065325618 5.65183674261702 0.00296863725219574 0.0290012086058449
VIT_15s0048g01440 7.65397699229052 -2.077842565334 0.00298900069414806 0.0291761791187501
VIT_11s0037g01180 2.77468857148485 7.84243958601762 0.0029941619964092 0.0291987069940131
VIT_09s0002g06240 1.78728121297242 -0.364067718145259 0.00301660954687798 0.0293613371117567
VIT_14s0068g00840 1.82794024378344 5.75316928942247 0.00303965303933407 0.0295493528809477
VIT_14s0030g01030 1.95124729736982 0.923854355635848 0.00306284251749537 0.0296898524067563
VIT_03s0110g00190 3.2462075383435 1.04124653454527 0.00308137729469747 0.0298209125656076
VIT_02s0025g04440 5.32141833658885 -2.1368798459448 0.00312363045448709 0.0301684617342017
VIT_01s0011g03520 1.71713523197205 4.27427398805057 0.00314948583928465 0.0303565515173838
VIT_15s0024g00400 2.46489782162597 3.65215264339641 0.00316691775100287 0.0304505414150591
VIT_00s2847g00010 5.83174357894069 -0.00748600311788382 0.00320386423596671 0.0307436556858314
VIT_07s0151g00060 1.97738318242276 0.283504231631016 0.00322830776671332 0.0309407675884676
VIT_19s0085g00300 4.01869451266044 -2.17830206706362 0.00323883956118955 0.03102920478517
VIT_10s0003g01730 1.53044208741995 6.82165371114261 0.00325189706028375 0.0311167044529484
VIT_13s0019g01760 2.76061652373246 -1.46653042341723 0.00326079376969836 0.031189289181176
VIT_11s0052g01070 3.37684072122691 -1.33917376189785 0.00327089211943659 0.0312366424559256
VIT_13s0067g01970 2.71832932082004 2.34466753580294 0.00327540679547402 0.0312536609910694
VIT_07s0205g00180 2.89291928149539 -1.49298710562125 0.00328271129269488 0.0312857116308597
VIT_05s0020g04130 2.76163070542515 3.93619137085211 0.00329023871617852 0.0313323453084286
VIT_01s0244g00010 1.66100147639793 8.51417344827833 0.00329376011305787 0.0313533275587918
VIT_05s0020g00680 1.88781894932889 3.47901987919307 0.00331159915199233 0.031481252855226
VIT_02s0012g00550 1.92805603531135 6.08350294213477 0.0033512911129486 0.031773819447916
VIT_15s0021g01390 3.11267269578149 0.375978433274045 0.00335908005325991 0.0318223004010142
VIT_09s0002g05870 2.27483446385408 2.23555518433624 0.00338991524612787 0.0320279239887269
VIT_16s0013g00980 2.76655222698444 2.56010568418822 0.00342017710060792 0.0322244853121684
VIT_05s0020g00370 4.16100254780979 -1.27871113804983 0.00342181577238151 0.0322244853121684
VIT_01s0026g02710 2.69544482186457 5.89015073672035 0.00342307188833949 0.0322244853121684
VIT_19s0014g02240 1.82342978757777 4.96078317948528 0.00343031172880369 0.0322658186653943
VIT_03s0088g00190 2.09485361775008 1.58745926033419 0.00344436749903078 0.0323468669826072
VIT_08s0058g00440 3.62714216804295 4.29077453300786 0.00345812261379915 0.032450422381481
VIT_17s0000g07090 1.72383090593908 2.31495296710151 0.00346227577118924 0.0324765836139785
VIT_02s0087g00350 1.69538221864841 -0.387449200549675 0.00352705929274297 0.0329672638333084
VIT_07s0129g00580 3.30442584402894 -1.15087977882267 0.0035325036377746 0.033005183242491
VIT_02s0025g01320 1.65537275622948 9.38189228621809 0.00355973343899831 0.0331471994159181
VIT_14s0060g02320 2.2252337557103 3.89977968511394 0.00358610884701628 0.0333488495906268
VIT_05s0102g00850 3.08838396890713 -1.34430026944317 0.00359544519417998 0.0334095508902942
VIT_11s0118g00350 1.5304619177429 7.02280451238865 0.00365098580633432 0.0338067926668278
VIT_00s0463g00040 3.86611065643058 -1.44571863401011 0.00366322222880485 0.0338886561402511
VIT_15s0021g02220 5.73835917604381 -1.87528397327073 0.00369071588465464 0.0340685872969207
VIT_17s0000g03200 2.16640604260628 6.13453107166844 0.00371500309073923 0.0342529044660872
VIT_14s0083g00840 4.0030484750594 0.341504410885247 0.00384547586948063 0.0351379028660385
VIT_18s0001g09550 2.95267612131697 4.35711085094538 0.00387989709772687 0.0353064045109234
VIT_07s0005g01350 1.81478505698943 2.80540029697383 0.00390179122205161 0.0354664920099976
VIT_11s0016g04080 2.16831054026545 6.09311634269351 0.00390679793864797 0.0354984374960115
VIT_00s0271g00100 2.23026775613562 1.36763047591865 0.00391019203146831 0.0355157113572234
VIT_18s0001g06570 4.53035409098909 -1.69906495837723 0.00391789607306433 0.0355585317764419
VIT_12s0028g01130 2.5832729131228 4.42040556572931 0.00392140601884799 0.0355768140260701
VIT_09s0070g00620 1.77474892865591 0.717283833998392 0.00395692055333775 0.0358306913295768
VIT_11s0052g01780 1.81002266852515 2.09605833553938 0.00396670692236369 0.0358526622878953
VIT_12s0028g02180 1.68373804105551 7.82686081703362 0.00401352489812211 0.0361787801086726
VIT_03s0180g00320 2.40453146737856 5.37664703718328 0.0040456466398787 0.0364224287918956
VIT_03s0088g00650 1.66766741528003 0.139720719008136 0.00412996029745335 0.0369475349965477
VIT_01s0011g04700 1.62392910180848 2.88519814407371 0.00414239580464676 0.0370309325069286
VIT_00s0371g00100 2.39213972735498 4.72585890161103 0.00414516767604496 0.0370338139508252
VIT_06s0004g02230 1.69103468732191 2.23313576238007 0.00421684019868397 0.0375412405113377
VIT_05s0051g00180 2.91263960394871 0.973222637717923 0.00423200493460921 0.037584322311132
VIT_04s0044g00310 2.86555872727927 2.98965761763231 0.00424498670133266 0.0376509111302391
VIT_14s0128g00520 2.69184088575601 1.64028489836251 0.00425613361847672 0.0377011333604603
VIT_05s0077g01150 3.57681504604119 6.58196603362197 0.0042797915656975 0.0378748816089331
VIT_13s0158g00200 2.84989066008384 1.2684937871323 0.00429985383363606 0.0380100048288869
VIT_12s0028g01380 2.06267395498976 0.688951108151722 0.00431643539763419 0.0380877215384415
VIT_07s0005g00820 2.37821659750018 5.81361356296853 0.00431916660609016 0.0380877215384415
VIT_00s2512g00010 2.03864557015157 4.51961865258006 0.00431985340132484 0.0380877215384415
VIT_06s0004g07880 1.59239770326611 3.08527963054322 0.00438280844163255 0.0384656039407791
VIT_01s0010g03810 2.19331944015751 -0.036949576613378 0.00440286017176819 0.0385765148309473
VIT_18s0117g00280 4.4031003383549 -1.28740165140129 0.00442131802212562 0.0386404302604562
VIT_14s0066g01060 2.761598975556 2.46202858574403 0.00445488880841376 0.0389034122520361
VIT_11s0118g00570 1.58502648490524 6.73915928088014 0.0044850949763621 0.0390954339676444
VIT_14s0030g00340 1.54808475909269 5.20745510140996 0.00453730296216205 0.0394496148464742
VIT_02s0012g00890 1.78829282516418 3.07765767308514 0.00454724228111124 0.0395068661004653
VIT_05s0077g01280 2.37941920134895 2.69052567099043 0.00456966074060314 0.039600447141501
VIT_08s0032g00240 4.08278942433244 2.32820088243054 0.00458778563763973 0.0397285201121856
VIT_05s0020g03190 1.92268328527135 4.39114400047005 0.00459687221532151 0.0397927206179287
VIT_04s0043g00300 6.40136407364018 -1.24060240964375 0.00462505567287881 0.0399349634651329
VIT_14s0066g01790 2.17267860476631 5.36785244062945 0.00462784385017594 0.0399445390087029
VIT_14s0083g00650 2.22384892453119 -0.544536091301446 0.0046308070777091 0.0399556179777092
VIT_05s0077g00730 1.73582580837861 6.40977227708118 0.00466452138124541 0.0401352431845648
VIT_14s0108g00530 2.11728116959137 -0.705372339545286 0.00477234987384658 0.0408803236582868
VIT_15s0046g01210 2.70717124784297 2.21556229066822 0.00478374596919569 0.0409631926260717
VIT_14s0128g00650 5.51422473227083 -2.12081421371918 0.00484270587909583 0.0413935635831591
VIT_00s0246g00220 1.98641470038938 3.32497442818488 0.00487468959056297 0.041577309422844
VIT_04s0008g01520 5.77141584883318 5.37387423163066 0.0048998257999981 0.0417137155682707
VIT_10s0003g00750 7.01331378940552 -1.08526142862499 0.00490056398758624 0.0417137155682707
VIT_12s0028g02740 4.86781602844086 -1.18179687395893 0.00490095124982618 0.0417137155682707
VIT_17s0000g03020 2.27869840223225 -0.360793746085468 0.00495123080400022 0.0420093332183729
VIT_02s0012g01590 2.6153119267611 -0.168548167845308 0.00495373029606481 0.0420104585678395
VIT_02s0025g01280 2.09713579019937 4.06687958556531 0.00496074019312984 0.0420549136543738
VIT_14s0060g01990 3.56490235195503 4.14504945930004 0.00496998880433395 0.0421183091120399
VIT_00s0125g00070 1.55995113985569 8.09602301168474 0.00498161421638492 0.0422017945083207
VIT_18s0001g10690 1.95613615336164 2.9860615865264 0.00498698007210773 0.0422171821904978
VIT_06s0004g05580 2.10267939057458 -0.656692854575785 0.00504175208300009 0.0424885353807936
VIT_19s0027g00230 2.64405276923067 4.18530750784783 0.00505701308298447 0.0425716542856179
VIT_06s0009g03380 2.74573522961754 -1.81520429212649 0.00506172006214634 0.042577155883429
VIT_18s0001g09360 1.72652999476411 7.10210982446873 0.00509846194977122 0.0428105234243409
VIT_00s0207g00170 3.16168568037201 0.244155314928984 0.00510804602578991 0.0428758641007376
VIT_07s0129g00330 1.5518347417523 4.89565407839249 0.00515355082325613 0.043151237938619
VIT_05s0077g00890 4.0548586715276 -1.64600591164615 0.00517802985976245 0.0432952458010647
VIT_11s0016g03940 1.80614562643662 2.13012768023216 0.00521467993416762 0.0435404725426393
VIT_06s0009g01620 1.66486504497915 7.63293277603585 0.00525516784777065 0.0438016582910891
VIT_07s0104g01630 2.20492110513561 0.94139668272312 0.00527081133075713 0.0438705598096748
VIT_13s0064g01800 1.88562534360812 1.86861165259298 0.00528631523727562 0.0439834004492548
VIT_17s0053g00070 3.28769889040644 -0.496624501786059 0.00528806647405703 0.0439834004492548
VIT_00s0267g00030 2.81462866286086 3.82545096309111 0.0053491759733727 0.0442903578331325
VIT_18s0001g11830 2.13633954643483 3.13133689538295 0.00543268563199088 0.0448199004569778
VIT_00s0487g00050 2.1381767140641 3.86300377204889 0.00544686260870113 0.0448804876119787
VIT_08s0040g00260 2.09300297859572 -0.435771596831 0.00545513448026887 0.0449119445553144
VIT_07s0151g00160 3.66385866578183 -0.744619676309201 0.00549206561795225 0.0451278953091012
VIT_01s0010g01320 2.35933235098154 -0.102086527127029 0.00560759357084317 0.0458714080783492
VIT_03s0017g00660 3.15730639470137 0.552671071847355 0.00589339710446382 0.0475870686359183
VIT_04s0008g05760 1.59478256413491 5.01961436881935 0.00592832684436348 0.0478036489821875
VIT_08s0007g01350 1.6325037005841 5.59242831774936 0.00595276998810375 0.0479527573576065
VIT_02s0025g02590 2.02118386204713 3.87842871908969 0.00596876046787634 0.0480327719925042
VIT_09s0002g05320 8.62701274177781 -0.00812509796339399 0.00601421897058982 0.0482768588018742
VIT_00s0568g00030 2.02492581884653 -0.219461315878386 0.00603706299813015 0.048386002223558
VIT_09s0002g02840 1.60366745201984 4.59947625809979 0.00604393706596657 0.0484247810458783
VIT_17s0000g03330 2.61316711618809 0.715168898065143 0.00607566187080155 0.0486134694189799
VIT_13s0067g00420 2.46290942628295 0.978490304079314 0.00608889797554633 0.0486745078509394
VIT_18s0041g02230 1.78095855164665 -0.447245560432073 0.00610011398284645 0.0487105296404289
VIT_19s0015g00110 2.56640206287287 0.557472632814529 0.00611072313060515 0.0487508987447447
VIT_12s0134g00390 2.40710270196924 0.594494015545291 0.00611329405016865 0.0487508987447447
VIT_03s0088g01240 3.03809106331134 -0.972497204292734 0.00611333155185696 0.0487508987447447
VIT_14s0108g01000 1.83624444666903 2.79983785195443 0.00613168426533814 0.0488481263576235
VIT_11s0037g00510 2.69612003519617 6.82622895420594 0.00618691354649085 0.0491728364329851
VIT_00s1261g00010 2.67849404556871 -0.325037670221151 0.0062156850026124 0.0493191176925096
