logFC logCPM PValue FDR
VIT_11s0016g05590 -5.76692279618142 3.60099089922442 7.97214377947506e-28 6.32137854087176e-24
VIT_11s0016g02210 -3.74548513288634 2.67139066486114 9.20127872764525e-27 4.88138035241002e-23
VIT_16s0022g02190 -7.4994730551938 4.03957554557781 1.02601739373004e-26 4.88138035241002e-23
VIT_05s0029g00050 -4.96509173323366 -0.411374136800062 1.43508826073907e-23 5.68964659107682e-20
VIT_10s0042g00940 -5.97614617682597 3.41352806648493 8.26374613152957e-21 2.45722491221032e-17
VIT_00s0199g00250 -3.90554559245371 4.41604698666151 3.19945357413842e-20 8.40172251246797e-17
VIT_03s0063g01440 -7.31540557376622 1.74167975552642 3.5319163075786e-20 8.40172251246797e-17
VIT_00s0199g00200 -9.59003655250608 -0.878882278746872 2.2029093567589e-19 4.76389161623461e-16
VIT_04s0008g00880 -3.65503925685363 3.89331378824228 1.81027254685906e-18 3.58856361205694e-15
VIT_01s0011g00140 -6.92930612203703 1.74246233540549 5.98984952786301e-18 1.0177610040629e-14
VIT_16s0022g02290 -6.58956466739043 0.569442790783718 1.69986622957715e-17 2.69576119127876e-14
VIT_18s0001g02400 -8.84917687767723 6.84331617352076 2.79200642541772e-17 4.15101555298979e-14
VIT_01s0011g01200 -8.35032355167954 2.43879943372383 1.02544788144322e-16 1.28386074756692e-13
VIT_04s0008g01820 -3.31611711880749 0.00398364302805328 1.72117771962504e-15 1.84868415805902e-12
VIT_09s0002g01350 -3.77878418580201 4.58088546677953 7.52129924945374e-15 6.69208427671701e-12
VIT_07s0005g00380 -5.42788952196014 -0.146644239397971 2.7376251689998e-14 2.15352663897498e-11
VIT_00s0337g00090 -6.9710838305481 1.59578859431175 5.15292417437276e-14 3.83055500812435e-11
VIT_18s0001g11390 -2.69571484000869 1.32369462240303 8.68440517745915e-14 5.76632423322068e-11
VIT_17s0000g09010 -3.94056543567478 0.444602858057243 9.18603545373773e-14 5.90587598306792e-11
VIT_19s0014g03940 -5.89320216604225 1.09025433687354 1.57675759623759e-13 9.87050255244733e-11
VIT_06s0080g00360 -4.91215164673274 3.68839747348562 2.84956756992553e-13 1.67422488510878e-10
VIT_01s0011g03230 -2.89189266400037 2.64243559956971 2.88562385612326e-13 1.67422488510878e-10
VIT_03s0063g01990 -4.04482124652973 1.29081856937124 3.06843871431669e-13 1.73790524133727e-10
VIT_18s0001g02410 -8.17313030416254 5.34572716791837 3.31561196353098e-13 1.83422738112733e-10
VIT_14s0083g00150 -5.77849045100731 1.57302667247785 4.41433094087066e-13 2.3865478277598e-10
VIT_18s0122g00800 -4.4049309973831 1.35864141697265 7.70509473108729e-13 3.98453898832836e-10
VIT_10s0003g03940 -9.42671190666021 0.796902023210609 1.05066453080265e-12 5.10065466504764e-10
VIT_07s0005g03750 -4.76526761681427 2.2826225054452 1.38647548055835e-12 6.59629574630439e-10
VIT_16s0022g01570 -8.02340481325369 3.10468906784923 1.67962202402134e-12 7.83428406027837e-10
VIT_18s0001g01390 -10.1516481040323 2.11508393587312 1.88491458806256e-12 8.62275927323698e-10
VIT_04s0008g04870 -4.66973826829329 1.10352648406322 3.69785265388999e-12 1.57079498090598e-09
VIT_00s0187g00260 -5.60292715334911 -0.988126264340737 5.09026956255928e-12 2.12433916410807e-09
VIT_03s0038g03600 -3.97497111042648 1.73623388539496 1.42934876744879e-11 5.57399155411014e-09
VIT_01s0011g03100 -3.47624198271214 -0.950612793472819 1.58241987417626e-11 5.8816568698289e-09
VIT_19s0015g01500 -6.56254240857768 0.687138399392239 4.21978949169024e-11 1.47618165335776e-08
VIT_12s0059g01410 -5.79913351773587 1.32672242879306 4.79727697799504e-11 1.63025178217923e-08
VIT_07s0255g00080 -9.60586560349486 1.20719967677031 8.93107718694332e-11 2.8326995216401e-08
VIT_00s1530g00010 -10.6121033251388 1.19924523469 1.18879408784294e-10 3.72092549494841e-08
VIT_03s0038g03420 -5.87239518565622 2.22397291814641 1.94642508403272e-10 6.01318959726888e-08
VIT_11s0016g01250 -4.15503055080962 3.12464813158268 7.17025860133135e-10 2.08007453181061e-07
VIT_02s0012g00110 -3.87018103557846 1.18881743909822 1.03624587120636e-09 2.833358251064e-07
VIT_12s0057g01460 -4.05337988045756 1.98816686026596 1.07291144120105e-09 2.89450159703993e-07
VIT_19s0014g02200 -4.80110917405966 2.70354002222888 1.2360212752706e-09 3.26694156623744e-07
VIT_05s0020g04050 -2.30916211539111 1.37452800096416 2.03418806423725e-09 4.83892656720757e-07
VIT_07s0031g02650 -2.12298707050957 0.132539950440971 2.25487279395189e-09 5.25871706103211e-07
VIT_12s0059g02680 -3.74028938721325 -1.39353214851328 3.34926393061029e-09 7.30938443865665e-07
VIT_17s0000g00150 -5.23680247659513 2.32687289308663 4.66199679466993e-09 9.99095313077551e-07
VIT_01s0011g01410 -5.13461543224925 2.20804282252055 4.8935258204439e-09 1.03934993050642e-06
VIT_00s0204g00030 -3.7987258449866 0.762506378373835 5.04892068488657e-09 1.06286482523966e-06
VIT_08s0007g03480 -2.98347561286783 1.70660317283575 5.14652707941908e-09 1.07390865057211e-06
VIT_09s0002g04040 -4.19804840818324 1.43181030035572 6.58470858484103e-09 1.32743260861185e-06
VIT_06s0004g03780 -6.06164546410908 -0.380540674607809 7.56551971546075e-09 1.51234103354101e-06
VIT_13s0064g01060 -2.59931999624265 0.757160059188286 1.15937806298097e-08 2.18883217160249e-06
VIT_07s0031g02050 -4.7182379818714 2.24666317938878 1.38843706525787e-08 2.54062622371956e-06
VIT_00s0301g00040 -3.35824067148893 6.15883136153852 1.45473328034581e-08 2.64161795976078e-06
VIT_05s0094g01030 -2.51198539375426 3.11616409665493 1.54665818107359e-08 2.76630863243449e-06
VIT_04s0008g01840 -6.01841036419252 -0.327678884369049 1.60626136644197e-08 2.82419146778862e-06
VIT_04s0008g04810 -6.15822607321889 1.11063725857849 2.21208966675632e-08 3.78569704984168e-06
VIT_03s0097g00390 -5.9639176737533 1.48197925425344 2.473819168716e-08 4.20337217038688e-06
VIT_04s0008g02310 -2.64836720207153 1.1669665818896 2.63359704555513e-08 4.38097947689967e-06
VIT_03s0091g01200 -4.45567428023064 4.51484324086188 2.79925732996835e-08 4.59232643898532e-06
VIT_02s0033g01340 -1.77723994009435 4.60328531468567 2.9401567094682e-08 4.79044163046779e-06
VIT_00s0379g00050 -3.54969664057974 1.03682314462154 3.09715279282618e-08 5.01190956705776e-06
VIT_04s0023g01840 -2.11333635335661 1.55957057231571 5.59700486168687e-08 8.32134697811295e-06
VIT_09s0002g03150 -5.4769994444883 2.36236055928537 5.85864076126862e-08 8.55002125331644e-06
VIT_02s0154g00130 -7.44562468918351 2.76119270154976 5.97362568986551e-08 8.66467121405614e-06
VIT_14s0068g00370 -2.1736459150403 1.13249858710299 7.44422095923549e-08 1.04166545987232e-05
VIT_11s0016g01610 -5.40473132927016 0.913466948442107 8.17846427214931e-08 1.11171033203364e-05
VIT_10s0116g01030 -4.68041506911051 -0.235194808009161 8.78449111045923e-08 1.16846963124312e-05
VIT_11s0052g00750 -5.03002982289455 6.11999032855117 8.99897710439361e-08 1.18926481866286e-05
VIT_19s0093g00100 -5.28387984626707 0.841767159562924 9.26862835485719e-08 1.21813332212897e-05
VIT_10s0003g01200 -2.31545566406172 0.963963879395875 9.65706641445931e-08 1.25531309217026e-05
VIT_00s1603g00010 -8.72725936772011 4.95715227476116 1.10225685756283e-07 1.40970355525294e-05
VIT_01s0011g05020 -2.0888138761304 1.44862713321519 1.24064858106973e-07 1.56151049981411e-05
VIT_00s1308g00020 -8.75859893893831 0.854752928356745 1.26845527655409e-07 1.58810600624572e-05
VIT_16s0013g01610 -5.93932093892502 2.43892389991273 1.34704484978286e-07 1.6265737505906e-05
VIT_01s0026g00430 -5.55663466683611 2.2969676047809 1.44712920710254e-07 1.70215278734917e-05
VIT_16s0100g01240 -3.49947627006174 2.09942988995161 1.51190895943513e-07 1.73745363898758e-05
VIT_09s0054g00230 -7.0218342959467 1.62761103223577 1.56177643399056e-07 1.78613162556575e-05
VIT_12s0121g00080 -4.50529181955445 -0.000767265093630327 1.65827278003481e-07 1.87842823292706e-05
VIT_18s0001g00300 -3.17649768217816 -0.801233749926364 1.74164185805155e-07 1.93598955697805e-05
VIT_01s0011g02440 -5.40854967061997 1.40274086272705 1.94588046868136e-07 2.09450699497702e-05
VIT_01s0127g00800 -8.6757139431354 7.3580680467345 2.09329228271333e-07 2.22300164380289e-05
VIT_00s1002g00020 -7.18046329688202 0.338604791854235 2.11773868781389e-07 2.2389674624763e-05
VIT_10s0003g01590 -8.18190118381481 0.976404300537817 2.1286350657101e-07 2.24052968774832e-05
VIT_11s0016g05290 -5.4003535217193 2.44807379395008 2.32576365999743e-07 2.43723638519907e-05
VIT_12s0134g00230 -3.66529722257791 -0.00918761970943329 2.40953926946524e-07 2.50297467869166e-05
VIT_10s0042g00530 -8.27860713111029 1.76948744338373 2.44869311563382e-07 2.5325874710738e-05
VIT_03s0038g02630 -4.55366111539743 2.59702828743587 2.7604158724213e-07 2.81823059112266e-05
VIT_08s0040g01930 -3.12325605659985 2.04618284106856 2.80503117894797e-07 2.85154195234249e-05
VIT_18s0001g02390 -9.53163408680452 1.14157580625259 3.461658469558e-07 3.32040047071959e-05
VIT_06s0061g00250 -9.73011381606953 1.05834227950921 3.51829783510164e-07 3.36117545788746e-05
VIT_09s0018g01090 -2.93990242900964 0.48884393251176 3.66435431030854e-07 3.48670641334478e-05
VIT_03s0063g01460 -1.98182689115888 5.39268793256758 3.74618798299591e-07 3.5362825293455e-05
VIT_02s0154g00190 -6.81094418213803 4.31170746458138 4.38219118484018e-07 4.07201421503821e-05
VIT_02s0154g00140 -3.497955874595 4.64754182916297 4.65145634070623e-07 4.2557247474123e-05
VIT_12s0059g02770 -3.58783151968248 2.20039379683994 4.82062859901704e-07 4.37683637837471e-05
VIT_09s0002g04050 -4.21572284759401 -1.06853253764138 4.88729661405782e-07 4.40375044906089e-05
VIT_11s0052g00770 -3.96953095449173 4.41565679018495 5.17884539006474e-07 4.63136744882932e-05
VIT_07s0005g01920 -3.55671916763135 -0.834835416007799 5.22061373425915e-07 4.6338790862148e-05
VIT_19s0014g01840 -2.04724190120751 5.1080785357738 5.5845893834336e-07 4.9020742528826e-05
VIT_17s0000g05950 -4.63118487851939 1.42422655900988 6.69665592540554e-07 5.68928754119811e-05
VIT_15s0048g01260 -2.00959087248681 2.39466495476065 7.00570323478745e-07 5.86801649820859e-05
VIT_12s0028g00900 -4.77306820385905 -1.4892862554421 7.10282996649096e-07 5.92849541203113e-05
VIT_08s0040g01490 -3.12383024810435 -1.1834859262894 7.35840796346606e-07 6.07784057760176e-05
VIT_04s0023g03310 -5.38206580552926 0.754798034527923 7.43651998062417e-07 6.11318853404183e-05
VIT_12s0142g00020 -4.65678607899554 -1.22590996030692 8.31217895903629e-07 6.77157921498477e-05
VIT_01s0010g00930 -5.47444511353225 -0.929841597668355 8.41642877430446e-07 6.83310606427149e-05
VIT_00s2395g00010 -1.91998001426097 2.62986413945752 8.73229613335443e-07 7.0654374292597e-05
VIT_01s0011g03490 -3.92968084510889 3.98315544741949 9.54170870330949e-07 7.56593888781087e-05
VIT_00s1918g00010 -3.43942718558886 -0.17805674354097 9.73698021271866e-07 7.66964520861429e-05
VIT_03s0017g00780 -8.56314999840727 0.148299261962246 1.05056039640438e-06 8.16690546067559e-05
VIT_14s0030g00230 -4.13753908877317 2.45583504864268 1.12832493239322e-06 8.67564607540938e-05
VIT_18s0001g00660 -4.18222500799046 2.30179516106939 1.13059117343909e-06 8.67564607540938e-05
VIT_07s0005g00370 -3.7584175262287 0.305039195655341 1.18250558382617e-06 8.98704243707892e-05
VIT_08s0032g00610 -2.70077066576798 -0.246567344832756 1.43478480313245e-06 0.000104695278824891
VIT_13s0064g00130 -1.8772033377416 0.626195174524302 1.57345153390411e-06 0.000112738750266599
VIT_06s0004g02920 -1.6784969483654 3.28590343220294 1.59785563569158e-06 0.000113972535931263
VIT_14s0066g00910 -2.9634554067876 -1.31720783829896 1.73053325107194e-06 0.000121792677445264
VIT_15s0048g00840 -5.26654347500196 0.0487901950094848 1.79669085793132e-06 0.000125838752566187
VIT_16s0050g00170 -4.55670388623545 1.66922895225076 1.81223583333438e-06 0.000126420721417473
VIT_05s0077g01860 -4.33022238280843 4.768625751999 1.90792763227421e-06 0.000131552992801562
VIT_08s0058g00290 -2.54368619677794 -1.15369576739505 2.14816998061937e-06 0.000147264171466782
VIT_12s0142g00640 -11.4225745641053 2.18068402386827 2.20711213020272e-06 0.000150437774651181
VIT_01s0026g02460 -3.28122422127754 1.59477868002223 2.23765732904494e-06 0.000151219865179889
VIT_00s0285g00020 -3.72713619686305 0.404284378774723 2.37029994818303e-06 0.000158931587542346
VIT_02s0154g00200 -9.46804738930366 3.45446650066311 2.41152246885953e-06 0.000161138473284355
VIT_00s2745g00010 -5.11821574199355 0.843126020258237 2.55910485229655e-06 0.000169099961740084
VIT_16s0022g02310 -2.67172830004196 2.32104659914762 2.56934359052786e-06 0.000169306219754783
VIT_04s0023g02850 -8.20600967390586 1.23716738379351 2.74714513725152e-06 0.000178549422199287
VIT_18s0122g00220 -1.59908799156459 4.23459250136075 2.76990440522949e-06 0.000179538108968935
VIT_00s0404g00070 -2.19428147204727 4.10603756903764 2.79004073322604e-06 0.000180351872179296
VIT_12s0028g00640 -1.98919860894071 4.23447343216364 2.7987450307104e-06 0.000180424246044821
VIT_07s0005g05210 -12.4082472617259 4.86123147304724 2.81830911627437e-06 0.000181194425021445
VIT_03s0097g00700 -5.65528591869462 3.92508452446888 2.83773342532066e-06 0.000181951489815439
VIT_11s0037g00940 -3.05194189366184 5.82595137560817 2.98767411614723e-06 0.000189018063497102
VIT_18s0001g02930 -3.98821572182256 -1.61078572140854 3.25026082882432e-06 0.000202401059152023
VIT_07s0104g00780 -5.91530950617311 -0.16027442449556 3.33707149686679e-06 0.000205847267066381
VIT_11s0065g00570 -6.33189955755805 -0.104680744948882 3.45725926612379e-06 0.000210335763229035
VIT_05s0077g01020 -5.94974571998868 0.261941990144735 3.95014522129887e-06 0.000234915136310644
VIT_00s0160g00160 -7.18043864875034 2.08252880187804 4.52262460410218e-06 0.000263686750201918
VIT_01s0010g03820 -7.35392520443316 -0.276092857586146 4.5635235082503e-06 0.000263982499455083
VIT_10s0003g04340 -2.16357998681508 3.48754408021003 4.57208633661906e-06 0.000263982499455083
VIT_00s0324g00020 -7.01821345455626 1.30692886781525 4.7051578835115e-06 0.000271007979982982
VIT_01s0150g00060 -5.22178258816634 3.26619994817639 5.14187555915572e-06 0.000294734785063124
VIT_18s0075g00820 -8.13169005139613 0.835578185142105 5.48227388350125e-06 0.000309033960049118
VIT_18s0041g01940 -1.74365758360964 2.93896008551908 5.63437750038636e-06 0.000316857144158843
VIT_19s0014g03790 -2.19903873461393 4.45572464759914 5.74488253361582e-06 0.000321506943033179
VIT_14s0006g01780 -6.33971305915722 -0.442421308665004 5.82054601301182e-06 0.000323502683545619
VIT_05s0049g00220 -3.64543022770534 1.19893684224288 6.09555671485093e-06 0.000335650701696467
VIT_07s0031g01570 -8.80207501971684 3.96198869560061 6.83465867906171e-06 0.000371193745793424
VIT_00s0198g00010 -3.14866161318825 0.290946152436373 7.0024113768516e-06 0.000379438181850902
VIT_03s0038g02410 -2.87102054939491 0.844870914250754 7.13394062060152e-06 0.000384812198373853
VIT_15s0024g01680 -9.87018539789042 2.50177902733488 7.21720952845504e-06 0.000388423032268978
VIT_18s0001g02940 -5.97176551371224 -1.21106170232879 7.41715474510387e-06 0.00039649275747535
VIT_18s0001g07140 -2.81387031162877 4.55830667048503 7.57863193771666e-06 0.000400623325632009
VIT_12s0059g02160 -2.61225285351227 0.89683520752371 7.77912796200681e-06 0.000406703068044435
VIT_08s0007g05960 -5.27709602653277 0.00878017487914621 7.84266255326013e-06 0.00040912556319507
VIT_09s0002g07920 -1.91175301507982 5.61932550456518 8.15107860964807e-06 0.000420897001218349
VIT_18s0089g00560 -3.26592421381602 2.36093804313393 8.32101131226299e-06 0.000426595295465758
VIT_11s0078g00220 -4.52007477213286 1.92668950340755 8.87141217908024e-06 0.000448087182830623
VIT_07s0129g00120 -4.77184262516902 0.260866782581196 9.09481940961748e-06 0.000458363483296569
VIT_14s0083g00820 -6.59544339099778 2.10037980742033 9.14041692356242e-06 0.000459590902265948
VIT_05s0077g02280 -3.41498934294184 3.67295294563088 9.1578143464797e-06 0.000459590902265948
VIT_03s0132g00320 -4.31410747966344 1.02172302074142 9.30834274516308e-06 0.000465182473155335
VIT_00s0125g00350 -5.24509604018548 1.16084987870106 9.75287184346452e-06 0.000481330529901108
VIT_14s0030g00600 -5.94214183422046 -1.01417941266657 9.79501725347719e-06 0.000482409669618458
VIT_06s0061g01200 -3.74881444945908 -0.0341134464212616 9.95110400518307e-06 0.000488076004278959
VIT_08s0056g01130 -3.16057453147334 1.23229045761664 1.03503272615563e-05 0.000503978496506107
VIT_03s0132g00280 -2.76970056089974 1.01776275154577 1.03812621190513e-05 0.000503978496506107
VIT_07s0005g03530 -3.5083389966486 2.50649624602442 1.04374467816247e-05 0.000504646309027009
VIT_13s0139g00390 -7.70223025082329 -0.968934455484969 1.08422181463719e-05 0.000523153519809119
VIT_02s0025g03140 -4.11937547665141 1.80834383565865 1.10348998091273e-05 0.000529230235200647
VIT_19s0015g01930 -5.25725345310248 -1.3650090530022 1.11183237794272e-05 0.000532158322062403
VIT_15s0021g02350 -3.87042356312149 -0.289914299087669 1.12048026225233e-05 0.00053441070927279
VIT_09s0070g00320 -6.80776924764449 2.93659696406512 1.12558179796788e-05 0.000535506796201198
VIT_05s0051g00060 -7.72844262573952 -1.28735535258914 1.13805134644788e-05 0.000540358591403238
VIT_02s0025g02680 -2.67635056172027 2.10025123184614 1.14256199869865e-05 0.000541419618028755
VIT_11s0065g00760 -4.78159515981687 -1.09753978411176 1.15005075484245e-05 0.000543884838095274
VIT_09s0054g01710 -2.68995278399417 0.272468621050869 1.15906114904453e-05 0.000545975180464776
VIT_14s0060g00500 -10.5681191823084 3.66566101737471 1.16186779229525e-05 0.000546169653505443
VIT_04s0023g00130 -5.34133688896818 4.91527106761615 1.16406597581663e-05 0.000546169653505443
VIT_19s0090g00110 -2.05317956276958 1.91577391069263 1.27905753486515e-05 0.000587254679697745
VIT_00s0238g00090 -4.73922023384246 2.74778240953883 1.31300814391272e-05 0.000594386316299448
VIT_08s0040g00580 -3.31703545260402 0.14958016618806 1.34090202904709e-05 0.000604116997480534
VIT_17s0000g01260 -2.24952367661487 3.57005212956439 1.35424712997997e-05 0.000607408109786275
VIT_01s0127g00730 -2.98106055116694 1.11710923130266 1.35586727045784e-05 0.000607408109786275
VIT_00s0347g00120 -9.38259063097917 0.874626658059422 1.37453053514376e-05 0.000612309594943817
VIT_04s0008g05730 -4.27467461794256 1.57521455555491 1.38997611839168e-05 0.000616879699707114
VIT_00s0829g00010 -8.02657681015448 -1.90001386847527 1.42879973859241e-05 0.000631759058531622
VIT_16s0013g00310 -1.83215913932659 0.446671085240495 1.43945104478711e-05 0.000634104841729552
VIT_14s0081g00370 -4.27079222639655 -0.270450688231128 1.45914357668487e-05 0.000639686779585809
VIT_17s0000g06320 -1.50194540006233 3.63402358101736 1.46018968099501e-05 0.000639686779585809
VIT_15s0045g00770 -9.7223297208395 1.52847896996939 1.49225952953745e-05 0.000646710659232286
VIT_04s0008g04910 -3.88584610468532 5.09334923202724 1.49253468941704e-05 0.000646710659232286
VIT_17s0053g00910 -2.00553085805375 0.370362123395147 1.57542069195882e-05 0.000674030708998496
VIT_04s0023g01680 -5.91556246829806 0.541084545291434 1.58672600495315e-05 0.000675272139624793
VIT_02s0025g03840 -6.13119198575467 -0.609693582778433 1.61324238636647e-05 0.000681309512062634
VIT_03s0017g01360 -2.50787177106516 -0.743828541881019 1.62309130322777e-05 0.000683364529578446
VIT_01s0026g00410 -6.71574789019228 -0.108304973181159 1.64603906994473e-05 0.00068815426003243
VIT_10s0116g00920 -4.91319084931035 4.32379326167367 1.6534910405412e-05 0.000688848421583082
VIT_00s0531g00020 -2.79207722051876 2.6378227918577 1.65974831417443e-05 0.000690246379328347
VIT_15s0048g00300 -2.08198114896118 4.09915823236146 1.67656414854405e-05 0.000694810243302542
VIT_00s0391g00020 -1.66848718115822 3.68318506113079 1.75930331160737e-05 0.000717288089162871
VIT_18s0001g08460 -2.9791086731168 1.08091243076454 1.79564254970233e-05 0.0007276787899884
VIT_10s0116g01360 -6.72214085880737 -1.49396920236606 1.82933712726647e-05 0.000736322895048808
VIT_00s0768g00040 -8.32381603468063 4.1671395236812 1.8293544264917e-05 0.000736322895048808
VIT_07s0005g03260 -5.2376001925315 -0.0973982705766442 1.8330385847179e-05 0.000736559490764685
VIT_00s0218g00040 -7.89471576316363 0.944659939775912 1.88310138371274e-05 0.000749188704123975
VIT_14s0081g00380 -6.43331313275325 -0.589024812689867 1.88895396727636e-05 0.000750157545468614
VIT_00s0338g00010 -5.56209823896865 4.37871843733913 1.93806976923394e-05 0.000763921666563445
VIT_08s0007g03740 -3.60801855522357 1.75012991249413 1.97433435087785e-05 0.00077373089849559
VIT_10s0003g02260 -3.66374778478085 0.0446823294891307 2.04216691262293e-05 0.0007950747384202
VIT_01s0011g03600 -2.16806916184103 2.82919562747032 2.05036860263736e-05 0.000796963534632967
VIT_02s0033g00420 -6.05145963060874 1.84949999764 2.06146171829854e-05 0.000797366688697327
VIT_03s0038g00950 -4.14070925912423 3.01625294564535 2.12044373049555e-05 0.000813977176197948
VIT_11s0065g00020 -7.93734400217086 -1.07575872346802 2.13107618093614e-05 0.000816329149631384
VIT_08s0007g03100 -3.71041416748132 1.1799435503943 2.18492170867351e-05 0.000832931371889832
VIT_09s0002g06500 -8.90879037740744 0.350172601396202 2.19090869880421e-05 0.000833877378034474
VIT_14s0066g00020 -6.90939031981093 0.707978988173875 2.24375840983526e-05 0.000849115888382312
VIT_00s0432g00020 -4.583908463538 3.10977605480643 2.40052826914084e-05 0.00090354060864434
VIT_16s0022g02400 -3.41580692361643 1.87349794484231 2.45993670282101e-05 0.00092007821205513
VIT_06s0009g02480 -1.76595563979198 2.61126338636815 2.4806820081636e-05 0.000926380904398676
VIT_04s0008g05360 -6.40645542324073 1.55081072118411 2.55223824325328e-05 0.000950119613935978
VIT_02s0154g00110 -3.76472756779398 4.22414538464284 2.57960273035992e-05 0.000955819154981337
VIT_06s0004g04030 -2.93302613156498 2.66306677978154 2.59531229539935e-05 0.000958653554083225
VIT_09s0002g08830 -7.99609758664127 0.421849634724224 2.69723954506696e-05 0.000991683683122918
VIT_02s0241g00060 -1.99318565575282 4.13333628900398 2.70369203819904e-05 0.000992522009331464
VIT_00s0160g00150 -3.17055560540619 1.90943861285013 2.71072431660981e-05 0.00099357026261193
VIT_13s0067g02370 -6.47637889873412 0.44997738651213 2.74861613248981e-05 0.000999497516137556
VIT_14s0108g00650 -7.05527278998636 -1.42377632206213 2.76778199880795e-05 0.00100362112579142
VIT_12s0034g00080 -2.16023532992411 3.64252349781532 2.80825589028998e-05 0.00101369940998813
VIT_17s0000g05440 -2.48217021808252 0.600276999474715 3.08836398550586e-05 0.00110143931764938
VIT_14s0108g00670 -8.73000107189541 0.0751354758736572 3.11988076469063e-05 0.0011110138268033
VIT_18s0001g09020 -3.05161378376929 -0.968326386730191 3.17965564647936e-05 0.00112723768283832
VIT_00s1814g00010 -9.04840124125344 0.204266565310884 3.21821627142577e-05 0.00113751751359103
VIT_13s0064g01400 -4.77189728530673 -1.55997247125819 3.22542075407878e-05 0.00113791998259345
VIT_15s0024g01960 -3.50971248498786 0.416464881335054 3.22892209622743e-05 0.00113791998259345
VIT_11s0037g00960 -2.20863371437727 3.79382629810434 3.26048824080566e-05 0.00114684657987405
VIT_15s0021g02330 -5.00185616811807 -0.564179346750874 3.27531298135275e-05 0.0011491614336345
VIT_14s0060g00490 -3.42344855485391 5.33357738171817 3.30968949774091e-05 0.00115441193214458
VIT_00s0841g00020 -3.09513952832417 1.40856217954859 3.31514360262755e-05 0.0011546213179986
VIT_02s0025g00560 -2.30398313786931 1.09963271967453 3.3623885152636e-05 0.00116511176750958
VIT_14s0083g00130 -5.02134628771049 -0.290284652148937 3.36975322030684e-05 0.00116511176750958
VIT_13s0019g01210 -1.76511327096129 2.87778077625494 3.55157287104849e-05 0.00121492493853195
VIT_13s0064g01130 -10.0724383394521 2.23532882250427 3.55468201285621e-05 0.00121492493853195
VIT_12s0028g03790 -1.60440456972223 3.64330856479072 3.60698294080575e-05 0.00122750944486248
VIT_02s0025g00910 -2.75682133122855 2.30588284801707 3.63742090740822e-05 0.00123609955064895
VIT_09s0002g07980 -4.88905330686106 -1.05682876397078 3.6933173622702e-05 0.00125151899449692
VIT_04s0008g05520 -3.06145432732324 4.03358524586511 3.70567764285332e-05 0.0012521400535255
VIT_16s0022g02520 -7.83970965423397 0.222094317905349 3.72533006338762e-05 0.00125521461115956
VIT_15s0021g01080 -5.16260679309318 0.808353005624893 3.7894415021e-05 0.00127141374403321
VIT_00s1602g00010 -6.35037244036681 -0.140814977827029 3.82253167031293e-05 0.00128070962497752
VIT_00s0160g00020 -2.55551504097341 1.35681798824478 3.87969378070305e-05 0.00129621005133938
VIT_09s0002g08910 -5.58574184005297 -0.655735249517299 4.00206778848085e-05 0.00132747384390327
VIT_18s0001g05500 -5.07423414305606 -0.2412781625964 4.00454042769656e-05 0.00132747384390327
VIT_10s0116g01880 -3.4225031576416 2.94435568658311 4.01341265595593e-05 0.00132783115799555
VIT_11s0052g00870 -3.28356354950414 2.54640431225035 4.32935657102247e-05 0.00142443615645204
VIT_07s0005g00480 -2.45178194093769 -1.33527220690955 4.47011231101007e-05 0.00146265518093958
VIT_17s0000g03440 -1.93317532541442 3.76743763833756 4.55185169140211e-05 0.00148531478786109
VIT_09s0096g00130 -4.95772849882548 -1.02560347687298 4.58732550845925e-05 0.00149432935163413
VIT_07s0255g00070 -5.38201185285442 -0.200130622845428 4.88879467742334e-05 0.0015652038733048
VIT_04s0069g00140 -7.91654358927396 -0.800103557561742 4.91284918603308e-05 0.00157079108114724
VIT_11s0065g00990 -4.42191330296652 1.89287657762926 4.98261843940496e-05 0.00158457924380435
VIT_00s0213g00020 -7.07254669906148 -1.63025841958682 5.00762036426326e-05 0.00159040418191047
VIT_15s0048g00920 -3.35887876708503 -1.1684999916572 5.06952174638857e-05 0.00160791711070788
VIT_15s0046g00700 -10.6022860992778 2.74710190575519 5.14039624292585e-05 0.00162822564349827
VIT_10s0003g03650 -5.98711053462973 4.3446978398356 5.17073636593601e-05 0.00163136842454593
VIT_02s0087g00680 -1.52155583954668 2.24777704848236 5.19877595252263e-05 0.00163799314382263
VIT_02s0488g00050 -9.96595925755366 1.1944837742463 5.24079716995654e-05 0.00164600005321904
VIT_03s0038g04210 -3.0712631944508 3.65404161118517 5.30358498252502e-05 0.00166002209953033
VIT_12s0057g01610 -5.26595179778328 -1.00878380018493 5.32309387520456e-05 0.00166387407265484
VIT_00s0199g00130 -11.6458292974089 4.41457475804115 5.35223803788183e-05 0.00166866367555876
VIT_06s0004g03860 -2.86264194255279 -0.0855319408322948 5.44875410786759e-05 0.00169653092562767
VIT_13s0084g00380 -3.52670673878266 1.68890888232419 5.5458606787558e-05 0.00172030465955515
VIT_00s0972g00010 -3.46015166439519 0.92048001124488 5.61852131158578e-05 0.00174027845000003
VIT_04s0008g02420 -2.18922080730259 1.49595227163698 5.63643374774826e-05 0.0017435563848041
VIT_00s0259g00090 -3.98755174560344 0.86530432597809 5.82472208305899e-05 0.00178933111349683
VIT_11s0206g00080 -3.51532758995776 1.56384197044101 5.89804853227634e-05 0.0018080254959509
VIT_01s0026g01820 -4.41260197585637 -1.25045798942963 6.00419451572159e-05 0.00182410956756048
VIT_16s0100g00050 -4.7061917194198 -0.860429528353572 6.0299486376993e-05 0.00182753084859858
VIT_15s0021g00050 -7.09864588124457 5.64860065356227 6.07098190410138e-05 0.00183502563576574
VIT_06s0004g06810 -3.14609989063729 1.04079437584158 6.15661259548645e-05 0.0018561913868369
VIT_09s0002g01540 -2.19205765019652 3.27139229703395 6.25074565341004e-05 0.00187980704934662
VIT_00s0194g00280 -6.01620871670651 -0.623750312341195 6.46867813954327e-05 0.00193487219344668
VIT_00s0246g00190 -2.38278671104163 1.3475165910554 6.66343954427029e-05 0.00198062592723608
VIT_03s0038g03950 -3.70128107287962 0.79703396923609 6.70512186007237e-05 0.00198631928776341
VIT_14s0006g01670 -5.10133773704998 2.87120700733679 6.78760244447255e-05 0.00200825232523772
VIT_00s0865g00030 -1.52948733428409 6.55143375163645 6.89915060982467e-05 0.0020319389710927
VIT_00s0801g00020 -1.64004628595058 2.4759490540825 6.90182734421937e-05 0.0020319389710927
VIT_11s0065g01080 -7.69345782681095 0.491611959194441 6.9537193972541e-05 0.00203859778001869
VIT_07s0031g00550 -2.30225515151844 -1.27086294998587 6.98382969605214e-05 0.00204092556277258
VIT_05s0165g00270 -9.12941861950186 2.27879310080113 7.06981614348318e-05 0.00205846739805603
VIT_15s0048g00130 -4.28454135569364 -1.35272199578088 7.18682076887197e-05 0.00207227294551669
VIT_08s0007g04040 -8.90365479211483 -0.977172194424132 7.22993591182922e-05 0.00208215151901445
VIT_13s0064g01850 -2.00098676856033 2.84305470794009 7.47534803302646e-05 0.00212707630394298
VIT_15s0048g00170 -5.49205873832024 -0.14967308671837 8.22949047449339e-05 0.00230852735150057
VIT_01s0010g01870 -1.94939957165329 4.37714542344797 8.26165939258842e-05 0.00231482159753702
VIT_03s0167g00070 -4.94541106107739 2.12747252144848 8.32573184809205e-05 0.0023300295200284
VIT_07s0005g04770 -2.90382005604037 3.49311684043759 8.5023882523464e-05 0.00237109978601191
VIT_07s0289g00100 -4.16892181388595 -0.358742941609655 8.59684013655077e-05 0.00239128334155276
VIT_02s0025g03070 -6.2757359235505 1.39837287744314 8.60492071787944e-05 0.00239128334155276
VIT_11s0037g01420 -2.31320544179345 2.80168746028148 8.68029608500562e-05 0.00240660703112021
VIT_11s0016g03840 -3.5491536990233 0.436096302799047 9.07399731292662e-05 0.00249652499690699
VIT_00s0238g00130 -5.33400248939854 4.34706187554554 9.34512610627265e-05 0.00254641305631173
VIT_14s0006g01040 -2.90695438215383 2.11990075490995 9.36073665360851e-05 0.00254774832398214
VIT_15s0046g01130 -2.13234074516449 1.62837762925559 9.43439340568576e-05 0.00255901197644758
VIT_07s0095g00570 -5.87755050560379 -0.969242929254399 9.47721893272268e-05 0.00256770027302514
VIT_00s0480g00080 -7.15713634435849 3.69125787890385 9.56858378933106e-05 0.00258950479158825
VIT_15s0046g01150 -5.30900961940472 -1.36152035783129 9.64323657908013e-05 0.00260378333420157
VIT_05s0124g00100 -3.7948891043489 2.4014676511704 9.89793470432721e-05 0.0026649355767075
VIT_06s0009g03100 -4.05313280637904 -1.15974208945214 9.99900697817072e-05 0.00268158261552114
VIT_11s0103g00290 -5.32476489246736 0.0211424379247469 0.000101374530468134 0.00271259542269514
VIT_18s0075g01040 -4.12430352288387 1.2648409622258 0.000103705849587853 0.00275329771204892
VIT_13s0084g00690 -1.98334638751247 1.11022311431499 0.000103939774867553 0.00275643184453664
VIT_19s0015g02220 -4.1285319711481 -0.33012313689958 0.000104992196188944 0.00277396768671228
VIT_05s0020g04320 -5.88844536837613 -0.791205016285187 0.000105067466190002 0.00277396768671228
VIT_02s0012g00720 -6.95253392201205 1.00583420452287 0.000105331309567791 0.00277785054545301
VIT_00s0338g00040 -4.43582564435812 -0.903513619849149 0.000105801155479944 0.00278406845858064
VIT_10s0003g03460 -5.61176537733963 -0.934919671962365 0.000106814094263234 0.00280451840434196
VIT_06s0004g02490 -2.2005676536798 0.432947674183431 0.000108238658220599 0.00283878853555855
VIT_06s0009g02150 -4.55806580810815 -0.522892460596025 0.000108814739088577 0.00285075442008708
VIT_17s0000g03090 -2.72023752287263 2.18814704680239 0.000111293835239543 0.00290291420249807
VIT_00s2814g00010 -8.83709227437592 -0.353058263600014 0.000112692958695596 0.00292977060267852
VIT_14s0068g01800 -3.14036543938743 1.80055843877338 0.000118030178044216 0.00303863839319892
VIT_01s0011g01850 -1.5469492100623 3.39878475177659 0.000119335682399257 0.00306561254094332
VIT_13s0047g00610 -4.17200458217865 -0.191539563654337 0.000122442748752383 0.00312853717220374
VIT_01s0127g00640 -5.74584097108458 -1.46323852091918 0.000122751453832146 0.00312970159030985
VIT_10s0003g03230 -5.38996500339477 1.247522543995 0.00012440656652336 0.00315836009013626
VIT_08s0040g00830 -2.22872013143262 2.33588166923596 0.000128227340207711 0.00323808064634928
VIT_14s0219g00270 -4.15548216783297 3.34594164661477 0.000128932654903051 0.00324899363859509
VIT_18s0041g00790 -8.24207086857268 2.69670345434249 0.000129405641663891 0.00325693503516946
VIT_00s2287g00010 -3.00276142856701 -0.203244844976334 0.000129521630371209 0.00325693503516946
VIT_02s0033g00350 -4.5373504946757 -1.04626983360717 0.000130311792565099 0.00326989126744575
VIT_05s0020g03820 -2.82588035813774 -0.220049833837944 0.000133298337560583 0.00331624350820798
VIT_19s0014g03260 -3.03604476308663 -0.810507129170448 0.000133413697551498 0.00331624350820798
VIT_19s0090g00590 -2.71784748921481 2.79672475699829 0.000133896509905385 0.00332313379330815
VIT_15s0048g02120 -2.85397733918641 1.21100644052366 0.000133970292070898 0.00332313379330815
VIT_18s0072g00140 -2.04369817335559 0.509202095899702 0.000135030791496942 0.0033389942496146
VIT_02s0154g00170 -9.30456301464848 0.45338286230522 0.000136268586221813 0.00335912655859533
VIT_11s0037g00950 -2.62574153764972 7.56264608045623 0.000138659641377663 0.00341452955392531
VIT_02s0012g01290 -2.28905650731732 0.115612939938042 0.000139319132837567 0.0034193588320784
VIT_18s0041g02160 -8.98685040330242 0.448385215327805 0.000139703691585812 0.0034193588320784
VIT_11s0052g01600 -3.26772745744366 5.32218964532559 0.000142524582174518 0.00346664085968041
VIT_10s0116g01520 -2.25707623789296 -0.184712653658573 0.000143790906438673 0.00348774845224682
VIT_09s0002g01370 -4.73236162422152 3.74716906946149 0.000147154334632409 0.00354661328493997
VIT_14s0006g01680 -5.41517488653294 0.90525034308495 0.000148051207360197 0.00355711820850648
VIT_04s0023g00320 -5.31397111563659 3.26952516779372 0.000149619254798365 0.00358423246036608
VIT_12s0059g00390 -5.80166495611301 -0.543604744900625 0.000150586775630083 0.0036037809041131
VIT_00s0160g00120 -2.36261269450334 2.72350589661443 0.000152068728740211 0.00363558886359009
VIT_04s0044g01970 -2.45628760128175 3.629533964705 0.000152809015040333 0.00364630563374552
VIT_06s0009g02010 -8.876816176672 2.88959963584895 0.000153075126328475 0.00364864840190557
VIT_03s0091g00230 -4.20715703584519 3.32366165104752 0.000153791206883025 0.00366204727661001
VIT_12s0059g01960 -2.68554415588708 1.81015390820039 0.000155282447001985 0.00369385884928322
VIT_04s0023g02930 -2.61882993640666 2.56195745629224 0.000156927027914913 0.00372552908187621
VIT_00s0208g00020 -6.62649123540421 -0.603959061233224 0.000165585276709488 0.00388839344754718
VIT_12s0028g03570 -1.5231597093968 4.29485358835761 0.000166253828900137 0.00390024268429631
VIT_16s0050g02500 -7.74453033721277 0.85264131616326 0.00016831184555686 0.00394075017923878
VIT_15s0048g01000 -3.62115316216529 3.98251147946157 0.000170787403885409 0.00398303016041774
VIT_13s0067g03490 -2.53180125855848 3.66603208639323 0.000171724762798556 0.00398943735629713
VIT_19s0015g02820 -9.74523411463766 0.59808115365769 0.000171864062659516 0.00398943735629713
VIT_17s0000g06040 -2.18215287346707 0.386047363237208 0.000171947105927489 0.00398943735629713
VIT_14s0036g01200 -3.05746629745179 0.140644705331646 0.000173148337080832 0.0040066659946292
VIT_19s0093g00120 -5.7485635265899 -0.0395795270081156 0.000174039836717968 0.00402338157030808
VIT_00s1450g00010 -6.43945269553557 1.13348061706412 0.000176521365290726 0.00406694734549933
VIT_08s0056g00870 -3.37613014174097 -0.0439501941511152 0.000181172706985635 0.00414796569179431
VIT_18s0075g01060 -7.09558644077006 -2.39943289024432 0.000185168063384825 0.0042184688904941
VIT_13s0064g01500 -11.4591111369163 1.67768528987367 0.00018709100137428 0.00424263178330922
VIT_03s0063g01470 -3.43308478987417 1.65728506067358 0.000188974207135981 0.00426905834696175
VIT_02s0012g00860 -4.03530337136746 1.54546040660323 0.000189249894848815 0.0042712300746334
VIT_08s0040g01450 -2.13965719317346 1.03265673604449 0.000192932195990811 0.0043460900362021
VIT_14s0006g02000 -2.16383653612573 3.49517411871336 0.00019344092433517 0.00435162547234189
VIT_01s0011g05210 -2.64029093757206 2.41441143126264 0.000194245072408258 0.00435915262495061
VIT_09s0018g01150 -1.51937157479678 1.02953946929172 0.000194727596786019 0.00436175148055161
VIT_19s0140g00050 -3.05447370692952 -0.164354409369895 0.000195295483602789 0.00437035650417981
VIT_18s0001g03470 -4.82573454318772 6.99803519735016 0.000195569588095639 0.00437111194887837
VIT_00s0160g00140 -10.4222479993647 0.660179040329082 0.000197865363648107 0.00440493733740564
VIT_09s0002g03160 -6.70636527689878 2.28885023482386 0.000198016010713836 0.00440493733740564
VIT_12s0059g01280 -2.30597089119634 3.70405258697793 0.000198136999790821 0.00440493733740564
VIT_15s0021g02290 -3.71203354893184 2.65884693922347 0.000203092862940856 0.0045066912533928
VIT_04s0023g02170 -1.86283050377565 2.24034673803474 0.00020515978596111 0.00454831406192254
VIT_11s0016g03930 -1.7431769633615 -0.353318561828438 0.000207179843593954 0.00458029193253993
VIT_15s0048g02420 -1.81284960221042 4.83884001216845 0.00020974827133643 0.00461136033137799
VIT_16s0050g01950 -3.38353219883023 0.997022223766063 0.000212675646964985 0.00465647681822844
VIT_07s0255g00160 -6.43881768421385 2.90402398834123 0.000214030924604816 0.00467097948119208
VIT_12s0035g01880 -2.93653138005891 4.42361308360059 0.000215044885850517 0.00467231553771887
VIT_13s0084g00440 -10.4296472293036 1.8579418223139 0.000215527347306919 0.00467788735194981
VIT_00s1221g00010 -4.44717542779647 1.07279773974703 0.000218795821645392 0.00471999861110704
VIT_08s0007g02550 -3.39752794470326 0.805226506514748 0.00021973801352971 0.00473471726978691
VIT_18s0001g02290 -3.92701113085269 4.20279805572688 0.000220334957150328 0.0047432832223457
VIT_18s0075g00710 -3.47724150600395 0.203973726196417 0.000220808318656931 0.00474917566384365
VIT_15s0048g01250 -4.29303197119783 3.3572034017907 0.00022162012557812 0.00475995485512677
VIT_15s0021g02830 -7.77734532016555 0.550728996233868 0.00022641523062207 0.00484349416010594
VIT_00s0424g00020 -4.60555977455829 0.496395612626331 0.000229942977630611 0.00489948712377552
VIT_13s0067g02390 -2.3796927307568 1.27692866661301 0.000230150876739792 0.00489948712377552
VIT_19s0015g01530 -5.42305270589892 -0.598890683950573 0.000230268480090005 0.00489948712377552
VIT_14s0068g00190 -1.51787446527362 1.76968429424293 0.000235855868062022 0.00497829582028338
VIT_01s0011g01250 -2.95257437128623 -0.292112981802198 0.000239747842079457 0.00504701032512046
VIT_08s0007g06470 -4.05899250420411 1.59708466923744 0.000240925189007691 0.00506731069506186
VIT_14s0068g02080 -1.77836771414465 0.677002819753678 0.000241216359771344 0.00506895297371089
VIT_05s0049g01800 -4.22255497853985 -0.142783630097134 0.000242489244181806 0.00509120400758765
VIT_15s0048g01240 -4.88997843032996 2.54550066267952 0.000247244699343077 0.00517733882744112
VIT_05s0124g00620 -3.55076629551818 -0.883190108549115 0.000247697383362111 0.00518210938054094
VIT_13s0067g01850 -4.32714177658219 0.0625539486080757 0.000247908208973247 0.00518210938054094
VIT_04s0044g01950 -1.63453506785728 0.551215537194485 0.000252657402015831 0.00525707692446992
VIT_12s0059g00460 -2.32269524413495 0.935230686611018 0.000257044550810576 0.00530897254874726
VIT_19s0015g00810 -3.79184903123135 0.996038894155613 0.000266615073084595 0.00546523633490714
VIT_05s0051g01060 -5.76467349723274 -0.692533348675148 0.000266736984396637 0.00546523633490714
VIT_16s0115g00180 -5.59770162424026 1.48767561832807 0.000268671448666832 0.00548126622717547
VIT_13s0084g00340 -1.65284184402147 4.07917949424242 0.000268968717575687 0.00548262883778101
VIT_07s0129g00260 -5.36852130114223 -0.180860520754368 0.000271504901834024 0.00552485766024615
VIT_00s0276g00010 -2.8347116263038 0.00572116771700112 0.000272193592136291 0.00552915071232098
VIT_13s0101g00240 -2.67106429638855 3.03375561026247 0.000278591240581348 0.00560670764039687
VIT_03s0063g02570 -3.22984069449463 1.37488929265903 0.000279702702672898 0.00561956747566124
VIT_04s0008g03460 -3.29535922489989 0.49213935349334 0.000280774033196691 0.00563476483977816
VIT_00s2710g00010 -1.77500171420618 3.21933682881597 0.000280932869513069 0.00563476483977816
VIT_07s0141g01010 -6.64609487617181 -0.447874327608719 0.000281732558339833 0.00564604389030155
VIT_06s0004g04000 -3.96680872896202 4.06102303357382 0.000285289822438211 0.00570771597658549
VIT_00s2628g00010 -7.48523652131876 -2.01126395672364 0.000286200107777706 0.00571631248011424
VIT_13s0019g02170 -1.67251002737751 1.88110787196633 0.00028881451208888 0.00575403652727829
VIT_06s0061g01550 -1.6939984527508 0.464487805797649 0.000290526906399308 0.0057688264185532
VIT_15s0046g00920 -6.33440972968287 -1.08013770838433 0.000294777959855048 0.00582261203699195
VIT_09s0002g03710 -2.81975982150698 -1.60763522730303 0.000302742077344679 0.00593368579787663
VIT_00s0222g00030 -4.55700020667173 0.706024121128425 0.00030282052121331 0.00593368579787663
VIT_12s0134g00010 -2.65962649341777 2.95840610450465 0.000305623929859481 0.00597876812787609
VIT_19s0014g04520 -3.11415595937714 0.209441499597911 0.000306693238162212 0.00598226362260714
VIT_09s0054g00160 -8.63695617131432 -1.09429539414722 0.000311327734098463 0.00604560337855857
VIT_04s0023g01020 -2.17437526839547 4.30754753483898 0.000316735527091193 0.00612561359223196
VIT_17s0000g08100 -5.22321531799287 -0.305435089148024 0.000319078366225037 0.00616090598681915
VIT_00s0901g00010 -4.09616829826632 1.10014034603748 0.000323426729844611 0.00621711606557562
VIT_10s0042g00400 -7.64623879776123 -1.10756688911356 0.000326824411185185 0.00624993894253834
VIT_06s0009g02090 -2.13906836611436 0.513815233951019 0.000326842275286602 0.00624993894253834
VIT_18s0001g13510 -2.89501580174452 0.387535572275341 0.000332096594727033 0.00633005913090277
VIT_02s0154g00160 -8.50230827720836 -0.116216929276302 0.000332703164033019 0.00633654352763607
VIT_12s0055g00650 -4.22718175793595 -0.43699495487668 0.000342543864663326 0.0064772920926957
VIT_03s0063g02140 -2.97018156147259 -1.27233228746062 0.000347510814841461 0.00656078354241959
VIT_18s0072g00850 -2.72116776379586 -0.718112326135223 0.000352196991173787 0.00663508283079596
VIT_08s0007g03840 -1.88605999172279 0.56250959794842 0.000353772295215013 0.00665267175615717
VIT_00s2623g00010 -7.18756932473562 3.80428661497403 0.00035377626414742 0.00665267175615717
VIT_07s0005g05420 -7.47613967099956 -0.695010506821196 0.000358487872841059 0.00672532296462391
VIT_16s0039g01140 -7.60756243246274 -1.09629885742076 0.000363451778111988 0.00679166606262998
VIT_08s0058g00800 -3.3148395063936 0.375331936672179 0.000364717735904792 0.00680463176604171
VIT_00s0160g00280 -7.81566983131703 -1.22965486361404 0.000366771219698328 0.00683668913599335
VIT_18s0122g00130 -4.61991939538237 0.131597208894463 0.000367501868231272 0.00684048078363497
VIT_18s0122g00250 -5.09586259204404 5.84289396522509 0.000371080234564102 0.00688853730624046
VIT_16s0039g00870 -7.04010446132185 0.428073053060219 0.000372098185365823 0.00689904258260499
VIT_16s0098g00390 -2.68306129949654 0.896621258417339 0.000375291146949101 0.00695282383459907
VIT_02s0033g01060 -6.94876718602158 0.478863372128902 0.000376100201305822 0.0069596779148236
VIT_19s0015g02890 -7.66055448704266 1.13564760177379 0.000384722629481733 0.00705003844040539
VIT_19s0014g03110 -1.76981681668565 0.328478697495472 0.000384883216708814 0.00705003844040539
VIT_18s0001g02360 -5.20517819888652 -0.17265929656209 0.000387169454127088 0.00708460536521168
VIT_17s0000g09160 -4.09372233565469 0.732382275301026 0.000387676367059833 0.00708842845474198
VIT_09s0018g02080 -2.92186664062351 2.60562395011846 0.000388423950469456 0.00709119641885451
VIT_16s0013g01340 -4.3486175521837 1.78003365316844 0.000392579107479196 0.0071261311496441
VIT_17s0000g03080 -2.14425001328608 1.59449464411512 0.000392702489983405 0.0071261311496441
VIT_03s0017g01630 -6.2155212691674 -0.0304699720693732 0.000393333201592513 0.0071261311496441
VIT_00s0222g00090 -2.52187062856131 0.71351017576865 0.000393949569216164 0.00712754033946257
VIT_01s0011g02920 -3.48265414130885 -0.817595500429143 0.000396228362106955 0.00716221905607921
VIT_00s0361g00110 -7.23636892528295 1.5349036965839 0.000408655748662004 0.00733668147107301
VIT_06s0004g06930 -1.84436691135475 -1.15787785962629 0.000410621722441977 0.00736086626484532
VIT_15s0046g00680 -9.51415016560779 -0.525484900139876 0.000412364592814786 0.00738654287189619
VIT_16s0039g00090 -7.85128647350216 -0.646633588406078 0.000415236439777212 0.00743238858496637
VIT_14s0083g01230 -4.68902587909286 -2.14808434100515 0.000417105847911133 0.00744344629415606
VIT_12s0028g03480 -4.33750042708774 4.81088107576546 0.000424360007548091 0.00754460079189386
VIT_18s0001g05600 -2.3704506134155 2.72392875272452 0.000428995356066706 0.00760585108487268
VIT_00s0340g00090 -3.19348172543856 1.4924864423487 0.000429084082558397 0.00760585108487268
VIT_08s0007g04540 -2.27252321376357 0.273207772173623 0.000433893720320524 0.00766824949404505
VIT_03s0110g00120 -4.79401162014926 1.17677216101023 0.000436404009249626 0.00770117104750008
VIT_18s0122g00040 -2.28633309481918 0.927133759159346 0.000437433888976771 0.00771362294364672
VIT_00s0823g00010 -3.76335997361691 0.301069506142196 0.000445764741850951 0.00779593142411583
VIT_08s0007g08340 -5.72589937477439 -1.23190807520876 0.00044972166912399 0.00783734730045529
VIT_10s0116g00850 -3.94821635990189 -0.726671435935266 0.000457002835339427 0.00794396002015725
VIT_05s0062g01360 -2.75464141081762 3.83690688180301 0.000458625039277082 0.00796290853341107
VIT_13s0067g03860 -2.03630149423334 -0.559634433882148 0.000460549291073867 0.00798509222745274
VIT_16s0013g00170 -6.25399655795087 1.03321623364958 0.000466079880855598 0.00805163994610964
VIT_00s0222g00100 -2.66754416588221 2.66856409785472 0.000467043265114172 0.00805520756584464
VIT_19s0015g00890 -2.58845398477032 -1.37372659383572 0.000467469492708461 0.00805520756584464
VIT_12s0034g00370 -6.36132059693712 -0.206026271624752 0.000470142058414913 0.00809243074209403
VIT_03s0097g00060 -7.84270764599462 -0.720590207735632 0.000479352570611026 0.00821182876803602
VIT_10s0003g03530 -7.2238561441859 3.69064501448898 0.000485090794407853 0.00828380460687294
VIT_00s0169g00090 -5.25486056416126 -1.29536194399528 0.000486306332465763 0.0082986047609007
VIT_15s0046g00630 -12.3440868258122 1.90832469796204 0.00050049643780133 0.0085036565305909
VIT_13s0067g01060 -2.74184641424019 1.97396353806469 0.000503106771840717 0.00853630805174535
VIT_03s0038g00820 -1.91357982550121 4.0365401852188 0.000507250081187038 0.00859434824165047
VIT_13s0067g02340 -1.58304631319306 2.86108887123343 0.000511997414815428 0.00865628607223127
VIT_03s0017g01550 -5.31746543861095 1.0599221534616 0.000512410406259653 0.00865711558530159
VIT_07s0129g00470 -2.22841993349081 3.78642892194139 0.000518332811775457 0.00872144531833789
VIT_11s0016g04140 -2.90246312446517 -0.470004118055099 0.000525253756257699 0.00882396635159473
VIT_16s0022g01580 -6.93137860942282 -0.342497205558646 0.000527699256365592 0.00883707794092798
VIT_19s0135g00180 -2.82623660279174 2.74101965590967 0.000531411181862366 0.00888349205491354
VIT_00s0199g00110 -10.7042422732751 4.62026187407798 0.00053225524406145 0.00888445606307386
VIT_00s0476g00020 -2.37864841623365 1.96971077195541 0.000535161664476041 0.00889617447558076
VIT_02s0033g00610 -3.08647315979963 0.866476674524379 0.00054538248251436 0.00902194610156578
VIT_18s0001g01760 -6.9050864374178 6.53960785027741 0.000554672577489423 0.00913787625593855
VIT_02s0025g01890 -5.01254214159622 0.600743691432442 0.000555934396918815 0.00914562063202267
VIT_16s0022g01920 -5.6938314542498 -1.12142371935222 0.000560533604029064 0.0092149090343078
VIT_09s0002g03180 -2.08004550567076 0.812803498233882 0.000562284470306791 0.00923093373337333
VIT_00s0273g00020 -3.35826031750526 2.15005996525203 0.00056301347981981 0.00923289565132885
VIT_10s0003g00650 -3.52875384650055 1.2371824996547 0.000564405398409168 0.0092402447469768
VIT_16s0022g02530 -5.39934249591845 -0.314904762274528 0.000565129200779078 0.00924573138110915
VIT_08s0007g01420 -3.03382837602385 1.38542029648641 0.000566169076587392 0.00925121103529333
VIT_06s0004g08030 -4.68967292677372 1.06940004319624 0.000568050960661121 0.0092628549793721
VIT_00s0269g00140 -4.86145048336541 2.04808545522524 0.000568122810446607 0.0092628549793721
VIT_00s0181g00130 -2.15591260428144 4.39934389090514 0.000570009751644225 0.00928725477541974
VIT_12s0034g01120 -3.22126331840358 -0.443386847001517 0.000571275548004529 0.00929370094909279
VIT_00s1022g00010 -2.98365509142215 -0.350384408137692 0.000571577454536857 0.00929370094909279
VIT_11s0065g01150 -7.01229411718005 0.0064633429846027 0.000573932501239844 0.00932561908435342
VIT_05s0102g00030 -5.18967671587464 1.72626242031644 0.000584846045821474 0.00945074823805177
VIT_14s0066g02050 -13.1097419909638 1.93603015217997 0.000595582809764728 0.00957925887672979
VIT_00s2504g00010 -4.2906358398199 -0.95214926532344 0.000598957227829769 0.00962572345204682
VIT_00s2265g00010 -5.36564276124044 -0.483438578703605 0.00060555563851289 0.00969378030211616
VIT_04s0023g00270 -4.79387622492998 -1.6658695591315 0.000608380809425693 0.00971938394534478
VIT_09s0002g03560 -4.69391210919535 2.54993378196339 0.000612881041066187 0.00977814500662808
VIT_14s0068g00120 -3.53404237328173 -0.140383968229931 0.000618622894705314 0.00983676565457888
VIT_14s0030g00240 -3.92435436557728 2.17978281440571 0.000624569264016876 0.00990240868526282
VIT_11s0052g01550 -4.12835277931988 -0.122923177207057 0.000624832496913549 0.00990240868526282
VIT_19s0085g00430 -1.72163470193999 0.891188455556978 0.000628784011481353 0.00995177249841545
VIT_18s0001g11780 -1.96278738313668 -0.362386530127873 0.0006311960985476 0.00997667295166133
VIT_00s0333g00010 -5.58708586834638 0.831800301152884 0.000633480021414446 0.00999285328210003
VIT_00s0266g00070 -11.5982197708 2.56359146223875 0.000634235962999917 0.00999396253325293
VIT_15s0046g00380 -2.61835866162791 -0.14590106314456 0.000636432926397828 0.0100128746383277
VIT_07s0005g01500 -7.15392755602215 -1.19717674833676 0.0006369429248667 0.0100142751465493
VIT_02s0025g01760 -6.68246889517577 1.08262667441134 0.000644700550783193 0.0100962058604546
VIT_00s0787g00010 -2.63522333957219 0.302283247946288 0.000646882783033519 0.0101170595942152
VIT_00s0762g00010 -7.8919237116181 -0.0366024086233205 0.000649997996517878 0.0101457692527344
VIT_13s0019g02450 -1.98864835895666 1.48082274104006 0.000650474560292115 0.0101465500591665
VIT_09s0002g09020 -5.51991445840568 2.02059145867843 0.000651169284991419 0.0101466801656531
VIT_16s0039g02290 -3.21372020668345 3.47031960412481 0.000674296997666831 0.0104156993379861
VIT_14s0006g02090 -3.77125106488798 -0.491717141311782 0.000675787684040674 0.0104319516080205
VIT_06s0004g02060 -3.59462666150182 4.25679423211527 0.000677638209343006 0.0104523596901775
VIT_09s0054g00360 -8.62781034815001 -0.504738777209879 0.000683590387077288 0.0105043116769283
VIT_08s0007g05210 -2.57267153656185 4.93366747029821 0.000698687949279321 0.01068676248777
VIT_19s0014g02400 -8.1896221996339 1.54499322109123 0.000705085442040921 0.0107607688741301
VIT_16s0022g00290 -8.96421463701913 1.26738066046024 0.000705231153302878 0.0107607688741301
VIT_00s0194g00350 -5.66685005277953 0.429224684837816 0.000716641985505291 0.0108913334433898
VIT_17s0053g00570 -8.30419855720909 -0.443336253533938 0.000718815423597991 0.010898139768355
VIT_07s0129g00570 -2.17545624340173 1.34706510273442 0.000750619838305659 0.0113297872548319
VIT_07s0197g00020 -4.5258649136245 -0.13690490013404 0.000753128182713849 0.0113532798577955
VIT_12s0028g02480 -7.67538986679947 0.51470925189168 0.000766290899804442 0.0114973793289019
VIT_16s0022g01670 -4.36800248510024 0.725386409935345 0.000766919372201565 0.0114973793289019
VIT_19s0090g01750 -2.81302355020314 0.125133051420561 0.000769702307331136 0.0115300242360158
VIT_07s0151g01130 -2.5152870615237 3.37857505157327 0.000783568533822793 0.0116906231425279
VIT_06s0004g07700 -1.82681072411247 1.36110223431808 0.000803846601374663 0.0119452442739056
VIT_05s0029g00790 -7.54187236816507 -1.35578229668849 0.000804626168487339 0.011947844754043
VIT_03s0088g00680 -7.50964125721747 3.95196671381478 0.000805573499574708 0.011954449412279
VIT_03s0091g01230 -6.87019226894901 0.0260003601779568 0.000807363209778575 0.0119667006832842
VIT_00s0227g00080 -4.56095755323646 -0.12368510256733 0.000810180971763029 0.0119928966747349
VIT_00s0462g00010 -3.59083416488542 1.41786285616942 0.000819942432769633 0.0121147767644249
VIT_09s0018g01170 -2.52493551798634 -1.35824963744321 0.000827563877639252 0.0121669280106814
VIT_14s0128g00090 -2.18547782756598 0.864000673998227 0.000829730623251061 0.0121897417933301
VIT_00s0389g00010 -5.79034930136838 -1.3273706562281 0.000843353242258904 0.0123262375870148
VIT_16s0039g02610 -7.64612522707687 -1.21785304660732 0.000843581418852369 0.0123262375870148
VIT_18s0075g01100 -4.60007560021419 -0.882893964607814 0.000852729274336514 0.0124369858846824
VIT_13s0084g00450 -4.54961328925711 0.0930900853402326 0.000861239457727206 0.0124946223205287
VIT_16s0022g02030 -4.69643710917044 5.32725551369928 0.000873154387001376 0.0126135198178072
VIT_14s0068g01350 -4.95720608298934 -0.294624195279944 0.000883893850962183 0.0127353524692237
VIT_05s0051g00530 -7.72367577875925 -0.238951901191336 0.000885866648232903 0.0127483338343402
VIT_09s0096g00350 -5.5679009971368 -1.41250908617362 0.000887829849264655 0.0127688612178401
VIT_15s0048g02900 -2.29046670367786 2.03240120167387 0.000892235346712779 0.0128036538996956
VIT_09s0070g00960 -3.37081736930352 0.317579894760179 0.000892640903559185 0.0128036538996956
VIT_00s2341g00010 -3.03898323550933 5.02738897563131 0.000892940214376784 0.0128036538996956
VIT_12s0034g00390 -5.81625252074486 -0.979015427009231 0.000895014861664302 0.0128179491446541
VIT_19s0014g01580 -1.7029522583319 4.39009071364952 0.000898859569755366 0.0128652656109149
VIT_15s0046g02820 -2.66207378445835 2.74040178487708 0.000900897582278357 0.0128655917348859
VIT_07s0005g06040 -5.51147849674457 1.20520996057799 0.000906352558688183 0.0129258481211478
VIT_06s0061g00260 -3.79248691872672 4.52865358949099 0.000917106586140449 0.0130557339743321
VIT_12s0028g01880 -10.0045199609419 0.132874985999483 0.0009226135456834 0.0131248515251573
VIT_04s0044g02000 -8.20784309707883 1.28324775052885 0.000925337091937763 0.0131492943506664
VIT_00s2769g00010 -2.43219515672336 1.53207025834779 0.000931560787227267 0.0132029387063178
VIT_02s0488g00010 -2.52469764747948 -0.743008837763108 0.000941634137361421 0.0132578857813405
VIT_13s0106g00120 -5.87407756653116 1.00198820387075 0.000946847412259753 0.0132880730519836
VIT_16s0115g00190 -2.51435150500679 3.01720210377909 0.000947392462424925 0.0132880730519836
VIT_05s0094g00240 -3.76164683575116 3.5580108966453 0.00095839947944496 0.0134345355433334
VIT_14s0006g01290 -4.20040834019628 2.04447336575515 0.000972089733669918 0.0135705779344247
VIT_19s0093g00110 -3.15612021129988 0.224809210396352 0.000984902154450231 0.013709100321862
VIT_00s2313g00010 -3.37949570953564 0.546434004545918 0.000987505140358991 0.0137372937303273
VIT_19s0027g01880 -4.30005518901287 4.84648427096597 0.000988098885330566 0.0137375197453206
VIT_06s0080g00030 -1.5241978627024 5.12684112011762 0.000992952638010502 0.0137888834518353
VIT_01s0011g04840 -1.58709599607657 2.46610940510514 0.000994527682063533 0.0137946498547681
VIT_12s0121g00010 -4.23101525683729 4.1421365354332 0.000998716077154608 0.0138205107872913
VIT_04s0008g01140 -3.47876419209433 2.10390352127561 0.0010006618189271 0.0138313441886332
VIT_11s0016g04260 -3.46150986936174 1.24189701149983 0.00101004477370888 0.013928663812746
VIT_04s0079g00510 -2.3551123881916 0.263493012746398 0.00101255267811546 0.0139551582311765
VIT_09s0002g03570 -3.92979270982032 3.08064580141131 0.00101955068924829 0.0140370930331797
VIT_00s0207g00300 -4.67170144516702 -0.204857493362181 0.00102026794410492 0.0140370930331797
VIT_12s0028g00840 -5.36444021442756 -0.736741094581257 0.00102515996966774 0.0140894120657617
VIT_17s0000g09920 -3.78210898002409 2.45113256947043 0.00102525526676617 0.0140894120657617
VIT_00s2258g00010 -5.18343196988721 -0.071311911017461 0.00102593456988031 0.0140906071295108
VIT_14s0108g01620 -1.83990300361381 3.90597363648782 0.00102855841165454 0.0141103503439667
VIT_03s0017g01750 -2.90812333951415 1.90621584889532 0.00103549644869423 0.0141771719675738
VIT_08s0007g03070 -1.78910946472003 0.831282018321331 0.00103710460387312 0.0141866844835732
VIT_11s0016g04470 -6.68694514716238 -0.45093318736829 0.0010434265163062 0.0142575737580486
VIT_01s0137g00490 -3.05649846135679 0.713634632423624 0.00104348561933591 0.0142575737580486
VIT_13s0101g00230 -5.8348031628758 0.662766751251529 0.00104659730770868 0.0142836814433586
VIT_17s0000g00690 -7.48604689518244 -0.486067825642966 0.00104902064582153 0.0143058363512835
VIT_09s0054g00420 -6.88776651111827 1.98689249530321 0.00105231399975401 0.0143288182176007
VIT_08s0040g00150 -3.8494031821301 2.08313146787184 0.00106159802311925 0.0144304535851205
VIT_12s0034g01340 -4.01714123559679 0.118204362439502 0.00106797711324388 0.0145005933617839
VIT_00s0144g00120 -1.98840281582903 3.45970894044483 0.00106985875047615 0.0145103513335693
VIT_00s0420g00010 -6.19811409094635 -0.32837712283296 0.00107744430223096 0.0145952041599912
VIT_12s0134g00320 -7.61564132986058 -1.16122884660587 0.00108327926572113 0.0146574764007193
VIT_00s0184g00230 -3.98565539996174 1.22723662521064 0.00108384483726523 0.0146574764007193
VIT_13s0047g00910 -5.88395178155221 -1.54946527174247 0.00108580984529743 0.0146590491486579
VIT_00s1405g00020 -1.8653945914932 0.409281146155596 0.00108724238181855 0.0146700634025523
VIT_13s0019g01510 -2.56786864785343 0.949251505494115 0.00108822452322436 0.0146749914730506
VIT_12s0059g02220 -7.46130796079053 -0.84319330993494 0.00110276415221361 0.0148290297641929
VIT_14s0030g00540 -2.726049068104 1.80549755399849 0.00110426421029741 0.0148408118839293
VIT_09s0054g01550 -3.21010155329114 1.65532625482656 0.001108734899589 0.0148505550627382
VIT_00s0184g00190 -3.36451249218377 0.235726804453781 0.00110995642339037 0.0148585500279179
VIT_06s0080g00950 -2.63757019109185 -0.740704391350325 0.00111511576183161 0.0149192203275873
VIT_15s0046g00520 -8.21128500958471 2.80961361078846 0.00112874425527541 0.0150374547815858
VIT_19s0090g00120 -3.86124576645912 2.10281329889668 0.00113630813518903 0.0151167056313329
VIT_07s0031g02820 -2.30788984920224 0.30286464361867 0.00113884882780614 0.0151337570662377
VIT_11s0065g01050 -3.59245827123276 2.47436505917778 0.00114680002020485 0.0152062870014676
VIT_18s0001g05490 -3.08973803527994 0.942900192310658 0.0011509166234924 0.0152438778617133
VIT_14s0036g00810 -5.63136031739686 2.06837769159337 0.00116265660599022 0.0153736939095583
VIT_15s0048g01900 -2.9515666846988 -0.366963037045243 0.00116605969007961 0.0154015701874591
VIT_19s0093g00460 -3.47218850739973 -1.03718680924094 0.00117412764218135 0.0154823438759479
VIT_10s0116g01350 -2.99286310284809 -0.258470586716318 0.00118124065340356 0.0155416773579446
VIT_13s0074g00260 -7.51287389934603 0.309920008008984 0.00118944861209705 0.0156237457672914
VIT_11s0016g01630 -8.87338607658596 0.0174573246886022 0.00119508419663688 0.0156891075439283
VIT_00s0188g00140 -4.20048046618812 0.394291184363082 0.00120942937996989 0.0158142834217544
VIT_14s0068g00400 -3.24470798151813 3.04436114454107 0.00121830414057309 0.0158800103539467
VIT_01s0113g00500 -2.20378736246611 2.79222562831402 0.00122609097194502 0.015937842645152
VIT_03s0110g00220 -7.91707354977029 -0.908739953344308 0.00123122496559002 0.0159871067038511
VIT_13s0019g02460 -4.98140550169469 2.38073307185589 0.001238810345991 0.0160505558335697
VIT_14s0108g00190 -2.55885919994102 2.84393530096086 0.00124251948850548 0.0160898495332435
VIT_11s0052g01140 -2.93965221495961 3.1953599416593 0.00124898310884236 0.0161559598657651
VIT_00s0984g00010 -2.20197695267406 2.01822669952212 0.00126158485207626 0.0162613818211427
VIT_13s0064g00120 -2.99022674476584 -0.858568207678421 0.00126603846633759 0.016301822085744
VIT_13s0019g03980 -1.98813815192111 1.68947224601457 0.0012766788383757 0.0163982916885967
VIT_08s0105g00610 -4.27345318059082 -1.64680078382627 0.00128452147511426 0.0164812280744433
VIT_15s0021g00040 -8.07206891582551 2.59422039348653 0.0012906010842528 0.016541389327697
VIT_00s0228g00010 -4.16896208396348 -0.341163597879947 0.00129324209101561 0.0165478450602178
VIT_16s0039g00570 -3.30589790049337 4.49602378707293 0.00129367569494172 0.0165478450602178
VIT_07s0191g00240 -3.92578062975117 2.37513421181446 0.00129458296860036 0.0165478450602178
VIT_18s0117g00270 -2.85806360678579 3.44649007525965 0.00131174858063411 0.0167133772019948
VIT_11s0103g00160 -7.70591193999591 -0.447559577361676 0.00132401539085485 0.0168180400785931
VIT_03s0110g00090 -2.81239153093691 0.535967209764744 0.00133207421423954 0.0168727546318335
VIT_14s0108g01670 -2.48422974957168 -0.259240307573617 0.00133663104872781 0.0169126486101794
VIT_02s0025g00980 -4.04426426816365 3.0564105929861 0.00136044081534095 0.0171500615343563
VIT_19s0015g00630 -1.83739014500301 -0.697746054342314 0.00137835113121095 0.0173085518007197
VIT_04s0079g00720 -4.07049919397577 -0.895404316859724 0.00139322638421723 0.0174248523805255
VIT_13s0101g00320 -4.58662306297434 0.761617682159133 0.0013970891987631 0.0174548098005129
VIT_11s0016g01310 -7.74267845441634 -0.00158159468398766 0.0014018743000826 0.017505399396517
VIT_06s0061g01450 -2.21437190964472 1.95975134784449 0.00140291057819686 0.0175091483914727
VIT_05s0094g00960 -2.59965763067516 1.75861294754516 0.00140376182918807 0.0175105854183146
VIT_16s0098g00020 -4.44679930248004 1.04466384303657 0.00140991368973683 0.0175700386573883
VIT_04s0069g00330 -4.02709612586601 -0.280917752708776 0.00141803030505521 0.0176238792563497
VIT_14s0060g00900 -2.10653181231234 7.55968725947827 0.00142011348043295 0.0176405532493677
VIT_00s0888g00010 -2.11810551382974 1.03935156191688 0.00143449363045491 0.017782039854748
VIT_07s0005g02490 -2.03255017363144 0.78489536478646 0.00144878914049387 0.0179384729575406
VIT_00s0282g00050 -7.89905005098153 -0.452713924947218 0.00145097654386757 0.0179489495712541
VIT_11s0052g01530 -6.51014038758953 -1.64629221738979 0.00145422788944562 0.0179611490312214
VIT_07s0141g00460 -6.08115450004336 0.524911697783805 0.00146776070075149 0.0180719935556297
VIT_18s0001g08350 -1.92605710586452 -0.976625192230942 0.00148313353780949 0.0182235436970104
VIT_02s0025g02690 -3.43423401293475 4.76920343516835 0.00148774605846307 0.0182707812280432
VIT_14s0060g01810 -2.70432844868387 1.26141771769746 0.0014985646452048 0.0183835991994425
VIT_00s0144g00220 -4.00220052760407 1.19497904446695 0.00150002379544804 0.0183835991994425
VIT_04s0008g04790 -2.05760274490331 1.17672853832979 0.00151392387227245 0.0185062800994949
VIT_01s0010g02070 -1.89753587236223 1.0270835038303 0.00153425212433302 0.018692524428426
VIT_15s0046g03760 -4.41603193921241 0.358872909223406 0.00153466034171498 0.018692524428426
VIT_13s0067g01160 -7.14159578937471 -1.04895275220347 0.00154764739492821 0.0188025721300062
VIT_19s0014g01700 -3.2947339065592 2.22182333192506 0.00155146624580751 0.018829734211872
VIT_05s0094g00710 -7.78328647746661 0.511203366487537 0.0015570162892954 0.0188778305248517
VIT_07s0141g01050 -8.5310887510997 3.63875394908244 0.00156126426601443 0.0189023078987694
VIT_00s0872g00010 -3.00086607738972 0.259637969598421 0.0015705996434109 0.0189651900088622
VIT_13s0067g02090 -1.61326765366761 4.06951750040423 0.00159392711857803 0.0191899297617388
VIT_00s1536g00010 -2.3907013321566 -0.726866211507508 0.00159627107748229 0.0191984039156041
VIT_16s0050g01900 -3.07553844133938 1.40429223636145 0.00159768189288563 0.0192044754259543
VIT_07s0255g00130 -5.08608311723245 1.16328562205489 0.00160057102638247 0.0192100825305682
VIT_00s0483g00030 -5.39553773008654 0.874575263787994 0.00160314371510315 0.0192177393530685
VIT_05s0102g01050 -4.19203717940036 0.328056805456238 0.00160333850575562 0.0192177393530685
VIT_15s0021g01700 -2.36580370293634 0.483707585492097 0.00162012980253298 0.0193472127222161
VIT_08s0058g00740 -1.507049789107 4.70737623765907 0.0016227748188457 0.0193593617806928
VIT_00s0324g00070 -4.83873879808671 4.58568988506844 0.00163652830471927 0.0194941088195603
VIT_08s0040g02720 -3.65120018865138 -0.699610955631173 0.0016528881904216 0.0196300071261852
VIT_14s0068g01210 -2.74333703161187 1.8286424894436 0.00165577181036871 0.0196544410304646
VIT_18s0001g06040 -2.10166537527978 2.64412711743127 0.00165748969435457 0.0196646445458854
VIT_01s0011g02600 -8.56767131046768 1.02142760169793 0.00165828472166832 0.0196646445458854
VIT_06s0009g00530 -4.17493861623567 -0.271700536575654 0.00167066776367281 0.0197819038139616
VIT_02s0012g00670 -4.28841438508677 -1.03926460762317 0.00167221381093 0.0197903592708471
VIT_01s0011g06430 -2.14790312729744 4.99195357700704 0.00168967001644918 0.0199572345339091
VIT_10s0116g01280 -2.36181568630448 3.59558133273439 0.00170077910073818 0.020068518476369
VIT_04s0008g03940 -2.14905938260087 2.48546272566181 0.00170194040523503 0.0200722649279776
VIT_03s0063g02330 -2.34059401924038 0.0169761849194058 0.00170712826570216 0.0201135052919876
VIT_08s0058g00860 -2.9476058014665 1.65317176625745 0.00170814301595956 0.0201154980513099
VIT_13s0067g03890 -1.63482727015243 5.60662576242769 0.00170993184357624 0.0201266000470022
VIT_19s0014g04090 -2.92314863774286 1.37385071027724 0.00171379367039273 0.02015859301917
VIT_18s0001g14740 -6.73817757213918 0.868310543870735 0.00172139430460608 0.0202314860266647
VIT_11s0016g04670 -3.28264553343908 2.64712858820392 0.00172532308736652 0.0202676472109998
VIT_01s0011g00860 -5.71021114426951 -0.850911629780101 0.00173331008596024 0.0203113203570552
VIT_16s0039g02720 -2.01339313761366 3.42792150086425 0.00173524933761306 0.0203155736480046
VIT_11s0103g00180 -5.2837202308006 -0.860127010909235 0.00175458324865251 0.0204497924149662
VIT_00s0822g00010 -4.71896506357964 1.16425779448306 0.00176368194188967 0.0205228366389557
VIT_11s0065g01030 -2.0471244441937 1.07629672858376 0.00177078231230199 0.0205881572067643
VIT_18s0086g00430 -2.21744474340667 1.72776751361766 0.00177449132647961 0.0206111326534653
VIT_18s0001g03840 -5.02950866562406 -0.999890994983196 0.00178914744334805 0.020720661821988
VIT_18s0001g02580 -2.70087582482363 -1.4183348214305 0.00179193421030895 0.0207428374670702
VIT_16s0050g00350 -4.95216348562503 3.0389128048476 0.00179348690946704 0.0207507133280165
VIT_11s0052g00420 -3.50136229746053 0.974466133940628 0.00179565829394574 0.0207556460137908
VIT_00s0407g00040 -7.5390245026734 1.71365450220186 0.00179707747820085 0.020761961656844
VIT_08s0007g02560 -2.88063151386492 1.84191247407317 0.00182416469168279 0.0209819640120132
VIT_09s0002g06290 -2.94537091117352 0.754613247048855 0.00182494045488714 0.0209819640120132
VIT_05s0077g02230 -9.00992598174574 2.22672671904434 0.00182597021656215 0.0209836615997973
VIT_03s0038g02020 -3.7500985024335 -0.35199369501401 0.00183823964155255 0.0210636052954008
VIT_11s0065g00720 -4.28918992385867 4.39036258060751 0.00184154948888254 0.0210913718062291
VIT_19s0093g00220 -2.46044734224567 5.62423186651931 0.00184388239169151 0.0211079279757255
VIT_01s0011g04260 -6.01011189539671 2.30336153051619 0.00184915476473717 0.0211479295882538
VIT_17s0000g02930 -9.85697717796768 1.88229186387863 0.00186525367113269 0.021270687597749
VIT_16s0050g00020 -3.8465746882585 2.07488497522523 0.00187007627874378 0.0212896989699542
VIT_16s0100g00550 -6.46481619207803 -0.629066025410301 0.00187139568463823 0.0212896989699542
VIT_15s0024g00830 -1.84849553800273 -0.146340873903483 0.00188030486082192 0.0213706125318833
VIT_15s0024g01490 -6.34223804576378 -1.51771628182911 0.00188814155451102 0.0214391939373309
VIT_08s0056g00600 -3.36837710674977 1.01027451669259 0.00189685969818989 0.0214971407815822
VIT_08s0040g01780 -3.5391651346563 2.10553899915643 0.00190343959534189 0.0215409234509957
VIT_19s0014g03220 -2.14850392608309 2.42699699426701 0.00191779611834258 0.0216624166820625
VIT_00s0259g00180 -3.00996949597061 0.987377945363056 0.00192920337955969 0.0217326141181513
VIT_18s0075g00260 -6.18264420888685 0.37153580589443 0.00194462130723967 0.0218613665673995
VIT_12s0059g01850 -2.16925619324867 1.89434520285701 0.00194979492567622 0.0218884953713949
VIT_00s2478g00010 -7.64842596774771 -0.837892675600567 0.00197538636048414 0.0220780046682664
VIT_06s0009g02710 -1.59504896631108 4.50978839071514 0.00197667492911418 0.0220780046682664
VIT_03s0167g00010 -10.0032931690291 0.979964270727097 0.00198442746471326 0.0221518350683242
VIT_19s0015g00510 -4.84133520263693 3.88376325009226 0.00199388350118995 0.0222220927314855
VIT_02s0012g02600 -1.70150506285115 1.64238768745965 0.00199445043404561 0.0222220927314855
VIT_15s0046g03190 -2.99234933922591 2.81275412781427 0.00203290516728291 0.022513383668215
VIT_06s0004g02760 -3.91158177220061 1.17815387774152 0.00203661345665698 0.0225229943779434
VIT_03s0017g01720 -6.30197801923511 0.233545355706389 0.0020523506227688 0.0226549033013569
VIT_18s0041g01270 -2.97578078273401 2.48041285517328 0.00206199790338424 0.0227323709198572
VIT_15s0046g03080 -2.94919986196931 1.54785684508577 0.00206505259044436 0.0227528814365403
VIT_07s0005g06650 -6.86687771150186 -1.40445708652831 0.0020770047376517 0.0228529372719949
VIT_00s0378g00040 -2.57726357889032 1.9030075929544 0.00207775118095404 0.0228529372719949
VIT_06s0080g00040 -3.62681809453041 -0.188061027164663 0.00209185599076336 0.0229843280869648
VIT_12s0034g01800 -3.24652170636032 -0.67477386304207 0.00210099907198197 0.0230528440610272
VIT_12s0034g00100 -4.75872948984453 0.872145398441493 0.0021046985804058 0.0230721519957111
VIT_01s0026g00400 -7.33360242086311 -1.1715746620023 0.00210609429356729 0.0230768176210865
VIT_10s0003g05650 -2.47787022483236 -0.316702294431637 0.00212012215934772 0.0231878004260063
VIT_05s0136g00130 -6.38999257993046 -0.553337419451893 0.00212447448988238 0.0232192550147692
VIT_00s1205g00020 -1.95443578587898 -1.57671822155456 0.00213191615854655 0.0232633126511492
VIT_00s0598g00010 -3.49390828011003 1.24403705922241 0.00213396002487345 0.0232749385931635
VIT_18s0041g02020 -3.79670362625613 0.537604779420513 0.00215121010306597 0.0234308543643467
VIT_07s0095g00190 -8.4994753462545 1.575655001613 0.0021533308723446 0.0234432195841343
VIT_09s0002g00140 -3.43368155253016 -0.121479462682839 0.00216410849643036 0.023539009105206
VIT_15s0107g00090 -4.25207394441321 -1.06017751164892 0.00218498796942514 0.0237149833619303
VIT_00s0246g00090 -2.27332119295245 2.15984091296798 0.0021854691869292 0.0237149833619303
VIT_18s0001g06510 -3.43858781441804 0.262106900984473 0.00218657844519505 0.0237149833619303
VIT_01s0010g02800 -2.16768943376468 1.7062309663498 0.00218672810665043 0.0237149833619303
VIT_16s0050g00200 -3.97997815565492 1.09465671478174 0.00218726557491488 0.0237149833619303
VIT_16s0115g00200 -3.53602544123757 2.94275953762486 0.00218838235968994 0.0237162822652867
VIT_00s0936g00010 -2.13516055836998 0.596955272352609 0.00219399035388415 0.0237662306640237
VIT_19s0014g02010 -2.21486994805917 -1.57828318310905 0.00220823615010828 0.0238770552448981
VIT_14s0036g00820 -8.54206638758814 -0.124763675387758 0.00223137588685562 0.0240398413027725
VIT_05s0062g00670 -4.78325973689848 -0.0122015679396081 0.00223941370242479 0.0241046032367787
VIT_01s0026g01490 -2.04004336470701 4.38898429552335 0.00224327436790342 0.024112149752874
VIT_00s0490g00010 -12.1461816978328 6.48183648475548 0.00224400271848215 0.024112149752874
VIT_04s0023g02360 -5.22006547678871 1.66509674941068 0.00224416931027674 0.024112149752874
VIT_03s0088g00840 -8.60998412665924 -0.559544547295478 0.00224657475834629 0.0241243369717248
VIT_19s0093g00190 -7.05915195663518 7.65060334761955 0.00225036501697243 0.0241352278191339
VIT_05s0029g00520 -7.26100120348622 -0.664958197132008 0.00226623153210421 0.0242724519071116
VIT_03s0063g02320 -3.48792280653022 -1.35619524328987 0.00228338390582 0.0244012292684843
VIT_06s0004g07190 -2.40234374005834 0.266836193227666 0.00229213396972351 0.0244837372571993
VIT_13s0106g00810 -1.90912175543673 -0.594075456363211 0.00230119543746543 0.0245463544964828
VIT_10s0071g00250 -5.07598017228875 1.9941927925664 0.00230168649954434 0.0245463544964828
VIT_05s0102g00880 -7.64048428899034 5.80542911330101 0.00230365541299835 0.0245516823317226
VIT_07s0031g01080 -4.56547932351145 0.216655694402001 0.00230599636367753 0.0245605509255334
VIT_10s0003g00960 -2.99196672971027 3.57268801257237 0.00232281422048073 0.0246784746211682
VIT_18s0001g03870 -1.80124257724808 -0.623360883736862 0.00232460959236339 0.0246865236531876
VIT_09s0002g01300 -9.22961971318064 0.477334613209739 0.00233238759423835 0.0247359946909237
VIT_14s0066g01330 -4.37617039108697 3.28393533542169 0.00233388947570159 0.0247408925347546
VIT_05s0062g00920 -7.95818353196272 -0.47883856048881 0.00235275603268092 0.0249075925702775
VIT_07s0129g00810 -5.27161051888622 0.571544796506714 0.00235567259404407 0.0249103936072727
VIT_19s0135g00160 -9.11388949992855 0.0537950192189292 0.00236199111646875 0.0249609261121984
VIT_03s0038g02660 -2.28294145116089 3.00594929101678 0.00236732310284195 0.0249728966609332
VIT_09s0002g02260 -4.98126206608017 0.557500443467202 0.00236970167835771 0.0249758367411489
VIT_13s0175g00150 -1.66634875528066 3.3071560727099 0.00239217765588393 0.0251347712359394
VIT_12s0059g01430 -2.04824549154033 4.52403789228352 0.00240888162520742 0.0252433815420415
VIT_17s0000g08420 -2.1213184923749 0.570370042806044 0.00241297810348695 0.0252589954295722
VIT_16s0050g00730 -3.49921414447074 -1.34333415850787 0.00241355711330997 0.0252589954295722
VIT_11s0016g03810 -3.36709116633758 0.527689573291195 0.00243320491353075 0.0254087262875635
VIT_09s0002g03270 -2.21513757512187 0.704768982478483 0.00244816261491701 0.0255201105537448
VIT_00s0160g00100 -4.74820838259024 1.52914175877356 0.00247655047781603 0.025737082903577
VIT_00s0204g00020 -1.78678735136262 3.64570244483732 0.00247821685326035 0.0257394039863467
VIT_16s0013g02170 -3.26258157637708 -0.0583939703288886 0.00247895547597014 0.0257394039863467
VIT_10s0003g04670 -1.69177830847183 6.55068062510768 0.00248474052278996 0.0257394039863467
VIT_07s0151g00010 -3.61508506149048 2.60972882440783 0.00248729255754966 0.0257394039863467
VIT_18s0041g01800 -7.26882329255651 -1.74769243320835 0.00248742679493141 0.0257394039863467
VIT_05s0102g00630 -2.68873441935269 -0.937267798238021 0.00249054372186428 0.0257587191546555
VIT_18s0166g00080 -4.10214727750308 2.29652831817404 0.00249610187463423 0.0257917874801493
VIT_04s0044g00870 -1.84695540263553 2.66269651598839 0.00250082174988275 0.0257917874801493
VIT_15s0048g00580 -2.41026130839405 3.32254889793393 0.00250787612332253 0.0258480750526847
VIT_16s0039g02740 -1.84388011548957 1.12293548121948 0.0025934689353476 0.0264778708300638
VIT_00s0706g00010 -8.47480755623263 -0.169707203878469 0.00260281274965013 0.0265504758527776
VIT_03s0063g01150 -3.86975104866191 5.38754263226063 0.00260851539183459 0.0265630839644525
VIT_12s0055g00470 -3.06093112042904 0.859345698049963 0.00261068460882472 0.0265737978068987
VIT_06s0004g03510 -4.71799894880118 0.0883615157532119 0.00262149401101797 0.0266578802548329
VIT_12s0035g02120 -5.13067080456064 3.757764506205 0.00262230703700643 0.0266578802548329
VIT_04s0008g03220 -1.58349614413292 4.08429917829962 0.00263377700059235 0.0267630445493767
VIT_00s0198g00140 -1.60182540117989 2.1804392634172 0.00264324914836606 0.0268363682207989
VIT_05s0051g00540 -2.12090301204808 1.28535823520356 0.002665152947977 0.0269896374314504
VIT_00s2642g00010 -1.73227165382914 0.115122458525436 0.00266940368059258 0.0270096872624144
VIT_10s0003g03310 -2.08408107312019 1.60167416967523 0.00267801704927789 0.0270738077213015
VIT_00s0317g00140 -3.49249582088553 1.2674078199206 0.00269254441393523 0.0271773357846347
VIT_07s0104g00250 -1.65943263436684 2.36454751111834 0.00269396997562504 0.0271773357846347
VIT_19s0027g00680 -4.5093142519324 -0.744146981435996 0.00269890217337532 0.0271809842930788
VIT_12s0059g00440 -6.81301452912908 5.36128697127874 0.00272785044176408 0.0273859213001092
VIT_07s0095g00060 -5.57554220335133 0.383484818726568 0.00272846113507899 0.0273859213001092
VIT_04s0008g04450 -2.34539441230026 0.361290343897184 0.00273260977009147 0.0273928871516796
VIT_09s0054g01890 -2.14202799878613 0.513104612312217 0.00275866173810386 0.0275958979924368
VIT_15s0021g02690 -2.59605343021842 3.17330442278174 0.00276061675847097 0.0276038467635592
VIT_08s0007g08050 -1.71479703594404 6.63352133091777 0.00279407763145016 0.0278712007865643
VIT_01s0127g00780 -7.75873225965249 -1.09214949220874 0.00282563974715481 0.0280929897766661
VIT_07s0005g06580 -5.59499289351276 -2.22601033146312 0.00282609738722979 0.0280929897766661
VIT_16s0050g01790 -6.84741923626018 -0.280977595607001 0.00284017119952485 0.0281978265835965
VIT_07s0005g03170 -2.11084867172566 4.29239172684938 0.00285417747718677 0.0283014480313959
VIT_00s0174g00250 -6.08288506506471 -1.06834398770999 0.00289619400095097 0.0285632930740555
VIT_02s0087g00570 -1.64635955456663 2.02326332168144 0.00291237543976248 0.0286634617133098
VIT_18s0001g01230 -5.18390013370308 0.162303762835274 0.00291496406705216 0.0286770741220169
VIT_02s0025g00970 -2.66597496182989 2.12966688651366 0.00291778533651259 0.0286811064400667
VIT_15s0048g01130 -3.61791329468937 3.87200728980826 0.00295095508727179 0.0289473482952665
VIT_18s0001g12580 -2.27070804006301 3.23744848286626 0.00295277022489872 0.0289500869464201
VIT_00s0173g00040 -3.33245729814777 -0.794632300683003 0.00295925341241181 0.0289521094118593
VIT_03s0017g00620 -2.07807321034487 1.08202067677169 0.00299459450490105 0.0291987069940131
VIT_00s2579g00010 -2.02188494201681 6.53845161408894 0.00299621841989179 0.0291987069940131
VIT_00s0279g00070 -5.60225005512389 -0.0754718797909105 0.00304428263434479 0.02957614028827
VIT_18s0001g12990 -1.60098969988118 3.04265711135262 0.00305408211873674 0.0296411690903752
VIT_15s0048g01770 -1.84749877008268 0.79118293621584 0.00306140089860586 0.0296879757749842
VIT_09s0018g00200 -8.26938337464043 -1.60227205924073 0.00307694607996536 0.0298022774227263
VIT_00s2255g00010 -2.99233941696207 1.87679783963302 0.00309351022517438 0.0299261574772054
VIT_11s0052g00790 -3.84417002118167 5.32034419843462 0.00313266251504151 0.0302434155469998
VIT_05s0102g00610 -4.63631677393683 1.54765923024133 0.0031391889703356 0.0302941286922285
VIT_10s0042g00900 -4.21524568532361 -0.947506822738829 0.00314317199749185 0.0303202658054891
VIT_00s0250g00090 -7.10831350822415 -0.883593286787868 0.00315173106824666 0.0303658884777041
VIT_10s0003g01970 -2.54642119144376 -1.04813132061159 0.00315492741928885 0.0303843779149972
VIT_19s0093g00130 -5.2354222484685 -0.607029701775445 0.00316474722019136 0.0304501490561497
VIT_17s0000g07660 -8.69047719029424 -0.484689003267087 0.0031774299075369 0.0305269396770952
VIT_04s0008g04150 -3.25567326017066 2.95576569623085 0.00321439433692953 0.0308198357464247
VIT_01s0244g00130 -3.54243288010132 2.13324071195672 0.00324369975701546 0.031050756466754
VIT_05s0029g00130 -2.58128039808928 2.94328423919595 0.00326940121226031 0.0312366424559256
VIT_08s0040g03390 -2.33047968299329 1.07946579103221 0.0032752340432027 0.0312536609910694
VIT_11s0016g03160 -3.66578303867743 1.32736414245384 0.00328096867217579 0.0312816363822516
VIT_08s0007g04060 -3.44669054918343 3.24972299862369 0.00331249268104215 0.031481252855226
VIT_12s0055g00180 -7.77855058179361 -1.25137832376015 0.00332941742088201 0.0316042225091545
VIT_14s0060g01800 -2.21054671232057 -0.850211185148368 0.00333660796641666 0.0316598445572874
VIT_13s0067g00850 -2.03010475731658 1.16387218549628 0.00333857439330739 0.0316658722759156
VIT_02s0025g03610 -2.91047591989104 5.35397271209226 0.00335654943023935 0.0318109951579816
VIT_11s0016g02350 -1.89876169385556 3.44366286447881 0.00336379542347428 0.0318416098422627
VIT_01s0010g03590 -4.48709374895107 2.44029479702222 0.00339020987908249 0.0320279239887269
VIT_10s0003g01630 -1.64522533184453 -0.797393658139752 0.00339464457252867 0.0320570881664597
VIT_07s0130g00240 -2.16932751649766 -0.402407995089519 0.00339749971035884 0.0320713186944509
VIT_19s0014g04080 -4.89727271437121 0.210751260619248 0.00339908911322515 0.032073594536057
VIT_00s0437g00070 -8.08097198847109 -1.13458948475848 0.00342489582567839 0.0322276194229579
VIT_17s0000g08060 -2.1027204899981 1.15134674109702 0.00349312902119871 0.032740170668351
VIT_00s0211g00090 -4.362336262955 2.54186203543247 0.00349859627429726 0.0327607705789259
VIT_00s0291g00030 -6.56709425255005 -0.602499165475872 0.00349945846817936 0.0327607705789259
VIT_02s0012g00810 -9.94589557681822 0.762599171661402 0.00350312901953116 0.0327822317531893
VIT_09s0002g01340 -6.70177419269216 -0.742439959658074 0.00351336358630518 0.032865077857266
VIT_13s0067g01810 -4.53498782614735 -0.348760841371541 0.00351618709055293 0.0328785607350917
VIT_18s0001g15330 -2.9177133518248 3.72246331548957 0.00353770079453655 0.0330407642326013
VIT_01s0011g02210 -3.2708284104188 0.322290303468948 0.00354156369802342 0.0330580829498343
VIT_07s0005g02800 -2.46596138979187 2.68849889692309 0.00355930100696747 0.0331471994159181
VIT_18s0001g13540 -1.80526501065033 0.0156335655693532 0.00356024443028715 0.0331471994159181
VIT_07s0104g01230 -3.86089949772706 2.24637339209511 0.0035628562013908 0.0331585380746027
VIT_00s0820g00020 -2.40805977605644 1.95313223530253 0.00359447096734371 0.0334095508902942
VIT_04s0044g00230 -7.29232529069807 -0.36495268673662 0.00361024760701036 0.0335078306966689
VIT_10s0042g00970 -7.04924500714986 -1.76040827971339 0.0036355389581366 0.0337031179797948
VIT_18s0001g14870 -3.42686528880676 2.96490931242108 0.00365511060459665 0.0338318175339086
VIT_03s0038g00630 -1.62767969807212 1.75139741164504 0.00366410053778064 0.0338886561402511
VIT_11s0016g00800 -6.77797426585827 0.494122375074743 0.00366635525662407 0.0338963306819174
VIT_19s0085g00970 -5.55905972234635 -0.518670900823562 0.00368138856049002 0.0340220944354843
VIT_09s0054g01720 -5.3761993322454 0.531902550975122 0.00370784674598127 0.0342134439074486
VIT_05s0124g00480 -6.94552985375973 -0.286135176930801 0.00371473334068749 0.0342529044660872
VIT_08s0040g02400 -1.57222924659716 6.2249909568637 0.00374120176119736 0.034411712149692
VIT_11s0065g00620 -7.59690556890791 -1.10205799351676 0.00374878538086343 0.0344575373415685
VIT_12s0035g01510 -5.692525566559 -1.09439442046323 0.00375637689557492 0.0345006538965005
VIT_19s0085g00460 -4.66179118743025 -0.280371264128318 0.00377850900660827 0.034677149787499
VIT_04s0008g03540 -6.60265968613639 2.19970107286515 0.00377998385542773 0.0346773065765194
VIT_09s0054g01250 -5.08389160230304 0.945015585221744 0.00379786492195909 0.0348279147122447
VIT_01s0026g01220 -4.76468901007325 -1.10869385140556 0.00382038633476258 0.0350048203308531
VIT_09s0002g04380 -2.88199257441664 -0.628259161080101 0.00382157047247459 0.0350048203308531
VIT_04s0023g02550 -6.17738264660209 0.266356324421097 0.0038399982596866 0.0351208639489351
VIT_04s0008g04770 -9.82311217341629 1.1838680498472 0.00384791646906131 0.0351379028660385
VIT_19s0135g00030 -3.58011780765208 -1.18599127629917 0.00385736118143004 0.0351836302852215
VIT_08s0040g02970 -2.04154902769667 2.32592305366938 0.00386547071645116 0.0352297521203428
VIT_17s0000g01670 -2.03243006022396 -0.589744157878236 0.00386659101248439 0.0352297521203428
VIT_06s0061g00240 -2.00465589924408 4.95023413742726 0.00387835003838182 0.0353064045109234
VIT_07s0197g00160 -1.69873671179482 1.75268143315257 0.00387991077096229 0.0353064045109234
VIT_00s0120g00070 -4.40352999151791 -1.47781110114523 0.00389374012087376 0.0354068386832359
VIT_09s0002g02610 -2.69561441520026 0.441700618918192 0.00391339146735252 0.0355312046661762
VIT_18s0001g08080 -1.53780031572699 4.00271486390377 0.00396688276196991 0.0358526622878953
VIT_09s0002g04950 -3.02844903408817 3.40144489891934 0.0039797933497465 0.0359420365238306
VIT_18s0041g00870 -4.01184588674431 1.81679809249122 0.00402184655507123 0.0362392749439524
VIT_09s0002g00760 -1.71750608958952 1.68705570832819 0.00404795663149217 0.0364224287918956
VIT_19s0090g00040 -2.79544365011509 0.802789765936551 0.00408962906766672 0.0366971317471354
VIT_00s0253g00150 -2.90835911610585 0.621689641945818 0.00409567446273273 0.0367375204070461
VIT_09s0002g08050 -7.29058967320853 -0.329453408510561 0.00410078694865214 0.0367695137333347
VIT_00s0184g00220 -2.28013252700711 -0.139359973082216 0.00411606943169996 0.0368371179989762
VIT_07s0005g00540 -4.96474699457863 2.89003141100825 0.00413972637129888 0.0370209815490442
VIT_11s0206g00020 -6.623730241777 -1.37434272749857 0.00421007941786039 0.0375091270382258
VIT_01s0011g06000 -1.68495035344772 3.43562511571311 0.00423126714955291 0.037584322311132
VIT_03s0088g01050 -1.63579563422714 2.06272079950916 0.00423176899000538 0.037584322311132
VIT_13s0064g00810 -2.15806974030914 4.98122651163457 0.00423627869698068 0.0376017155387225
VIT_00s0183g00210 -5.40912365669067 -0.666365458756252 0.00424330173499207 0.0376500043535962
VIT_15s0046g01340 -2.51203568947825 4.06078529742477 0.00425151417117791 0.0376807075648212
VIT_01s0010g02310 -5.54679739329263 0.336481095258317 0.00430845703035824 0.0380577704560571
VIT_00s0169g00040 -1.61279266410659 2.51546517273541 0.00432450267794021 0.0380882999075476
VIT_06s0004g03830 -4.77203400008567 -1.1792213196546 0.00432472246722239 0.0380882999075476
VIT_14s0068g01250 -1.72564361131132 2.46011398109883 0.00433670650367636 0.0381797092188946
VIT_19s0014g00160 -2.60883370515314 7.01717647785801 0.0043467723728419 0.0382541698872228
VIT_11s0052g01680 -6.5052592713782 1.5095565750528 0.00435241981600184 0.0382755499382816
VIT_10s0003g00900 -3.15256502656637 4.3233958346531 0.00440762201060721 0.0385898094914701
VIT_05s0049g00830 -1.52058285947974 1.88700583868182 0.00441454594808477 0.0386126020084466
VIT_00s0193g00170 -6.65899712024943 -1.59959761348038 0.00442363270793251 0.0386446473948948
VIT_01s0011g01220 -7.0996019882336 0.721021568074091 0.00447752624420028 0.0390724117010404
VIT_17s0000g07770 -1.60607248297524 4.10810480037541 0.00450025025173999 0.0391953510912549
VIT_15s0046g02790 -1.53645174196596 1.77109241282039 0.00453733589288521 0.0394496148464742
VIT_19s0093g00360 -6.23268555983089 -1.09973599739853 0.00454997305878447 0.0395161588617616
VIT_00s2600g00010 -3.18283037941867 1.74564316780115 0.00456159606672848 0.0395881967294188
VIT_05s0020g02920 -2.84947131253188 2.0529779094848 0.00461134399066152 0.0398889639454022
VIT_17s0000g05100 -5.632909779577 -0.322242463779111 0.00462100605947758 0.0399231278492396
VIT_13s0064g00900 -1.79390552989591 1.21918224371292 0.00463716415516553 0.0399959611758802
VIT_07s0095g00550 -3.44844037506123 5.55199131066078 0.00466489925854759 0.0401352431845648
VIT_05s0049g00660 -4.07348184397143 5.21085855061726 0.00472158347787458 0.0405330305924506
VIT_03s0088g00900 -3.06107475655152 -0.499792550319719 0.00472769654209366 0.0405708677284718
VIT_02s0025g00250 -2.92305948335701 -0.526008946063892 0.00483794756995626 0.0413769478993981
VIT_09s0002g03290 -10.7925139078236 2.91608186782219 0.00483902257676667 0.0413769478993981
VIT_15s0048g01350 -2.93104251128607 1.65760814556181 0.00485725460071636 0.0414732133674949
VIT_04s0069g00300 -3.36919635026065 -0.592592717449158 0.00488341212422289 0.0416367769215104
VIT_01s0026g00080 -1.70843546086621 1.86705366574657 0.00491871723059785 0.0418178861620664
VIT_04s0023g02540 -2.13024620534538 0.921441896677563 0.00493952101382235 0.0419797520102916
VIT_15s0021g01660 -2.69530113976177 -0.959398277554131 0.00495153886345231 0.0420093332183729
VIT_06s0080g00110 -4.79028114943484 -1.06868744213677 0.00501568095434879 0.0423847312760387
VIT_03s0063g01860 -4.03642882260284 0.135518190307443 0.00502600067848079 0.0424417835071711
VIT_00s0372g00030 -7.15001840905457 1.19386440920275 0.00503368417081403 0.0424463945605544
VIT_18s0041g02150 -4.66202474208068 6.04109749087555 0.0050452468431929 0.0424987010998133
VIT_16s0039g02420 -4.7169695642091 -1.31759600691225 0.00505786168312558 0.0425716542856179
VIT_12s0035g01490 -8.93428564984558 2.25258229493454 0.00505927638580132 0.0425716542856179
VIT_00s0211g00120 -1.88171436762304 5.89240832592379 0.00509405862818259 0.0427886534771213
VIT_07s0031g01370 -3.68787017835747 0.217099756382724 0.00511571752817282 0.042879735222049
VIT_07s0151g00410 -5.66008452139961 2.0880459660261 0.00516180166217517 0.0432051153905077
VIT_11s0052g00240 -2.65415289968646 4.42977121458536 0.00517125500440461 0.0432538024067429
VIT_14s0006g03080 -3.68449285422283 0.35750782581921 0.00518131857292347 0.0433075215083287
VIT_19s0014g04810 -5.55640996983728 3.10189431603605 0.00520130900384033 0.0434593391581854
VIT_05s0062g00640 -2.24562342464926 1.37258179361193 0.00525128205418031 0.0437846118138244
VIT_18s0001g13980 -2.26922177603273 1.02585141633449 0.00526397341990092 0.0438469980715809
VIT_07s0141g01020 -2.03415110853605 0.849548902232118 0.00526429403448945 0.0438469980715809
VIT_10s0003g00790 -2.143565294348 2.61234683855194 0.00526879602209489 0.0438691353775265
VIT_06s0004g06310 -2.8297811406353 -1.93280514578243 0.0052905689397932 0.0439888339530935
VIT_11s0052g01630 -2.68123163869835 4.09801301032993 0.00530848099763459 0.0440876578768766
VIT_03s0110g00110 -8.1504631225061 -0.611712765505502 0.00531172135005584 0.0440876578768766
VIT_09s0002g03970 -3.41819467338309 1.6242225156326 0.00531752109337637 0.0441204017332533
VIT_13s0067g00620 -2.12289802600942 3.50836348932428 0.00532867369593637 0.0441821156775651
VIT_09s0002g05220 -2.88582180036093 -0.0671835108457852 0.00533257903053343 0.0441875715153294
VIT_13s0067g02560 -2.75423181400661 4.0635157936231 0.00539541007245866 0.0445955576107181
VIT_10s0116g01140 -2.51345759567642 -0.0589137957094939 0.00541021921767002 0.044702429576219
VIT_07s0031g01380 -5.3172351029332 1.86729333215484 0.00545634436543041 0.0449119445553144
VIT_10s0003g01980 -1.5669567905645 3.56716380165547 0.00546696797229753 0.0449838236336955
VIT_18s0001g08510 -2.73448606595156 -0.0790885206847482 0.00548899663887166 0.0451265378442268
VIT_16s0039g00290 -2.57902893545893 -0.939319393729434 0.00549000338495007 0.0451265378442268
VIT_12s0034g00270 -4.41633399889253 1.05712239742031 0.00550994611524667 0.045259184457696
VIT_00s0411g00050 -3.8144173007433 0.911267664144552 0.00553118277085112 0.0454179412333471
VIT_09s0002g02980 -1.65645962292053 4.90359857273817 0.00555118696091343 0.0455507538551945
VIT_08s0040g01900 -4.27557749915461 0.258305049269621 0.00559790005390287 0.0458549746839675
VIT_00s0229g00080 -3.89330209141648 2.16816433398345 0.00560618584149932 0.0458714080783492
VIT_01s0150g00240 -3.77975767321627 -1.28940746006647 0.00560761958516224 0.0458714080783492
VIT_13s0019g02860 -5.1778638726763 1.16598667511677 0.00564025358193541 0.0461066502429826
VIT_09s0002g01130 -8.70665382931102 0.350578062613318 0.00566012354894171 0.046249059687243
VIT_07s0141g00090 -3.36772315743525 4.44713045599429 0.00571943355198207 0.0465778450306571
VIT_02s0087g00380 -3.47747017717599 1.33116172959954 0.00572617536658362 0.0466167897400038
VIT_11s0052g00440 -3.76041640539334 2.33139712191117 0.005747877735992 0.046761462237954
VIT_18s0001g14620 -4.56434669811607 4.14848928031587 0.00578059102382506 0.0469633535774421
VIT_00s0254g00030 -4.69918268195738 1.55361274764519 0.00579318252481139 0.0470385225089134
VIT_08s0007g02650 -3.64055754482207 -0.797089628424437 0.00579476338919693 0.0470385225089134
VIT_17s0053g00610 -2.00547353452165 -0.991232518016491 0.00580404951520087 0.0470791197793969
VIT_15s0107g00340 -4.46354901872692 -1.18385378054772 0.00581810542453933 0.0471553975601164
VIT_18s0041g00950 -3.38026627747804 -0.406138256446874 0.00584155214476128 0.0472970872769167
VIT_06s0004g06910 -1.65917625206013 1.42244374238084 0.00584479779647202 0.0473072643696755
VIT_06s0061g00290 -5.76875090024878 -1.14061395714842 0.00585938755528881 0.0473931013822544
VIT_01s0137g00480 -2.39811039007305 0.894369777118979 0.00586680963826777 0.0474328950158759
VIT_14s0006g01420 -1.89875932011188 4.43354108442331 0.00589161656067625 0.0475870686359183
VIT_15s0046g00400 -4.11623942365023 0.817741768265336 0.00589537124895121 0.0475870686359183
VIT_00s0285g00050 -3.16588244472849 0.871675076789758 0.00593024079983333 0.0478036489821875
VIT_07s0129g00160 -2.87464851188655 7.18064112767253 0.00595826736180348 0.0479645563460512
VIT_17s0053g00190 -6.23148366312649 -1.73524043498829 0.00597405540117634 0.0480591240727706
VIT_04s0008g03560 -1.6129867759876 3.96461721448457 0.00598482332920554 0.0481294717224954
VIT_18s0001g02350 -3.84386119384713 4.35808703863869 0.00601463089977327 0.0482768588018742
VIT_02s0033g00740 -4.50378958078535 -1.36736729194793 0.00601532745454662 0.0482768588018742
VIT_15s0107g00230 -5.92341708828826 0.0958046685899335 0.0060509690515065 0.0484647985849282
VIT_00s0960g00010 -1.75077825408903 2.64159723161674 0.0060673110874338 0.0485629865908059
VIT_00s0285g00060 -2.99725623077371 0.691776775518472 0.00609129927046911 0.0486745078509394
VIT_10s0003g04820 -2.17351244955301 0.662284479157382 0.00617835387982127 0.0491540742786583
VIT_18s0001g10850 -8.97781512431525 0.0597960537951003 0.00618682299374889 0.0491728364329851
VIT_13s0067g03510 -3.36188278083739 1.56099778647303 0.00620584344942486 0.049273899858117
VIT_02s0025g03000 -1.61552441716403 2.73986575835615 0.00622979851115735 0.0494146205346486
VIT_05s0062g01290 -4.44654439805562 0.469411818705723 0.00627390935887952 0.0497147754260579
VIT_16s0050g01910 -6.82054790518793 -1.5963142923737 0.00628704410265294 0.0498022661051975
VIT_00s1326g00010 -1.80443421886732 0.236260313902826 0.0062932160347212 0.0498345615958548
VIT_05s0094g01190 -1.75679772055802 2.83548919030349 0.00629655092755033 0.0498443771928677
